L 1 "..\User\fonts\asc24.c"
Nunsigned char const g_Ascii24[] = {
N0x00,0x00,0x00,0x00,0x00,0x00,0x00,0x00,  // - -
N	0x00,0x00,0x00,0x00,0x00,0x00,0x00,0x00,
N	0x00,0x00,0x00,0x00,0x00,0x00,0x00,0x00,
N	0x00,0x00,0x00,0x00,0x00,0x00,0x00,0x00,
N	0x00,0x00,0x00,0x00,0x00,0x00,0x00,0x00,
N	0x00,0x00,0x00,0x00,0x00,0x00,0x00,0x00,
N
N	0x00,0x00,0x02,0x00,0x07,0x00,0x07,0x00,  // -!-
N	0x07,0x00,0x07,0x00,0x07,0x00,0x07,0x00,
N	0x07,0x00,0x07,0x00,0x02,0x00,0x02,0x00,
N	0x02,0x00,0x02,0x00,0x02,0x00,0x02,0x00,
N	0x02,0x00,0x00,0x00,0x00,0x00,0x02,0x00,
N	0x07,0x00,0x07,0x00,0x02,0x00,0x00,0x00,
N
N	0x00,0x00,0x00,0x00,0x39,0xC0,0x39,0xC0,  // -"-
N	0x39,0xC0,0x10,0x80,0x10,0x80,0x10,0x80,
N	0x00,0x00,0x00,0x00,0x00,0x00,0x00,0x00,
N	0x00,0x00,0x00,0x00,0x00,0x00,0x00,0x00,
N	0x00,0x00,0x00,0x00,0x00,0x00,0x00,0x00,
N	0x00,0x00,0x00,0x00,0x00,0x00,0x00,0x00,
N
N	0x00,0x00,0x00,0x00,0x00,0x00,0x00,0x00,  // -#-
N	0x01,0x80,0x31,0x80,0x31,0x80,0x31,0xE0,
N	0x3F,0x80,0xF1,0x80,0x31,0x80,0x31,0x80,
N	0x31,0x80,0x31,0xE0,0x3F,0x80,0xF1,0x80,
N	0x31,0x80,0x31,0x80,0x31,0x80,0x31,0x80,
N	0x30,0x00,0x00,0x00,0x00,0x00,0x00,0x00,
N
N	0x00,0x00,0x00,0x00,0x06,0x00,0x06,0x00,  // -$-
N	0x3F,0xC0,0x66,0x60,0xC6,0x30,0xC6,0x30,
N	0xC6,0x00,0xC6,0x00,0x66,0x00,0x3E,0x00,
N	0x0F,0x80,0x07,0xC0,0x06,0x60,0x06,0x30,
N	0xC6,0x30,0xC6,0x30,0xC6,0x30,0x66,0x60,
N	0x3F,0xC0,0x06,0x00,0x06,0x00,0x00,0x00,
N
N	0x00,0x00,0x00,0x00,0x30,0x00,0x48,0x20,  // -%-
N	0xCC,0x60,0xCC,0x40,0xCC,0xC0,0xCC,0x80,
N	0xCD,0x80,0x4B,0x00,0x32,0x00,0x06,0x00,
N	0x04,0x00,0x0C,0x00,0x09,0x80,0x1A,0x40,
N	0x36,0x60,0x26,0x60,0x66,0x60,0x46,0x60,
N	0xC6,0x60,0x82,0x40,0x01,0x80,0x00,0x00,
N
N	0x00,0x00,0x00,0x00,0x1C,0x00,0x22,0x00,  // -&-
N	0x42,0x00,0x42,0x00,0x42,0x00,0x64,0x00,
N	0x28,0x00,0x30,0x00,0x38,0x00,0x48,0x00,
N	0x4C,0x00,0xC4,0x00,0xC6,0x70,0xC3,0x20,
N	0xC3,0x20,0xC1,0xC0,0xC0,0xC0,0xC1,0xC0,
N	0x67,0x60,0x3C,0x30,0x00,0x00,0x00,0x00,
N
N	0x00,0x00,0x00,0x00,0x07,0x00,0x07,0x00,  // -'-
N	0x07,0x00,0x07,0x00,0x02,0x00,0x02,0x00,
N	0x02,0x00,0x00,0x00,0x00,0x00,0x00,0x00,
N	0x00,0x00,0x00,0x00,0x00,0x00,0x00,0x00,
N	0x00,0x00,0x00,0x00,0x00,0x00,0x00,0x00,
N	0x00,0x00,0x00,0x00,0x00,0x00,0x00,0x00,
N
N	0x00,0x20,0x00,0x40,0x00,0x80,0x01,0x80,  // -(-
N	0x01,0x00,0x03,0x00,0x03,0x00,0x06,0x00,
N	0x06,0x00,0x06,0x00,0x06,0x00,0x06,0x00,
N	0x06,0x00,0x06,0x00,0x06,0x00,0x06,0x00,
N	0x06,0x00,0x03,0x00,0x03,0x00,0x01,0x00,
N	0x01,0x80,0x00,0x80,0x00,0x40,0x00,0x20,
N
N	0x40,0x00,0x20,0x00,0x10,0x00,0x18,0x00,  // -)-
N	0x08,0x00,0x0C,0x00,0x0C,0x00,0x06,0x00,
N	0x06,0x00,0x06,0x00,0x06,0x00,0x06,0x00,
N	0x06,0x00,0x06,0x00,0x06,0x00,0x06,0x00,
N	0x06,0x00,0x0C,0x00,0x0C,0x00,0x08,0x00,
N	0x18,0x00,0x10,0x00,0x20,0x00,0x40,0x00,
N
N	0x00,0x00,0x00,0x00,0x00,0x00,0x00,0x00,  // -*-
N	0x04,0x00,0x0E,0x00,0x0E,0x00,0xC4,0x60,
N	0xE4,0xE0,0x64,0xC0,0x11,0x00,0x00,0x00,
N	0x00,0x00,0x11,0x00,0x64,0xC0,0xE4,0xE0,
N	0xC4,0x60,0x0E,0x00,0x0E,0x00,0x04,0x00,
N	0x00,0x00,0x00,0x00,0x00,0x00,0x00,0x00,
N
N	0x00,0x00,0x00,0x00,0x00,0x00,0x00,0x00,  // -+-
N	0x00,0x00,0x00,0x00,0x00,0x00,0x06,0x00,
N	0x06,0x00,0x06,0x00,0x06,0x00,0x7F,0xE0,
N	0x7F,0xE0,0x06,0x00,0x06,0x00,0x06,0x00,
N	0x06,0x00,0x00,0x00,0x00,0x00,0x00,0x00,
N	0x00,0x00,0x00,0x00,0x00,0x00,0x00,0x00,
N
N	0x00,0x00,0x00,0x00,0x00,0x00,0x00,0x00,  // -,-
N	0x00,0x00,0x00,0x00,0x00,0x00,0x00,0x00,
N	0x00,0x00,0x00,0x00,0x00,0x00,0x00,0x00,
N	0x00,0x00,0x00,0x00,0x00,0x00,0x00,0x00,
N	0x00,0x00,0x0C,0x00,0x1E,0x00,0x1E,0x00,
N	0x0E,0x00,0x06,0x00,0x0C,0x00,0x18,0x00,
N
N	0x00,0x00,0x00,0x00,0x00,0x00,0x00,0x00,  // ---
N	0x00,0x00,0x00,0x00,0x00,0x00,0x00,0x00,
N	0x00,0x00,0x00,0x00,0x00,0x00,0x7F,0xE0,
N	0x7F,0xE0,0x00,0x00,0x00,0x00,0x00,0x00,
N	0x00,0x00,0x00,0x00,0x00,0x00,0x00,0x00,
N	0x00,0x00,0x00,0x00,0x00,0x00,0x00,0x00,
N
N	0x00,0x00,0x00,0x00,0x00,0x00,0x00,0x00,  // -.-
N	0x00,0x00,0x00,0x00,0x00,0x00,0x00,0x00,
N	0x00,0x00,0x00,0x00,0x00,0x00,0x00,0x00,
N	0x00,0x00,0x00,0x00,0x00,0x00,0x00,0x00,
N	0x00,0x00,0x00,0x00,0x0C,0x00,0x1E,0x00,
N	0x1E,0x00,0x0C,0x00,0x00,0x00,0x00,0x00,
N
N	0x00,0x00,0x00,0x20,0x00,0x60,0x00,0x40,  // -/-
N	0x00,0xC0,0x00,0x80,0x01,0x80,0x01,0x00,
N	0x03,0x00,0x02,0x00,0x06,0x00,0x04,0x00,
N	0x0C,0x00,0x08,0x00,0x18,0x00,0x10,0x00,
N	0x30,0x00,0x20,0x00,0x60,0x00,0x40,0x00,
N	0xC0,0x00,0x80,0x00,0x00,0x00,0x00,0x00,
N
N	0x00,0x00,0x00,0x00,0x0E,0x00,0x1B,0x00,  // -0-
N	0x31,0x80,0x31,0x80,0x60,0xC0,0x60,0xC0,
N	0xC0,0x60,0xC0,0x60,0xC0,0x60,0xC0,0x60,
N	0xC0,0x60,0xC0,0x60,0xC0,0x60,0xC0,0x60,
N	0x60,0xC0,0x60,0xC0,0x31,0x80,0x31,0x80,
N	0x1B,0x00,0x0E,0x00,0x00,0x00,0x00,0x00,
N
N	0x00,0x00,0x00,0x00,0x06,0x00,0x1E,0x00,  // -1-
N	0x7E,0x00,0x06,0x00,0x06,0x00,0x06,0x00,
N	0x06,0x00,0x06,0x00,0x06,0x00,0x06,0x00,
N	0x06,0x00,0x06,0x00,0x06,0x00,0x06,0x00,
N	0x06,0x00,0x06,0x00,0x06,0x00,0x06,0x00,
N	0x06,0x00,0x3F,0xC0,0x00,0x00,0x00,0x00,
N
N	0x00,0x00,0x00,0x00,0x1F,0x00,0x31,0x80,  // -2-
N	0x60,0xC0,0xE0,0x60,0xE0,0x60,0x60,0x60,
N	0x00,0x60,0x00,0xC0,0x00,0xC0,0x01,0x80,
N	0x03,0x00,0x06,0x00,0x0C,0x00,0x18,0x00,
N	0x30,0x00,0x70,0x00,0x60,0x20,0xE0,0x20,
N	0xFF,0xE0,0xFF,0xE0,0x00,0x00,0x00,0x00,
N
N	0x00,0x00,0x00,0x00,0x0F,0x00,0x39,0xC0,  // -3-
N	0x70,0xE0,0x70,0x60,0x30,0x60,0x00,0x60,
N	0x00,0xC0,0x01,0x80,0x03,0x00,0x0E,0x00,
N	0x03,0x80,0x00,0xC0,0x00,0x60,0x00,0x60,
N	0x00,0x60,0x60,0x60,0xE0,0x60,0xE0,0xE0,
N	0x71,0xC0,0x3F,0x00,0x00,0x00,0x00,0x00,
N
N	0x00,0x00,0x00,0x00,0x01,0x80,0x03,0x80,  // -4-
N	0x03,0x80,0x07,0x80,0x05,0x80,0x0D,0x80,
N	0x09,0x80,0x19,0x80,0x11,0x80,0x31,0x80,
N	0x21,0x80,0x61,0x80,0x41,0x80,0xC1,0x80,
N	0xFF,0xF0,0x01,0x80,0x01,0x80,0x01,0x80,
N	0x01,0x80,0x07,0xE0,0x00,0x00,0x00,0x00,
N
N	0x00,0x00,0x00,0x00,0x7F,0xC0,0x7F,0xC0,  // -5-
N	0x60,0x00,0x60,0x00,0x60,0x00,0x60,0x00,
N	0x60,0x00,0x67,0x00,0x69,0x80,0x70,0xC0,
N	0x40,0xC0,0x00,0x60,0x00,0x60,0x00,0x60,
N	0x00,0x60,0x60,0x60,0xE0,0xC0,0xE0,0xC0,
N	0x71,0x80,0x3F,0x00,0x00,0x00,0x00,0x00,
N
N	0x00,0x00,0x00,0x00,0x1F,0x00,0x33,0x80,  // -6-
N	0x61,0xC0,0x61,0xC0,0xC1,0x80,0xC0,0x00,
N	0xC0,0x00,0xCF,0x00,0xD1,0x80,0xE0,0xC0,
N	0xC0,0xC0,0xC0,0x60,0xC0,0x60,0xC0,0x60,
N	0xC0,0x60,0xC0,0x60,0x60,0xC0,0x60,0xC0,
N	0x31,0x80,0x1F,0x00,0x00,0x00,0x00,0x00,
N
N	0x00,0x00,0x00,0x00,0x7F,0xE0,0xFF,0xE0,  // -7-
N	0xC0,0x60,0x80,0x40,0x80,0xC0,0x00,0x80,
N	0x01,0x80,0x01,0x00,0x03,0x00,0x03,0x00,
N	0x06,0x00,0x06,0x00,0x06,0x00,0x0C,0x00,
N	0x0C,0x00,0x0C,0x00,0x0C,0x00,0x0C,0x00,
N	0x0C,0x00,0x0C,0x00,0x00,0x00,0x00,0x00,
N
N	0x00,0x00,0x00,0x00,0x1F,0x00,0x31,0x80,  // -8-
N	0x60,0xC0,0x60,0xC0,0x60,0xC0,0x60,0xC0,
N	0x31,0x80,0x1B,0x00,0x0E,0x00,0x1F,0x00,
N	0x31,0x80,0x60,0xC0,0xC0,0x60,0xC0,0x60,
N	0xC0,0x60,0xC0,0x60,0xC0,0x60,0x60,0xC0,
N	0x31,0x80,0x1F,0x00,0x00,0x00,0x00,0x00,
N
N	0x00,0x00,0x00,0x00,0x1F,0x00,0x31,0x80,  // -9-
N	0x60,0xC0,0x60,0xC0,0xC0,0x60,0xC0,0x60,
N	0xC0,0x60,0xC0,0x60,0xC0,0x60,0x60,0x60,
N	0x60,0xE0,0x31,0x60,0x1E,0x60,0x00,0x60,
N	0x00,0x60,0x30,0x60,0x70,0xC0,0x70,0xC0,
N	0x39,0x80,0x1F,0x00,0x00,0x00,0x00,0x00,
N
N	0x00,0x00,0x00,0x00,0x00,0x00,0x00,0x00,  // -:-
N	0x00,0x00,0x00,0x00,0x06,0x00,0x0F,0x00,
N	0x0F,0x00,0x06,0x00,0x00,0x00,0x00,0x00,
N	0x00,0x00,0x00,0x00,0x06,0x00,0x0F,0x00,
N	0x0F,0x00,0x06,0x00,0x00,0x00,0x00,0x00,
N	0x00,0x00,0x00,0x00,0x00,0x00,0x00,0x00,
N
N	0x00,0x00,0x00,0x00,0x00,0x00,0x00,0x00,  // -;-
N	0x00,0x00,0x00,0x00,0x06,0x00,0x0F,0x00,
N	0x0F,0x00,0x06,0x00,0x00,0x00,0x00,0x00,
N	0x00,0x00,0x00,0x00,0x06,0x00,0x0F,0x00,
N	0x0F,0x00,0x07,0x00,0x03,0x00,0x06,0x00,
N	0x0C,0x00,0x00,0x00,0x00,0x00,0x00,0x00,
N
N	0x00,0x00,0x00,0x00,0x00,0x00,0x00,0x60,  // -<-
N	0x00,0xC0,0x01,0x80,0x03,0x00,0x06,0x00,
N	0x0C,0x00,0x18,0x00,0x30,0x00,0x60,0x00,
N	0xC0,0x00,0x60,0x00,0x30,0x00,0x18,0x00,
N	0x0C,0x00,0x06,0x00,0x03,0x00,0x01,0x80,
N	0x00,0xC0,0x00,0x60,0x00,0x00,0x00,0x00,
N
N	0x00,0x00,0x00,0x00,0x00,0x00,0x00,0x00,  // -=-
N	0x00,0x00,0x00,0x00,0x00,0x00,0x00,0x00,
N	0x7F,0xE0,0x7F,0xE0,0x00,0x00,0x00,0x00,
N	0x00,0x00,0x00,0x00,0x7F,0xE0,0x7F,0xE0,
N	0x00,0x00,0x00,0x00,0x00,0x00,0x00,0x00,
N	0x00,0x00,0x00,0x00,0x00,0x00,0x00,0x00,
N
N	0x00,0x00,0x00,0x00,0x00,0x00,0xC0,0x00,  // ->-
N	0x60,0x00,0x30,0x00,0x18,0x00,0x0C,0x00,
N	0x06,0x00,0x03,0x00,0x01,0x80,0x00,0xC0,
N	0x00,0x60,0x00,0xC0,0x01,0x80,0x03,0x00,
N	0x06,0x00,0x0C,0x00,0x18,0x00,0x30,0x00,
N	0x60,0x00,0xC0,0x00,0x00,0x00,0x00,0x00,
N
N	0x00,0x00,0x00,0x00,0x0F,0x80,0x18,0xC0,  // -?-
N	0x30,0x60,0x70,0x60,0x70,0x60,0x20,0x60,
N	0x00,0xC0,0x00,0xC0,0x01,0x80,0x01,0x00,
N	0x03,0x00,0x02,0x00,0x02,0x00,0x02,0x00,
N	0x02,0x00,0x00,0x00,0x00,0x00,0x02,0x00,
N	0x07,0x00,0x07,0x00,0x02,0x00,0x00,0x00,
N
N	0x00,0x00,0x00,0x00,0x1F,0x00,0x20,0x80,  // -@-
N	0x40,0x40,0x80,0x20,0x8F,0x20,0x99,0xA0,
N	0xB1,0xA0,0xB1,0xA0,0xB1,0xA0,0xB1,0xA0,
N	0xB1,0xA0,0xB1,0xA0,0xB1,0xA0,0xBF,0xA0,
N	0x9C,0xC0,0x80,0x00,0x80,0x00,0x40,0x20,
N	0x20,0x40,0x1F,0x80,0x00,0x00,0x00,0x00,
N
N	0x00,0x00,0x00,0x00,0x06,0x00,0x06,0x00,  // -A-
N	0x0B,0x00,0x0B,0x00,0x09,0x00,0x09,0x00,
N	0x19,0x80,0x19,0x80,0x10,0x80,0x10,0x80,
N	0x30,0xC0,0x30,0xC0,0x3F,0xC0,0x30,0xC0,
N	0x20,0x40,0x60,0x60,0x60,0x60,0x60,0x60,
N	0x60,0x60,0xF0,0xF0,0x00,0x00,0x00,0x00,
N
N	0x00,0x00,0x00,0x00,0xFE,0x00,0x63,0x00,  // -B-
N	0x61,0x80,0x60,0xC0,0x60,0xC0,0x60,0xC0,
N	0x60,0xC0,0x61,0x80,0x63,0x00,0x7E,0x00,
N	0x63,0x80,0x60,0xC0,0x60,0xC0,0x60,0x60,
N	0x60,0x60,0x60,0x60,0x60,0xC0,0x60,0xC0,
N	0x61,0x80,0xFF,0x00,0x00,0x00,0x00,0x00,
N
N	0x00,0x00,0x00,0x00,0x1F,0x20,0x31,0xE0,  // -C-
N	0x60,0xE0,0x60,0x60,0xC0,0x20,0xC0,0x00,
N	0xC0,0x00,0xC0,0x00,0xC0,0x00,0xC0,0x00,
N	0xC0,0x00,0xC0,0x00,0xC0,0x00,0xC0,0x00,
N	0xC0,0x00,0xC0,0x60,0x60,0x60,0x60,0xC0,
N	0x31,0x80,0x1F,0x00,0x00,0x00,0x00,0x00,
N
N	0x00,0x00,0x00,0x00,0xFE,0x00,0x63,0x00,  // -D-
N	0x61,0x80,0x60,0xC0,0x60,0xC0,0x60,0x60,
N	0x60,0x60,0x60,0x60,0x60,0x60,0x60,0x60,
N	0x60,0x60,0x60,0x60,0x60,0x60,0x60,0x60,
N	0x60,0x60,0x60,0xC0,0x60,0xC0,0x61,0x80,
N	0x63,0x00,0xFE,0x00,0x00,0x00,0x00,0x00,
N
N	0x00,0x00,0x00,0x00,0xFF,0xE0,0x60,0xE0,  // -E-
N	0x60,0x60,0x60,0x20,0x60,0x20,0x60,0x00,
N	0x61,0x00,0x61,0x00,0x63,0x00,0x7F,0x00,
N	0x63,0x00,0x61,0x00,0x61,0x00,0x60,0x00,
N	0x60,0x00,0x60,0x20,0x60,0x20,0x60,0x60,
N	0x60,0xE0,0xFF,0xE0,0x00,0x00,0x00,0x00,
N
N	0x00,0x00,0x00,0x00,0xFF,0xE0,0x60,0xE0,  // -F-
N	0x60,0x60,0x60,0x20,0x60,0x20,0x60,0x00,
N	0x61,0x00,0x61,0x00,0x63,0x00,0x7F,0x00,
N	0x63,0x00,0x61,0x00,0x61,0x00,0x60,0x00,
N	0x60,0x00,0x60,0x00,0x60,0x00,0x60,0x00,
N	0x60,0x00,0xF0,0x00,0x00,0x00,0x00,0x00,
N
N	0x00,0x00,0x00,0x00,0x1E,0x40,0x33,0xC0,  // -G-
N	0x60,0xC0,0x60,0x40,0xC0,0x40,0xC0,0x00,
N	0xC0,0x00,0xC0,0x00,0xC0,0x00,0xC1,0xE0,
N	0xC0,0xC0,0xC0,0xC0,0xC0,0xC0,0xC0,0xC0,
N	0xC0,0xC0,0xC0,0xC0,0x61,0xC0,0x63,0xC0,
N	0x36,0xC0,0x1C,0xC0,0x00,0x00,0x00,0x00,
N
N	0x00,0x00,0x00,0x00,0xF1,0xE0,0x60,0xC0,  // -H-
N	0x60,0xC0,0x60,0xC0,0x60,0xC0,0x60,0xC0,
N	0x60,0xC0,0x60,0xC0,0x60,0xC0,0x7F,0xC0,
N	0x60,0xC0,0x60,0xC0,0x60,0xC0,0x60,0xC0,
N	0x60,0xC0,0x60,0xC0,0x60,0xC0,0x60,0xC0,
N	0x60,0xC0,0xF1,0xE0,0x00,0x00,0x00,0x00,
N
N	0x00,0x00,0x00,0x00,0x1F,0xE0,0x03,0x00,  // -I-
N	0x03,0x00,0x03,0x00,0x03,0x00,0x03,0x00,
N	0x03,0x00,0x03,0x00,0x03,0x00,0x03,0x00,
N	0x03,0x00,0x03,0x00,0x03,0x00,0x03,0x00,
N	0x03,0x00,0x03,0x00,0x03,0x00,0x03,0x00,
N	0x03,0x00,0x1F,0xE0,0x00,0x00,0x00,0x00,
N
N	0x00,0x00,0x00,0x00,0x07,0xE0,0x01,0x80,  // -J-
N	0x01,0x80,0x01,0x80,0x01,0x80,0x01,0x80,
N	0x01,0x80,0x01,0x80,0x01,0x80,0x01,0x80,
N	0x01,0x80,0x01,0x80,0x01,0x80,0x01,0x80,
N	0x61,0x80,0xF1,0x80,0xE1,0x80,0xC1,0x80,
N	0x67,0x00,0x3E,0x00,0x00,0x00,0x00,0x00,
N
N	0x00,0x00,0x00,0x00,0xF3,0xE0,0x61,0x80,  // -K-
N	0x61,0x80,0x63,0x00,0x63,0x00,0x66,0x00,
N	0x66,0x00,0x6C,0x00,0x6C,0x00,0x7C,0x00,
N	0x7C,0x00,0x76,0x00,0x76,0x00,0x63,0x00,
N	0x63,0x00,0x61,0x80,0x61,0x80,0x60,0xC0,
N	0x60,0xC0,0xF1,0xF0,0x00,0x00,0x00,0x00,
N
N	0x00,0x00,0x00,0x00,0xF0,0x00,0x60,0x00,  // -L-
N	0x60,0x00,0x60,0x00,0x60,0x00,0x60,0x00,
N	0x60,0x00,0x60,0x00,0x60,0x00,0x60,0x00,
N	0x60,0x00,0x60,0x00,0x60,0x00,0x60,0x00,
N	0x60,0x00,0x60,0x20,0x60,0x20,0x60,0x60,
N	0x60,0xE0,0xFF,0xE0,0x00,0x00,0x00,0x00,
N
N	0x00,0x00,0x00,0x00,0xE0,0x70,0x60,0x60,  // -M-
N	0x60,0x60,0x60,0x60,0x70,0xE0,0x70,0xE0,
N	0x70,0xE0,0x70,0xE0,0x79,0xE0,0x69,0x60,
N	0x69,0x60,0x6F,0x60,0x66,0x60,0x66,0x60,
N	0x66,0x60,0x60,0x60,0x60,0x60,0x60,0x60,
N	0x60,0x60,0xF0,0xF0,0x00,0x00,0x00,0x00,
N
N	0x00,0x00,0x00,0x00,0xE1,0xE0,0x60,0xC0,  // -N-
N	0x60,0xC0,0x70,0xC0,0x70,0xC0,0x70,0xC0,
N	0x78,0xC0,0x68,0xC0,0x6C,0xC0,0x64,0xC0,
N	0x66,0xC0,0x62,0xC0,0x63,0xC0,0x61,0xC0,
N	0x61,0xC0,0x61,0xC0,0x60,0xC0,0x60,0xC0,
N	0x60,0x40,0xF0,0x40,0x00,0x00,0x00,0x00,
N
N	0x00,0x00,0x00,0x00,0x1F,0x00,0x31,0x80,  // -O-
N	0x60,0xC0,0xC0,0x60,0xC0,0x60,0xC0,0x60,
N	0xC0,0x60,0xC0,0x60,0xC0,0x60,0xC0,0x60,
N	0xC0,0x60,0xC0,0x60,0xC0,0x60,0xC0,0x60,
N	0xC0,0x60,0xC0,0x60,0xC0,0x60,0x60,0xC0,
N	0x31,0x80,0x1F,0x00,0x00,0x00,0x00,0x00,
N
N	0x00,0x00,0x00,0x00,0xFE,0x00,0x63,0x80,  // -P-
N	0x60,0xC0,0x60,0xC0,0x60,0x60,0x60,0x60,
N	0x60,0x60,0x60,0xC0,0x60,0xC0,0x63,0x80,
N	0x7E,0x00,0x60,0x00,0x60,0x00,0x60,0x00,
N	0x60,0x00,0x60,0x00,0x60,0x00,0x60,0x00,
N	0x60,0x00,0xF0,0x00,0x00,0x00,0x00,0x00,
N
N	0x00,0x00,0x00,0x00,0x1F,0x00,0x31,0x80,  // -Q-
N	0x60,0xC0,0xC0,0x60,0xC0,0x60,0xC0,0x60,
N	0xC0,0x60,0xC0,0x60,0xC0,0x60,0xC0,0x60,
N	0xC0,0x60,0xC0,0x60,0xC0,0x60,0xC0,0x60,
N	0xC0,0x60,0xCC,0x60,0xC6,0x60,0x63,0x60,
N	0x31,0xC0,0x1E,0xC0,0x00,0x70,0x00,0x00,
N
N	0x00,0x00,0x00,0x00,0xFE,0x00,0x63,0x80,  // -R-
N	0x61,0x80,0x60,0xC0,0x60,0xC0,0x60,0xC0,
N	0x60,0xC0,0x61,0x80,0x63,0x80,0x7E,0x00,
N	0x6C,0x00,0x6C,0x00,0x66,0x00,0x66,0x00,
N	0x63,0x00,0x63,0x00,0x61,0x80,0x61,0x80,
N	0x60,0xC0,0xF1,0xE0,0x00,0x00,0x00,0x00,
N
N	0x00,0x00,0x00,0x00,0x1E,0x40,0x73,0xC0,  // -S-
N	0xC1,0xC0,0xC0,0xC0,0xC0,0x40,0xE0,0x00,
N	0x70,0x00,0x38,0x00,0x1C,0x00,0x0E,0x00,
N	0x07,0x00,0x03,0x80,0x01,0xC0,0x00,0xE0,
N	0x80,0x60,0xC0,0x60,0xE0,0x60,0xF0,0xC0,
N	0xD9,0x80,0x8F,0x00,0x00,0x00,0x00,0x00,
N
N	0x00,0x00,0x00,0x00,0xFF,0xF0,0xE6,0x70,  // -T-
N	0xC6,0x30,0x86,0x10,0x86,0x10,0x06,0x00,
N	0x06,0x00,0x06,0x00,0x06,0x00,0x06,0x00,
N	0x06,0x00,0x06,0x00,0x06,0x00,0x06,0x00,
N	0x06,0x00,0x06,0x00,0x06,0x00,0x06,0x00,
N	0x06,0x00,0x1F,0x80,0x00,0x00,0x00,0x00,
N
N	0x00,0x00,0x00,0x00,0xF1,0xE0,0x60,0xC0,  // -U-
N	0x60,0xC0,0x60,0xC0,0x60,0xC0,0x60,0xC0,
N	0x60,0xC0,0x60,0xC0,0x60,0xC0,0x60,0xC0,
N	0x60,0xC0,0x60,0xC0,0x60,0xC0,0x60,0xC0,
N	0x60,0xC0,0x60,0xC0,0x60,0xC0,0x60,0xC0,
N	0x31,0x80,0x1F,0x00,0x00,0x00,0x00,0x00,
N
N	0x00,0x00,0x00,0x00,0xF1,0xE0,0x60,0xC0,  // -V-
N	0x60,0xC0,0x60,0xC0,0x60,0xC0,0x60,0xC0,
N	0x31,0x80,0x31,0x80,0x31,0x80,0x31,0x80,
N	0x31,0x80,0x31,0x80,0x1B,0x00,0x1B,0x00,
N	0x1B,0x00,0x1B,0x00,0x0E,0x00,0x0E,0x00,
N	0x0E,0x00,0x04,0x00,0x00,0x00,0x00,0x00,
N
N	0x00,0x00,0x00,0x00,0xF0,0xF0,0x60,0x60,  // -W-
N	0x60,0x60,0x60,0x60,0x60,0x60,0x60,0x60,
N	0x60,0x60,0x60,0x60,0x26,0x40,0x26,0x40,
N	0x26,0x40,0x26,0x40,0x26,0x40,0x36,0xC0,
N	0x36,0xC0,0x36,0xC0,0x19,0x80,0x19,0x80,
N	0x19,0x80,0x19,0x80,0x00,0x00,0x00,0x00,
N
N	0x00,0x00,0x00,0x00,0xF0,0xF0,0x60,0x60,  // -X-
N	0x60,0x60,0x30,0xC0,0x30,0xC0,0x19,0x80,
N	0x19,0x80,0x0F,0x00,0x0F,0x00,0x06,0x00,
N	0x06,0x00,0x0F,0x00,0x0F,0x00,0x19,0x80,
N	0x19,0x80,0x30,0xC0,0x30,0xC0,0x60,0x60,
N	0x60,0x60,0xF0,0xF0,0x00,0x00,0x00,0x00,
N
N	0x00,0x00,0x00,0x00,0xF0,0xF0,0x60,0x60,  // -Y-
N	0x60,0x60,0x30,0xC0,0x30,0xC0,0x30,0xC0,
N	0x19,0x80,0x19,0x80,0x19,0x80,0x0F,0x00,
N	0x0F,0x00,0x06,0x00,0x06,0x00,0x06,0x00,
N	0x06,0x00,0x06,0x00,0x06,0x00,0x06,0x00,
N	0x06,0x00,0x1F,0x80,0x00,0x00,0x00,0x00,
N
N	0x00,0x00,0x00,0x00,0xFF,0xC0,0xE0,0xC0,  // -Z-
N	0xC1,0xC0,0x81,0x80,0x83,0x00,0x03,0x00,
N	0x06,0x00,0x06,0x00,0x0C,0x00,0x0C,0x00,
N	0x18,0x00,0x18,0x00,0x30,0x00,0x30,0x00,
N	0x60,0x00,0x60,0x20,0xC0,0x20,0xC0,0x60,
N	0xC0,0xE0,0xFF,0xE0,0x00,0x00,0x00,0x00,
N
N	0x07,0xE0,0x04,0x00,0x04,0x00,0x04,0x00,  // -[-
N	0x04,0x00,0x04,0x00,0x04,0x00,0x04,0x00,
N	0x04,0x00,0x04,0x00,0x04,0x00,0x04,0x00,
N	0x04,0x00,0x04,0x00,0x04,0x00,0x04,0x00,
N	0x04,0x00,0x04,0x00,0x04,0x00,0x04,0x00,
N	0x04,0x00,0x04,0x00,0x04,0x00,0x07,0xE0,
N
N	0x00,0x00,0x80,0x00,0xC0,0x00,0x40,0x00,  // -\-
N	0x60,0x00,0x20,0x00,0x30,0x00,0x10,0x00,
N	0x18,0x00,0x08,0x00,0x0C,0x00,0x04,0x00,
N	0x06,0x00,0x02,0x00,0x03,0x00,0x01,0x00,
N	0x01,0x80,0x00,0x80,0x00,0xC0,0x00,0x40,
N	0x00,0x60,0x00,0x20,0x00,0x00,0x00,0x00,
N
N	0x7E,0x00,0x02,0x00,0x02,0x00,0x02,0x00,  // -]-
N	0x02,0x00,0x02,0x00,0x02,0x00,0x02,0x00,
N	0x02,0x00,0x02,0x00,0x02,0x00,0x02,0x00,
N	0x02,0x00,0x02,0x00,0x02,0x00,0x02,0x00,
N	0x02,0x00,0x02,0x00,0x02,0x00,0x02,0x00,
N	0x02,0x00,0x02,0x00,0x02,0x00,0x7E,0x00,
N
N	0x00,0x00,0x06,0x00,0x0F,0x00,0x19,0x80,  // -^-
N	0x30,0xC0,0x60,0x60,0x40,0x20,0x00,0x00,
N	0x00,0x00,0x00,0x00,0x00,0x00,0x00,0x00,
N	0x00,0x00,0x00,0x00,0x00,0x00,0x00,0x00,
N	0x00,0x00,0x00,0x00,0x00,0x00,0x00,0x00,
N	0x00,0x00,0x00,0x00,0x00,0x00,0x00,0x00,
N
N	0x00,0x00,0x00,0x00,0x00,0x00,0x00,0x00,  // -_-
N	0x00,0x00,0x00,0x00,0x00,0x00,0x00,0x00,
N	0x00,0x00,0x00,0x00,0x00,0x00,0x00,0x00,
N	0x00,0x00,0x00,0x00,0x00,0x00,0x00,0x00,
N	0x00,0x00,0x00,0x00,0x00,0x00,0x00,0x00,
N	0x00,0x00,0x00,0x00,0x00,0x00,0xFF,0xF0,
N
N	0x18,0x00,0x3C,0x00,0x0F,0x00,0x01,0xC0,  // -`-
N	0x00,0x00,0x00,0x00,0x00,0x00,0x00,0x00,
N	0x00,0x00,0x00,0x00,0x00,0x00,0x00,0x00,
N	0x00,0x00,0x00,0x00,0x00,0x00,0x00,0x00,
N	0x00,0x00,0x00,0x00,0x00,0x00,0x00,0x00,
N	0x00,0x00,0x00,0x00,0x00,0x00,0x00,0x00,
N
N	0x00,0x00,0x00,0x00,0x00,0x00,0x00,0x00,  // -a-
N	0x00,0x00,0x00,0x00,0x00,0x00,0x00,0x00,
N	0x00,0x00,0x3F,0x00,0x61,0x80,0xF0,0xC0,
N	0x60,0xC0,0x00,0xC0,0x0F,0xC0,0x38,0xC0,
N	0x60,0xC0,0xC0,0xC0,0xC0,0xC0,0xC0,0xC0,
N	0xE3,0xC0,0x3E,0x60,0x00,0x00,0x00,0x00,
N
N	0x00,0x00,0x00,0x00,0xE0,0x00,0x60,0x00,  // -b-
N	0x60,0x00,0x60,0x00,0x60,0x00,0x60,0x00,
N	0x60,0x00,0x6F,0x00,0x79,0x80,0x70,0xC0,
N	0x60,0xC0,0x60,0x60,0x60,0x60,0x60,0x60,
N	0x60,0x60,0x60,0x60,0x60,0xC0,0x70,0xC0,
N	0x79,0x80,0xCF,0x00,0x00,0x00,0x00,0x00,
N
N	0x00,0x00,0x00,0x00,0x00,0x00,0x00,0x00,  // -c-
N	0x00,0x00,0x00,0x00,0x00,0x00,0x00,0x00,
N	0x00,0x00,0x1F,0x00,0x31,0xC0,0x60,0xE0,
N	0x61,0xE0,0xC0,0xC0,0xC0,0x00,0xC0,0x00,
N	0xC0,0x00,0xC0,0x00,0x60,0x00,0x60,0x60,
N	0x30,0xC0,0x1F,0x80,0x00,0x00,0x00,0x00,
N
N	0x00,0x00,0x00,0x00,0x00,0xE0,0x00,0x60,  // -d-
N	0x00,0x60,0x00,0x60,0x00,0x60,0x00,0x60,
N	0x00,0x60,0x1F,0x60,0x31,0xE0,0x60,0xE0,
N	0x60,0x60,0xC0,0x60,0xC0,0x60,0xC0,0x60,
N	0xC0,0x60,0xC0,0x60,0x60,0x60,0x60,0xE0,
N	0x31,0xE0,0x1F,0x20,0x00,0x00,0x00,0x00,
N
N	0x00,0x00,0x00,0x00,0x00,0x00,0x00,0x00,  // -e-
N	0x00,0x00,0x00,0x00,0x00,0x00,0x00,0x00,
N	0x00,0x00,0x1F,0x00,0x31,0x80,0x60,0xC0,
N	0x60,0xC0,0xC0,0x60,0xC0,0x60,0xFF,0xE0,
N	0xC0,0x00,0xC0,0x00,0x60,0x00,0x60,0x60,
N	0x30,0xC0,0x1F,0x80,0x00,0x00,0x00,0x00,
N
N	0x00,0x00,0x00,0x00,0x07,0xC0,0x0C,0xE0,  // -f-
N	0x18,0xE0,0x18,0x40,0x18,0x00,0x18,0x00,
N	0x18,0x00,0xFF,0x00,0x18,0x00,0x18,0x00,
N	0x18,0x00,0x18,0x00,0x18,0x00,0x18,0x00,
N	0x18,0x00,0x18,0x00,0x18,0x00,0x18,0x00,
N	0x18,0x00,0x7E,0x00,0x00,0x00,0x00,0x00,
N
N	0x00,0x00,0x00,0x00,0x00,0x00,0x00,0x00,  // -g-
N	0x00,0x00,0x00,0x00,0x00,0x00,0x00,0x00,
N	0x00,0x00,0x3E,0x60,0x63,0xE0,0xC1,0x80,
N	0xC1,0x80,0xC1,0x80,0x63,0x00,0x3E,0x00,
N	0x60,0x00,0x78,0x00,0xCF,0x80,0xC1,0xC0,
N	0xC0,0x60,0xC0,0x60,0x60,0xC0,0x3F,0x80,
N
N	0x00,0x00,0x00,0x00,0xE0,0x00,0x60,0x00,  // -h-
N	0x60,0x00,0x60,0x00,0x60,0x00,0x60,0x00,
N	0x60,0x00,0x67,0x00,0x6D,0x80,0x78,0xC0,
N	0x70,0xC0,0x60,0xC0,0x60,0xC0,0x60,0xC0,
N	0x60,0xC0,0x60,0xC0,0x60,0xC0,0x60,0xC0,
N	0x60,0xC0,0xF1,0xE0,0x00,0x00,0x00,0x00,
N
N	0x00,0x00,0x00,0x00,0x06,0x00,0x0F,0x00,  // -i-
N	0x0F,0x00,0x06,0x00,0x00,0x00,0x00,0x00,
N	0x00,0x00,0x1E,0x00,0x06,0x00,0x06,0x00,
N	0x06,0x00,0x06,0x00,0x06,0x00,0x06,0x00,
N	0x06,0x00,0x06,0x00,0x06,0x00,0x06,0x00,
N	0x06,0x00,0x1F,0x80,0x00,0x00,0x00,0x00,
N
N	0x00,0x00,0x00,0x00,0x03,0x00,0x07,0x80,  // -j-
N	0x07,0x80,0x03,0x00,0x00,0x00,0x00,0x00,
N	0x00,0x00,0x07,0x80,0x01,0x80,0x01,0x80,
N	0x01,0x80,0x01,0x80,0x01,0x80,0x01,0x80,
N	0x01,0x80,0x01,0x80,0x01,0x80,0x61,0x80,
N	0xF1,0x80,0xE1,0x80,0x63,0x00,0x3E,0x00,
N
N	0x00,0x00,0x00,0x00,0xE0,0x00,0x60,0x00,  // -k-
N	0x60,0x00,0x60,0x00,0x60,0x00,0x60,0x00,
N	0x60,0x00,0x63,0xE0,0x61,0x80,0x63,0x00,
N	0x66,0x00,0x6C,0x00,0x7E,0x00,0x76,0x00,
N	0x63,0x00,0x63,0x00,0x61,0x80,0x61,0x80,
N	0x60,0xC0,0xF1,0xE0,0x00,0x00,0x00,0x00,
N
N	0x00,0x00,0x00,0x00,0x1E,0x00,0x06,0x00,  // -l-
N	0x06,0x00,0x06,0x00,0x06,0x00,0x06,0x00,
N	0x06,0x00,0x06,0x00,0x06,0x00,0x06,0x00,
N	0x06,0x00,0x06,0x00,0x06,0x00,0x06,0x00,
N	0x06,0x00,0x06,0x00,0x06,0x00,0x06,0x00,
N	0x06,0x00,0x1F,0x80,0x00,0x00,0x00,0x00,
N
N	0x00,0x00,0x00,0x00,0x00,0x00,0x00,0x00,  // -m-
N	0x00,0x00,0x00,0x00,0x00,0x00,0x00,0x00,
N	0x00,0x00,0xED,0xC0,0x7F,0xE0,0x66,0x60,
N	0x66,0x60,0x66,0x60,0x66,0x60,0x66,0x60,
N	0x66,0x60,0x66,0x60,0x66,0x60,0x66,0x60,
N	0x66,0x60,0xF7,0x70,0x00,0x00,0x00,0x00,
N
N	0x00,0x00,0x00,0x00,0x00,0x00,0x00,0x00,  // -n-
N	0x00,0x00,0x00,0x00,0x00,0x00,0x00,0x00,
N	0x00,0x00,0xE7,0x00,0x6D,0x80,0x78,0xC0,
N	0x70,0xC0,0x60,0xC0,0x60,0xC0,0x60,0xC0,
N	0x60,0xC0,0x60,0xC0,0x60,0xC0,0x60,0xC0,
N	0x60,0xC0,0xF1,0xE0,0x00,0x00,0x00,0x00,
N
N	0x00,0x00,0x00,0x00,0x00,0x00,0x00,0x00,  // -o-
N	0x00,0x00,0x00,0x00,0x00,0x00,0x00,0x00,
N	0x00,0x00,0x1F,0x00,0x31,0x80,0x60,0xC0,
N	0x60,0xC0,0xC0,0x60,0xC0,0x60,0xC0,0x60,
N	0xC0,0x60,0xC0,0x60,0x60,0xC0,0x60,0xC0,
N	0x31,0x80,0x1F,0x00,0x00,0x00,0x00,0x00,
N
N	0x00,0x00,0x00,0x00,0x00,0x00,0x00,0x00,  // -p-
N	0x00,0x00,0x00,0x00,0x00,0x00,0x00,0x00,
N	0x00,0x00,0xEF,0x00,0x79,0x80,0x70,0xC0,
N	0x60,0xC0,0x60,0x60,0x60,0x60,0x60,0x60,
N	0x60,0xC0,0x70,0xC0,0x79,0x80,0x6F,0x00,
N	0x60,0x00,0x60,0x00,0x60,0x00,0xF0,0x00,
N
N	0x00,0x00,0x00,0x00,0x00,0x00,0x00,0x00,  // -q-
N	0x00,0x00,0x00,0x00,0x00,0x00,0x00,0x00,
N	0x00,0x00,0x1E,0x40,0x33,0xC0,0x61,0xC0,
N	0x60,0xC0,0xC0,0xC0,0xC0,0xC0,0xC0,0xC0,
N	0x60,0xC0,0x61,0xC0,0x33,0xC0,0x1E,0xC0,
N	0x00,0xC0,0x00,0xC0,0x00,0xC0,0x01,0xE0,
N
N	0x00,0x00,0x00,0x00,0x00,0x00,0x00,0x00,  // -r-
N	0x00,0x00,0x00,0x00,0x00,0x00,0x00,0x00,
N	0x00,0x00,0xE7,0x80,0x6C,0xC0,0x78,0xE0,
N	0x70,0xC0,0x60,0x00,0x60,0x00,0x60,0x00,
N	0x60,0x00,0x60,0x00,0x60,0x00,0x60,0x00,
N	0x60,0x00,0xF0,0x00,0x00,0x00,0x00,0x00,
N
N	0x00,0x00,0x00,0x00,0x00,0x00,0x00,0x00,  // -s-
N	0x00,0x00,0x00,0x00,0x00,0x00,0x00,0x00,
N	0x00,0x00,0x3F,0x00,0x61,0xC0,0xC0,0xC0,
N	0xC0,0x40,0xE0,0x00,0x78,0x00,0x1F,0x00,
N	0x03,0xC0,0x00,0xE0,0x80,0x60,0xC0,0x60,
N	0xE0,0xC0,0x3F,0x80,0x00,0x00,0x00,0x00,
N
N	0x00,0x00,0x00,0x00,0x00,0x00,0x00,0x00,  // -t-
N	0x08,0x00,0x18,0x00,0x18,0x00,0x18,0x00,
N	0x18,0x00,0xFF,0xC0,0x18,0x00,0x18,0x00,
N	0x18,0x00,0x18,0x00,0x18,0x00,0x18,0x00,
N	0x18,0x00,0x18,0x00,0x18,0x60,0x18,0x60,
N	0x0C,0xC0,0x07,0x80,0x00,0x00,0x00,0x00,
N
N	0x00,0x00,0x00,0x00,0x00,0x00,0x00,0x00,  // -u-
N	0x00,0x00,0x00,0x00,0x00,0x00,0x00,0x00,
N	0x00,0x00,0xE1,0xC0,0x60,0xC0,0x60,0xC0,
N	0x60,0xC0,0x60,0xC0,0x60,0xC0,0x60,0xC0,
N	0x60,0xC0,0x60,0xC0,0x61,0xC0,0x63,0xC0,
N	0x36,0xC0,0x1C,0xE0,0x00,0x00,0x00,0x00,
N
N	0x00,0x00,0x00,0x00,0x00,0x00,0x00,0x00,  // -v-
N	0x00,0x00,0x00,0x00,0x00,0x00,0x00,0x00,
N	0x00,0x00,0xF1,0xE0,0x60,0xC0,0x60,0xC0,
N	0x31,0x80,0x31,0x80,0x31,0x80,0x1B,0x00,
N	0x1B,0x00,0x1B,0x00,0x0E,0x00,0x0E,0x00,
N	0x0E,0x00,0x04,0x00,0x00,0x00,0x00,0x00,
N
N	0x00,0x00,0x00,0x00,0x00,0x00,0x00,0x00,  // -w-
N	0x00,0x00,0x00,0x00,0x00,0x00,0x00,0x00,
N	0x00,0x00,0xF0,0xF0,0x60,0x60,0x60,0x60,
N	0x66,0x60,0x66,0x60,0x36,0xC0,0x36,0xC0,
N	0x36,0xC0,0x3F,0xC0,0x19,0x80,0x19,0x80,
N	0x19,0x80,0x19,0x80,0x00,0x00,0x00,0x00,
N
N	0x00,0x00,0x00,0x00,0x00,0x00,0x00,0x00,  // -x-
N	0x00,0x00,0x00,0x00,0x00,0x00,0x00,0x00,
N	0x00,0x00,0xF1,0xE0,0x60,0xC0,0x60,0xC0,
N	0x31,0x80,0x1B,0x00,0x0E,0x00,0x0E,0x00,
N	0x0E,0x00,0x1B,0x00,0x31,0x80,0x60,0xC0,
N	0x60,0xC0,0xF1,0xE0,0x00,0x00,0x00,0x00,
N
N	0x00,0x00,0x00,0x00,0x00,0x00,0x00,0x00,  // -y-
N	0x00,0x00,0x00,0x00,0x00,0x00,0x00,0x00,
N	0x00,0x00,0xF1,0xE0,0x60,0xC0,0x30,0xC0,
N	0x31,0x80,0x19,0x80,0x19,0x80,0x0F,0x00,
N	0x0F,0x00,0x07,0x00,0x06,0x00,0x06,0x00,
N	0x06,0x00,0xCC,0x00,0xCC,0x00,0x78,0x00,
N
N	0x00,0x00,0x00,0x00,0x00,0x00,0x00,0x00,  // -z-
N	0x00,0x00,0x00,0x00,0x00,0x00,0x00,0x00,
N	0x00,0x00,0x7F,0xE0,0x40,0x60,0x40,0xC0,
N	0x01,0x80,0x03,0x00,0x06,0x00,0x0C,0x00,
N	0x18,0x00,0x30,0x00,0x60,0x20,0xC0,0x20,
N	0xC0,0x60,0xFF,0xE0,0x00,0x00,0x00,0x00,
N
N	0x01,0xE0,0x03,0x00,0x06,0x00,0x06,0x00,  // -{-
N	0x06,0x00,0x06,0x00,0x06,0x00,0x06,0x00,
N	0x06,0x00,0x06,0x00,0x0C,0x00,0x18,0x00,
N	0x18,0x00,0x0C,0x00,0x06,0x00,0x06,0x00,
N	0x06,0x00,0x06,0x00,0x06,0x00,0x06,0x00,
N	0x06,0x00,0x06,0x00,0x03,0x00,0x01,0xE0,
N
N	0x06,0x00,0x06,0x00,0x06,0x00,0x06,0x00,  // -|-
N	0x06,0x00,0x06,0x00,0x06,0x00,0x06,0x00,
N	0x06,0x00,0x06,0x00,0x06,0x00,0x06,0x00,
N	0x06,0x00,0x06,0x00,0x06,0x00,0x06,0x00,
N	0x06,0x00,0x06,0x00,0x06,0x00,0x06,0x00,
N	0x06,0x00,0x06,0x00,0x06,0x00,0x06,0x00,
N
N	0x78,0x00,0x0C,0x00,0x06,0x00,0x06,0x00,  // -}-
N	0x06,0x00,0x06,0x00,0x06,0x00,0x06,0x00,
N	0x06,0x00,0x06,0x00,0x03,0x00,0x01,0x80,
N	0x01,0x80,0x03,0x00,0x06,0x00,0x06,0x00,
N	0x06,0x00,0x06,0x00,0x06,0x00,0x06,0x00,
N	0x06,0x00,0x06,0x00,0x0C,0x00,0x78,0x00,
N
N	0x00,0x00,0x00,0x00,0x00,0x00,0x00,0x00,  // -~-
N	0x00,0x00,0x00,0x00,0x00,0x00,0x00,0x00,
N	0x00,0x00,0x00,0x00,0x38,0x00,0x6C,0x30,
N	0xC3,0x60,0x01,0xC0,0x00,0x00,0x00,0x00,
N	0x00,0x00,0x00,0x00,0x00,0x00,0x00,0x00,
N	0x00,0x00,0x00,0x00,0x00,0x00,0x00,0x00,
N
N	0x00,0x00,0x00,0x00,0x00,0x00,0x00,0x00,  // --
N	0x04,0x00,0x04,0x00,0x0E,0x00,0x0A,0x00,
N	0x1B,0x00,0x11,0x00,0x31,0x80,0x20,0x80,
N	0x60,0xC0,0x40,0x40,0xC0,0x60,0xFF,0xE0,
N	0x00,0x00,0x00,0x00,0x00,0x00,0x00,0x00,
N	0x00,0x00,0x00,0x00,0x00,0x00,0x00,0x00,
N};
