L 1 "..\User\fonts\hz24.c"
N/*
N	FLASH中内嵌小字库，只包括本程序用到的汉字点阵
N	每行点阵数据，头2字节是汉子的内码，后面32字节是16点阵汉子的字模数据。
N*/
N
Nunsigned char const g_Hz24[] = {
N
N
N0xB2,0xE2, 0x00,0x00,0x00,0x30,0x00,0x08,0x1D,0x06,
N      0x0E,0x0D,0xFF,0x4C,0x09,0x06,0x6C,0x01,
N      0x26,0x4C,0x65,0x36,0x4C,0x35,0x26,0x4C,
N      0x35,0x26,0x4C,0x25,0x26,0x4C,0x09,0x26,
N      0x4C,0x09,0x26,0x4C,0x09,0x26,0x4C,0x11,
N      0x26,0x4C,0x11,0x26,0x4C,0x71,0x26,0x4C,
N      0x31,0x26,0x4C,0x31,0x24,0x4C,0x30,0x68,
N      0x0C,0x30,0xC4,0x0C,0x30,0x86,0x0C,0x31,
N      0x03,0x7C,0x12,0x01,0x18,0x04,0x00,0x10,// 测 //
N
N0xC1,0xBF, 0x04,0x00,0x60,0x07,0xFF,0xF0,0x06,0x00,
N      0x60,0x07,0xFF,0xE0,0x06,0x00,0x60,0x07,
N      0xFF,0xE0,0x04,0x00,0x40,0x00,0x00,0x0C,
N      0x7F,0xFF,0xFE,0x00,0x00,0x00,0x04,0x00,
N      0x60,0x07,0xFF,0xF0,0x06,0x18,0x60,0x07,
N      0xFF,0xE0,0x06,0x18,0x60,0x06,0x18,0x60,
N      0x07,0xFF,0xE0,0x04,0x18,0x40,0x00,0x18,
N      0x10,0x1F,0xFF,0xF8,0x00,0x18,0x00,0x00,
N      0x18,0x0C,0x7F,0xFF,0xFE,0x00,0x00,0x00,// 量 //
N
N0xCD,0xA3, 0x04,0x04,0x00,0x07,0x06,0x00,0x06,0x03,
N      0x00,0x0C,0x02,0x0C,0x0C,0xFF,0xFE,0x18,
N      0x00,0x00,0x18,0x00,0x00,0x38,0x3F,0xF0,
N      0x2E,0x30,0x30,0x4C,0x30,0x30,0x8C,0x3F,
N      0xF0,0x0C,0x80,0x00,0x0C,0x80,0x0C,0x0C,
N      0xFF,0xFE,0x0D,0x80,0x0C,0x0D,0x80,0x68,
N      0x0D,0x3F,0xF0,0x0C,0x03,0x00,0x0C,0x03,
N      0x00,0x0C,0x03,0x00,0x0C,0x03,0x00,0x0C,
N      0x03,0x00,0x0C,0x1F,0x00,0x08,0x06,0x00,// 停 //
N
N
N0xD6,0xB9, 0x00,0x08,0x00,0x00,0x0E,0x00,0x00,0x0C,
N      0x00,0x00,0x0C,0x00,0x00,0x0C,0x00,0x00,
N      0x0C,0x00,0x04,0x0C,0x00,0x07,0x0C,0x00,
N      0x06,0x0C,0x00,0x06,0x0C,0x30,0x06,0x0F,
N      0xF8,0x06,0x0C,0x00,0x06,0x0C,0x00,0x06,
N      0x0C,0x00,0x06,0x0C,0x00,0x06,0x0C,0x00,
N      0x06,0x0C,0x00,0x06,0x0C,0x00,0x06,0x0C,
N      0x00,0x06,0x0C,0x08,0x06,0x0C,0x1C,0x7F,
N      0xFF,0xFE,0x00,0x00,0x00,0x00,0x00,0x00,// 止 //
N 
N
N
N
N
N/* 最后一行必须用0xFF,0xFF结束，这是字库数组结束标志 */
N0xFF,0xFF
N
N};
