L 1 "..\User\fonts\hz48.c"
N/*
N	FLASH中内嵌小字库，只包括本程序用到的汉字点阵
N	每行点阵数据，头2字节是汉子的内码，后面32字节是16点阵汉子的字模数据。
N*/
N
Nunsigned char const g_Hz48[] = {
N
N
N0xB2,0xE2, 0x00,0x00,0x00,0x00,0x00,0x00,0x00,0x00,
N      0x00,0x00,0x00,0x00,0x00,0x00,0x00,0x00,
N      0x00,0x00,0x02,0x00,0x00,0x00,0x00,0xC0,
N      0x01,0x81,0x00,0x18,0x00,0xF0,0x01,0xC1,
N      0xFF,0xFC,0x00,0xE0,0x00,0xE1,0x80,0x1C,
N      0x00,0xE0,0x00,0xF1,0x80,0x18,0x00,0xE0,
N      0x00,0x71,0x80,0x18,0x00,0xE0,0x00,0x61,
N      0x80,0x18,0x20,0xE0,0x00,0x01,0x80,0x18,
N      0x38,0xE0,0x00,0x01,0x80,0x18,0x38,0xE0,
N      0x00,0x01,0x86,0x18,0x30,0xE0,0x10,0x01,
N      0x87,0x98,0x30,0xE0,0x1C,0x01,0x87,0x18,
N      0x30,0xE0,0x0E,0x05,0x86,0x18,0x30,0xE0,
N      0x0F,0x09,0x86,0x18,0x30,0xE0,0x07,0x09,
N      0x86,0x18,0x30,0xE0,0x07,0x09,0x86,0x18,
N      0x30,0xE0,0x03,0x09,0x86,0x18,0x30,0xE0,
N      0x02,0x11,0x86,0x18,0x30,0xE0,0x00,0x11,
N      0x86,0x18,0x30,0xE0,0x00,0x11,0x86,0x18,
N      0x30,0xE0,0x00,0x31,0x86,0x18,0x30,0xE0,
N      0x00,0x31,0x86,0x18,0x30,0xE0,0x00,0x21,
N      0x86,0x18,0x30,0xE0,0x00,0x61,0x86,0x18,
N      0x30,0xE0,0x00,0x61,0x86,0x18,0x30,0xE0,
N      0x00,0x61,0x8E,0x18,0x30,0xE0,0x00,0xC1,
N      0x8E,0x18,0x30,0xE0,0x01,0xC1,0x8C,0x18,
N      0x30,0xE0,0x3F,0xC1,0x8C,0x10,0x30,0xE0,
N      0x07,0xC1,0x8C,0x00,0x30,0xE0,0x03,0x80,
N      0x1C,0x00,0x30,0xE0,0x01,0x80,0x19,0x00,
N      0x20,0xE0,0x01,0x80,0x18,0xC0,0x00,0xE0,
N      0x03,0x80,0x30,0x60,0x00,0xE0,0x03,0x80,
N      0x30,0x70,0x00,0xE0,0x03,0x80,0x60,0x38,
N      0x00,0xE0,0x03,0x80,0xC0,0x1C,0x00,0xE0,
N      0x03,0x81,0x80,0x1C,0x00,0xE0,0x03,0x83,
N      0x00,0x1C,0x3F,0xE0,0x03,0x86,0x00,0x0C,
N      0x0F,0xE0,0x00,0x0C,0x00,0x00,0x07,0xC0,
N      0x00,0x30,0x00,0x00,0x03,0x80,0x00,0x00,
N      0x00,0x00,0x00,0x00,0x00,0x00,0x00,0x00,
N      0x00,0x00,0x00,0x00,0x00,0x00,0x00,0x00,
N
N0xC1,0xBF, 0x00,0x00,0x00,0x00,0x00,0x00,0x00,0x00,
N      0x00,0x00,0x00,0x00,0x00,0x00,0x00,0x00,
N      0x00,0x00,0x00,0x18,0x00,0x00,0x38,0x00,
N      0x00,0x1F,0xFF,0xFF,0xFC,0x00,0x00,0x18,
N      0x00,0x00,0x38,0x00,0x00,0x18,0x00,0x00,
N      0x38,0x00,0x00,0x18,0x00,0x00,0x38,0x00,
N      0x00,0x1F,0xFF,0xFF,0xF8,0x00,0x00,0x18,
N      0x00,0x00,0x38,0x00,0x00,0x18,0x00,0x00,
N      0x38,0x00,0x00,0x18,0x00,0x00,0x38,0x00,
N      0x00,0x18,0x00,0x00,0x38,0x00,0x00,0x1F,
N      0xFF,0xFF,0xF8,0x00,0x00,0x18,0x00,0x00,
N      0x38,0x00,0x00,0x18,0x00,0x00,0x20,0x00,
N      0x00,0x00,0x00,0x00,0x00,0x70,0x00,0x00,
N      0x00,0x00,0x00,0xF8,0x1F,0xFF,0xFF,0xFF,
N      0xFF,0xFC,0x00,0x00,0x00,0x00,0x00,0x00,
N      0x00,0x00,0x00,0x00,0x00,0x00,0x00,0x30,
N      0x00,0x00,0x18,0x00,0x00,0x3F,0xFF,0xFF,
N      0xFC,0x00,0x00,0x38,0x01,0x80,0x18,0x00,
N      0x00,0x38,0x01,0x80,0x18,0x00,0x00,0x38,
N      0x01,0x80,0x18,0x00,0x00,0x38,0x01,0x80,
N      0x18,0x00,0x00,0x3F,0xFF,0xFF,0xF8,0x00,
N      0x00,0x38,0x01,0x80,0x18,0x00,0x00,0x38,
N      0x01,0x80,0x18,0x00,0x00,0x38,0x01,0x80,
N      0x18,0x00,0x00,0x38,0x01,0x80,0x18,0x00,
N      0x00,0x3F,0xFF,0xFF,0xF8,0x00,0x00,0x38,
N      0x01,0x80,0x18,0x00,0x00,0x30,0x01,0x80,
N      0x00,0x00,0x00,0x00,0x01,0x80,0x04,0x00,
N      0x00,0x00,0x01,0x80,0x0E,0x00,0x01,0xFF,
N      0xFF,0xFF,0xFF,0x00,0x00,0xC0,0x01,0x80,
N      0x00,0x00,0x00,0x00,0x01,0x80,0x00,0x00,
N      0x00,0x00,0x01,0x80,0x00,0x20,0x00,0x00,
N      0x01,0x80,0x00,0x70,0x00,0x00,0x01,0x80,
N      0x00,0xF0,0x1F,0xFF,0xFF,0xFF,0xFF,0xF8,
N      0x00,0x00,0x00,0x00,0x00,0x00,0x00,0x00,
N      0x00,0x00,0x00,0x00,0x00,0x00,0x00,0x00,
N      0x00,0x00,0x00,0x00,0x00,0x00,0x00,0x00,// 量 //
N
N0xCD,0xA3, 0x00,0x00,0x00,0x00,0x00,0x00,0x00,0x00,
N      0x00,0x00,0x00,0x00,0x00,0x10,0x00,0x60,
N      0x00,0x00,0x00,0x1C,0x00,0x38,0x00,0x00,
N      0x00,0x1C,0x00,0x1C,0x00,0x00,0x00,0x38,
N      0x00,0x1E,0x00,0x00,0x00,0x38,0x00,0x0E,
N      0x00,0xC0,0x00,0x38,0x00,0x0C,0x01,0xE0,
N      0x00,0x71,0xFF,0xFF,0xFF,0xF0,0x00,0x70,
N      0xC0,0x00,0x00,0x00,0x00,0x60,0x00,0x00,
N      0x00,0x00,0x00,0xE0,0x08,0x00,0x08,0x00,
N      0x00,0xE0,0x0E,0x00,0x1C,0x00,0x00,0xC0,
N      0x0F,0xFF,0xFE,0x00,0x01,0xE0,0x0E,0x00,
N      0x1C,0x00,0x01,0xF0,0x0E,0x00,0x1C,0x00,
N      0x01,0xE0,0x0E,0x00,0x1C,0x00,0x03,0xE0,
N      0x0E,0x00,0x1C,0x00,0x03,0xE0,0x0F,0xFF,
N      0xFC,0x00,0x06,0xE0,0x0E,0x00,0x1C,0x00,
N      0x04,0xE0,0x0E,0x00,0x18,0x00,0x0C,0xE0,
N      0x00,0x00,0x00,0x00,0x18,0xE0,0x80,0x00,
N      0x00,0x20,0x10,0xE1,0xFF,0xFF,0xFF,0xF0,
N      0x20,0xE1,0xFF,0xFF,0xFF,0xF8,0x00,0xE1,
N      0x80,0x00,0x00,0x60,0x00,0xE3,0x80,0x00,
N      0x00,0x80,0x00,0xE7,0x80,0x00,0x00,0x80,
N      0x00,0xE7,0x00,0x00,0x07,0x00,0x00,0xE0,
N      0x00,0x00,0x0F,0x00,0x00,0xE0,0x3F,0xFF,
N      0xFF,0x80,0x00,0xE0,0x00,0x06,0x00,0x00,
N      0x00,0xE0,0x00,0x06,0x00,0x00,0x00,0xE0,
N      0x00,0x06,0x00,0x00,0x00,0xE0,0x00,0x06,
N      0x00,0x00,0x00,0xE0,0x00,0x06,0x00,0x00,
N      0x00,0xE0,0x00,0x06,0x00,0x00,0x00,0xE0,
N      0x00,0x06,0x00,0x00,0x00,0xE0,0x00,0x06,
N      0x00,0x00,0x00,0xE0,0x00,0x06,0x00,0x00,
N      0x00,0xE0,0x00,0x06,0x00,0x00,0x00,0xE0,
N      0x03,0x0E,0x00,0x00,0x00,0xE0,0x00,0xFE,
N      0x00,0x00,0x00,0xE0,0x00,0x3C,0x00,0x00,
N      0x00,0xC0,0x00,0x1C,0x00,0x00,0x00,0x00,
N      0x00,0x10,0x00,0x00,0x00,0x00,0x00,0x00,
N      0x00,0x00,0x00,0x00,0x00,0x00,0x00,0x00,// 停 //
N
N
N0xD6,0xB9, 0x00,0x00,0x00,0x00,0x00,0x00,0x00,0x00,
N      0x00,0x00,0x00,0x00,0x00,0x00,0x00,0x80,
N      0x00,0x00,0x00,0x00,0x00,0xF0,0x00,0x00,
N      0x00,0x00,0x00,0xF0,0x00,0x00,0x00,0x00,
N      0x00,0xE0,0x00,0x00,0x00,0x00,0x00,0xE0,
N      0x00,0x00,0x00,0x00,0x00,0xE0,0x00,0x00,
N      0x00,0x00,0x00,0xE0,0x00,0x00,0x00,0x00,
N      0x00,0xE0,0x00,0x00,0x00,0x00,0x00,0xE0,
N      0x00,0x00,0x00,0x00,0x00,0xE0,0x00,0x00,
N      0x00,0x00,0x00,0xE0,0x00,0x00,0x00,0x10,
N      0x00,0xE0,0x00,0x00,0x00,0x1C,0x00,0xE0,
N      0x00,0x00,0x00,0x1F,0x00,0xE0,0x01,0x00,
N      0x00,0x1E,0x00,0xE0,0x03,0x80,0x00,0x1C,
N      0x00,0xE0,0x07,0xC0,0x00,0x1C,0x00,0xFF,
N      0xFF,0xE0,0x00,0x1C,0x00,0xE0,0x00,0x00,
N      0x00,0x1C,0x00,0xE0,0x00,0x00,0x00,0x1C,
N      0x00,0xE0,0x00,0x00,0x00,0x1C,0x00,0xE0,
N      0x00,0x00,0x00,0x1C,0x00,0xE0,0x00,0x00,
N      0x00,0x1C,0x00,0xE0,0x00,0x00,0x00,0x1C,
N      0x00,0xE0,0x00,0x00,0x00,0x1C,0x00,0xE0,
N      0x00,0x00,0x00,0x1C,0x00,0xE0,0x00,0x00,
N      0x00,0x1C,0x00,0xE0,0x00,0x00,0x00,0x1C,
N      0x00,0xE0,0x00,0x00,0x00,0x1C,0x00,0xE0,
N      0x00,0x00,0x00,0x1C,0x00,0xE0,0x00,0x00,
N      0x00,0x1C,0x00,0xE0,0x00,0x00,0x00,0x1C,
N      0x00,0xE0,0x00,0x00,0x00,0x1C,0x00,0xE0,
N      0x00,0x00,0x00,0x1C,0x00,0xE0,0x00,0x00,
N      0x00,0x1C,0x00,0xE0,0x00,0x00,0x00,0x1C,
N      0x00,0xE0,0x00,0x00,0x00,0x1C,0x00,0xE0,
N      0x00,0x60,0x00,0x1C,0x00,0xE0,0x00,0xF0,
N      0x3F,0xFF,0xFF,0xFF,0xFF,0xF8,0x1F,0xFF,
N      0xFF,0xFF,0xFF,0xFC,0x00,0x00,0x00,0x00,
N      0x00,0x00,0x00,0x00,0x00,0x00,0x00,0x00,
N      0x00,0x00,0x00,0x00,0x00,0x00,0x00,0x00,
N      0x00,0x00,0x00,0x00,0x00,0x00,0x00,0x00,
N      0x00,0x00,0x00,0x00,0x00,0x00,0x00,0x00,// 止 //
N 
N
N0xB7,0xB5, 0x00,0x00,0x00,0x00,0x00,0x00,0x00,0x00,//返//
N      0x00,0x00,0x00,0x00,0x00,0x00,0x00,0x00,
N      0x00,0x00,0x00,0x00,0x00,0x00,0x06,0x00,
N      0x00,0x80,0x00,0x00,0x1E,0x00,0x00,0xE0,
N      0x00,0x01,0xFF,0x00,0x00,0x70,0x18,0x3F,
N      0xF8,0x00,0x00,0x78,0x1F,0xF0,0x00,0x00,
N      0x00,0x38,0x1C,0x00,0x00,0x00,0x00,0x38,
N      0x1C,0x00,0x00,0x00,0x00,0x38,0x1C,0x00,
N      0x00,0x00,0x00,0x10,0x1C,0x00,0x00,0x00,
N      0x00,0x00,0x1C,0x00,0x00,0x00,0x00,0x00,
N      0x1C,0x00,0x00,0x00,0x00,0x00,0x1C,0x00,
N      0x06,0x00,0x00,0x00,0x1C,0x00,0x0F,0x00,
N      0x00,0x00,0x1F,0xFF,0xFF,0x80,0x00,0x10,
N      0x1C,0x00,0x0F,0x00,0x00,0x38,0x1C,0x00,
N      0x0E,0x00,0x1F,0xFC,0x1C,0x00,0x0C,0x00,
N      0x00,0x30,0x1C,0x00,0x1C,0x00,0x00,0x30,
N      0x1C,0x00,0x18,0x00,0x00,0x30,0x1C,0xC0,
N      0x38,0x00,0x00,0x30,0x1C,0x70,0x30,0x00,
N      0x00,0x30,0x18,0x18,0x70,0x00,0x00,0x30,
N      0x18,0x0E,0x60,0x00,0x00,0x30,0x18,0x03,
N      0xE0,0x00,0x00,0x30,0x38,0x01,0xE0,0x00,
N      0x00,0x30,0x30,0x01,0xF0,0x00,0x00,0x30,
N      0x30,0x03,0xBC,0x00,0x00,0x30,0x60,0x07,
N      0x1E,0x00,0x00,0x30,0x60,0x0E,0x0F,0x00,
N      0x00,0x30,0xC0,0x1C,0x07,0x80,0x00,0x30,
N      0x80,0x30,0x03,0xC0,0x00,0x31,0x80,0xE0,
N      0x01,0xC0,0x00,0x31,0x01,0xC0,0x01,0xC0,
N      0x00,0x30,0x07,0x00,0x00,0x80,0x00,0xEC,
N      0x0C,0x00,0x00,0x00,0x01,0x86,0x10,0x00,
N      0x00,0x00,0x07,0x03,0x80,0x00,0x00,0x00,
N      0x1E,0x00,0xF8,0x00,0x00,0x04,0x1C,0x00,
N      0x3F,0xFF,0xFF,0xF8,0x0C,0x00,0x0F,0xFF,
N      0xFF,0xE0,0x00,0x00,0x00,0xFF,0xFF,0xE0,
N      0x00,0x00,0x00,0x00,0x00,0x00,0x00,0x00,
N      0x00,0x00,0x00,0x00,0x00,0x00,0x00,0x00,
N      0x00,0x00,0x00,0x00,0x00,0x00,0x00,0x00,
N
N0xBB,0xD8, 0x00,0x00,0x00,0x00,0x00,0x00,0x00,0x00,//回//
N      0x00,0x00,0x00,0x00,0x00,0x00,0x00,0x00,
N      0x00,0x00,0x00,0x00,0x00,0x00,0x00,0x00,
N      0x00,0x00,0x00,0x00,0x01,0x80,0x01,0x80,
N      0x00,0x00,0x01,0xC0,0x01,0xFF,0xFF,0xFF,
N      0xFF,0xC0,0x01,0x80,0x00,0x00,0x01,0x80,
N      0x01,0x80,0x00,0x00,0x01,0x80,0x01,0x80,
N      0x00,0x00,0x01,0x80,0x01,0x80,0x00,0x00,
N      0x01,0x80,0x01,0x80,0x00,0x00,0x01,0x80,
N      0x01,0x80,0x00,0x00,0x01,0x80,0x01,0x80,
N      0x00,0x00,0x01,0x80,0x01,0x80,0x00,0x02,
N      0x01,0x80,0x01,0x80,0xC0,0x03,0x01,0x80,
N      0x01,0x80,0xFF,0xFF,0x81,0x80,0x01,0x80,
N      0xC0,0x07,0x01,0x80,0x01,0x80,0xC0,0x07,
N      0x01,0x80,0x01,0x80,0xC0,0x07,0x01,0x80,
N      0x01,0x80,0xC0,0x07,0x01,0x80,0x01,0x80,
N      0xC0,0x07,0x01,0x80,0x01,0x80,0xC0,0x07,
N      0x01,0x80,0x01,0x80,0xC0,0x07,0x01,0x80,
N      0x01,0x80,0xC0,0x07,0x01,0x80,0x01,0x80,
N      0xC0,0x07,0x01,0x80,0x01,0x80,0xC0,0x07,
N      0x01,0x80,0x01,0x80,0xFF,0xFF,0x01,0x80,
N      0x01,0x80,0xFF,0xFF,0x01,0x80,0x01,0x80,
N      0xC0,0x07,0x01,0x80,0x01,0x80,0xC0,0x07,
N      0x01,0x80,0x01,0x80,0xC0,0x06,0x01,0x80,
N      0x01,0x80,0x00,0x00,0x01,0x80,0x01,0x80,
N      0x00,0x00,0x01,0x80,0x01,0x80,0x00,0x00,
N      0x01,0x80,0x01,0x80,0x00,0x00,0x01,0x80,
N      0x01,0x80,0x00,0x00,0x01,0x80,0x01,0x80,
N      0x00,0x00,0x01,0x80,0x01,0x80,0x00,0x00,
N      0x01,0x80,0x01,0xFF,0xFF,0xFF,0xFF,0x80,
N      0x01,0x80,0x00,0x00,0x01,0x80,0x01,0x80,
N      0x00,0x00,0x01,0x80,0x01,0x80,0x00,0x00,
N      0x01,0x80,0x01,0x80,0x00,0x00,0x01,0x00,
N      0x01,0x00,0x00,0x00,0x00,0x00,0x00,0x00,
N      0x00,0x00,0x00,0x00,0x00,0x00,0x00,0x00,
N      0x00,0x00,0x00,0x00,0x00,0x00,0x00,0x00,
N
N
N/* 最后一行必须用0xFF,0xFF结束，这是字库数组结束标志 */
N0xFF,0xFF
N
N};
