L 1 "..\User\fonts\hz64.c"
N/*
N	FLASH中内嵌小字库，只包括本程序用到的汉字点阵
N	每行点阵数据，头2字节是汉子的内码，后面32字节是16点阵汉子的字模数据。
N*/
N//电机初始化退卡中暂无检测记录，结量描品扫束位样在正止
Nunsigned char const g_Hz64[] = {
N
N0xB5,0xE7, 0x00,0x00,0x00,0x00,0x00,0x00,0x00,0x00,
N      0x00,0x00,0x00,0x00,0x00,0x00,0x00,0x00,
N      0x00,0x00,0x00,0x00,0x00,0x00,0x00,0x00,
N      0x00,0x00,0x00,0x1F,0x00,0x00,0x00,0x00,
N      0x00,0x00,0x00,0x1F,0x00,0x00,0x00,0x00,
N      0x00,0x00,0x00,0x1F,0x00,0x00,0x00,0x00,
N      0x00,0x00,0x00,0x1F,0x00,0x00,0x00,0x00,
N      0x00,0x00,0x00,0x1F,0x00,0x00,0x00,0x00,
N      0x00,0x00,0x00,0x1F,0x00,0x00,0x00,0x00,
N      0x00,0x00,0x00,0x1F,0x00,0x00,0x00,0x00,
N      0x00,0x00,0x00,0x1F,0x00,0x00,0x00,0x00,
N      0x00,0x00,0x00,0x1F,0x00,0x00,0x00,0x00,
N      0x00,0x00,0x00,0x1F,0x00,0x00,0x00,0x00,
N      0x03,0xFF,0xFF,0xFF,0xFF,0xFF,0xF0,0x00,
N      0x01,0xFF,0xFF,0xFF,0xFF,0xFF,0xF0,0x00,
N      0x01,0xFF,0xFF,0xFF,0xFF,0xFF,0xF0,0x00,
N      0x01,0xFF,0xFF,0xFF,0xFF,0xFF,0xF0,0x00,
N      0x01,0xFF,0xFF,0xFF,0xFF,0xFF,0xF0,0x00,
N      0x01,0xF0,0x00,0x1F,0x00,0x01,0xF0,0x00,
N      0x01,0xF0,0x00,0x1F,0x00,0x01,0xF0,0x00,
N      0x01,0xF0,0x00,0x1F,0x00,0x01,0xF0,0x00,
N      0x01,0xF0,0x00,0x1F,0x00,0x01,0xF0,0x00,
N      0x01,0xF0,0x00,0x1F,0x00,0x01,0xF0,0x00,
N      0x01,0xF0,0x00,0x1F,0x00,0x01,0xF0,0x00,
N      0x01,0xF0,0x00,0x1F,0x00,0x01,0xF0,0x00,
N      0x01,0xF0,0x00,0x1F,0x00,0x01,0xF0,0x00,
N      0x01,0xF0,0x00,0x1F,0x00,0x01,0xF0,0x00,
N      0x01,0xFF,0xFF,0xFF,0xFF,0xFF,0xF0,0x00,
N      0x01,0xFF,0xFF,0xFF,0xFF,0xFF,0xF0,0x00,
N      0x01,0xFF,0xFF,0xFF,0xFF,0xFF,0xF0,0x00,
N      0x01,0xFF,0xFF,0xFF,0xFF,0xFF,0xF0,0x00,
N      0x01,0xF0,0x00,0x1F,0x00,0x01,0xF0,0x00,
N      0x01,0xF0,0x00,0x1F,0x00,0x01,0xF0,0x00,
N      0x01,0xF0,0x00,0x1F,0x00,0x01,0xF0,0x00,
N      0x01,0xF0,0x00,0x1F,0x00,0x01,0xF0,0x00,
N      0x01,0xF0,0x00,0x1F,0x00,0x01,0xF0,0x00,
N      0x01,0xF0,0x00,0x1F,0x00,0x01,0xF0,0x00,
N      0x01,0xF0,0x00,0x1F,0x00,0x01,0xF0,0x00,
N      0x01,0xF0,0x00,0x1F,0x00,0x01,0xF0,0x00,
N      0x01,0xF0,0x00,0x1F,0x00,0x01,0xF0,0x00,
N      0x01,0xF0,0x00,0x1F,0x00,0x01,0xF0,0x00,
N      0x01,0xFF,0xFF,0xFF,0xFF,0xFF,0xF0,0x00,
N      0x01,0xFF,0xFF,0xFF,0xFF,0xFF,0xF0,0x00,
N      0x01,0xFF,0xFF,0xFF,0xFF,0xFF,0xF0,0x00,
N      0x01,0xFF,0xFF,0xFF,0xFF,0xFF,0xF0,0x00,
N      0x01,0xF0,0x00,0x1F,0x00,0x00,0x00,0x00,
N      0x01,0xF0,0x00,0x1F,0x00,0x00,0x00,0x00,
N      0x01,0xF0,0x00,0x1F,0x00,0x00,0x00,0x00,
N      0x01,0xF0,0x00,0x1F,0x00,0x00,0x00,0x00,
N      0x01,0xF0,0x00,0x1F,0x00,0x00,0x00,0x00,
N      0x00,0x00,0x00,0x1F,0x00,0x00,0x00,0xC0,
N      0x00,0x00,0x00,0x1F,0x00,0x00,0x01,0xF8,
N      0x00,0x00,0x00,0x1F,0x00,0x00,0x01,0xF8,
N      0x00,0x00,0x00,0x1F,0x00,0x00,0x01,0xF8,
N      0x00,0x00,0x00,0x1F,0x00,0x00,0x01,0xF8,
N      0x00,0x00,0x00,0x1F,0x80,0x00,0x03,0xF0,
N      0x00,0x00,0x00,0x1F,0xFF,0xFF,0xFF,0xF0,
N      0x00,0x00,0x00,0x1F,0xFF,0xFF,0xFF,0xE0,
N      0x00,0x00,0x00,0x0F,0xFF,0xFF,0xFF,0xE0,
N      0x00,0x00,0x00,0x07,0xFF,0xFF,0xFF,0xC0,
N      0x00,0x00,0x00,0x01,0xFF,0xFF,0xFF,0x00,
N      0x00,0x00,0x00,0x00,0x00,0x00,0x00,0x00,
N      0x00,0x00,0x00,0x00,0x00,0x00,0x00,0x00,
N      0x00,0x00,0x00,0x00,0x00,0x00,0x00,0x00,
N
N0xBB,0xFA, 0x00,0x00,0x00,0x00,0x00,0x00,0x00,0x00,
N      0x00,0x00,0x00,0x00,0x00,0x00,0x00,0x00,
N      0x00,0x00,0x00,0x00,0x00,0x00,0x00,0x00,
N      0x00,0x00,0x00,0x00,0x00,0x00,0x00,0x00,
N      0x00,0x07,0xC0,0x00,0x00,0x00,0x00,0x00,
N      0x00,0x07,0xC0,0x00,0x00,0x00,0x00,0x00,
N      0x00,0x07,0xC0,0x00,0x00,0x00,0x00,0x00,
N      0x00,0x07,0xC0,0x01,0xFF,0xFF,0xE0,0x00,
N      0x00,0x07,0xC0,0x01,0xFF,0xFF,0xE0,0x00,
N      0x00,0x07,0xC0,0x01,0xFF,0xFF,0xE0,0x00,
N      0x00,0x07,0xC0,0x01,0xFF,0xFF,0xE0,0x00,
N      0x00,0x07,0xC0,0x01,0xFF,0xFF,0xE0,0x00,
N      0x00,0x07,0xC0,0x01,0xF0,0x03,0xE0,0x00,
N      0x00,0x07,0xC0,0x01,0xF0,0x03,0xE0,0x00,
N      0x00,0x07,0xC0,0x01,0xF0,0x03,0xE0,0x00,
N      0x00,0x07,0xC0,0x01,0xF0,0x03,0xE0,0x00,
N      0x0F,0xFF,0xFF,0xE1,0xF0,0x03,0xE0,0x00,
N      0x0F,0xFF,0xFF,0xE1,0xF0,0x03,0xE0,0x00,
N      0x0F,0xFF,0xFF,0xE1,0xF0,0x03,0xE0,0x00,
N      0x0F,0xFF,0xFF,0xE1,0xF0,0x03,0xE0,0x00,
N      0x0F,0xFF,0xFF,0xE1,0xF0,0x03,0xE0,0x00,
N      0x00,0x0F,0xC0,0x01,0xF0,0x03,0xE0,0x00,
N      0x00,0x0F,0xC0,0x01,0xF0,0x03,0xE0,0x00,
N      0x00,0x0F,0xC0,0x01,0xF0,0x03,0xE0,0x00,
N      0x00,0x1F,0xC0,0x01,0xF0,0x03,0xE0,0x00,
N      0x00,0x1F,0xC0,0x01,0xF0,0x03,0xE0,0x00,
N      0x00,0x1F,0xC0,0x01,0xF0,0x03,0xE0,0x00,
N      0x00,0x3F,0xC0,0x01,0xF0,0x03,0xE0,0x00,
N      0x00,0x3F,0xC4,0x01,0xF0,0x03,0xE0,0x00,
N      0x00,0x3F,0xDE,0x01,0xF0,0x03,0xE0,0x00,
N      0x00,0x7F,0xFE,0x01,0xF0,0x03,0xE0,0x00,
N      0x00,0x7F,0xDF,0x01,0xF0,0x03,0xE0,0x00,
N      0x00,0xFF,0xDF,0x81,0xF0,0x03,0xE0,0x00,
N      0x00,0xFF,0xCF,0xC1,0xF0,0x03,0xE0,0x00,
N      0x01,0xF7,0xCF,0xC1,0xF0,0x03,0xE0,0x00,
N      0x01,0xF7,0xC7,0xE1,0xF0,0x03,0xE0,0x00,
N      0x03,0xF7,0xC3,0xE1,0xF0,0x03,0xE0,0x00,
N      0x03,0xE7,0xC3,0xC1,0xF0,0x03,0xE0,0x00,
N      0x07,0xE7,0xC1,0x81,0xE0,0x03,0xE0,0x00,
N      0x07,0xE7,0xC0,0x01,0xE0,0x03,0xE0,0x00,
N      0x0F,0xC7,0xC0,0x03,0xE0,0x03,0xE0,0x00,
N      0x0F,0xC7,0xC0,0x03,0xE0,0x03,0xE0,0x00,
N      0x1F,0x87,0xC0,0x03,0xE0,0x03,0xE0,0x00,
N      0x3F,0x87,0xC0,0x03,0xE0,0x03,0xE0,0x00,
N      0x1F,0x07,0xC0,0x03,0xC0,0x03,0xE0,0x00,
N      0x0E,0x07,0xC0,0x07,0xC0,0x03,0xE0,0x00,
N      0x06,0x07,0xC0,0x07,0xC0,0x03,0xE0,0x00,
N      0x00,0x07,0xC0,0x07,0xC0,0x03,0xE0,0x00,
N      0x00,0x07,0xC0,0x0F,0x80,0x03,0xE0,0x00,
N      0x00,0x07,0xC0,0x0F,0x80,0x03,0xE0,0xC0,
N      0x00,0x07,0xC0,0x1F,0x80,0x03,0xE0,0xF8,
N      0x00,0x07,0xC0,0x1F,0x00,0x03,0xE0,0xFC,
N      0x00,0x07,0xC0,0x3F,0x00,0x03,0xE0,0xF8,
N      0x00,0x07,0xC0,0x7E,0x00,0x03,0xE0,0xF8,
N      0x00,0x07,0xC0,0xFE,0x00,0x03,0xE0,0xF8,
N      0x00,0x07,0xC1,0xFC,0x00,0x03,0xFF,0xF8,
N      0x00,0x07,0xC3,0xF8,0x00,0x03,0xFF,0xF0,
N      0x00,0x07,0xC1,0xF8,0x00,0x03,0xFF,0xF0,
N      0x00,0x07,0xC0,0xF0,0x00,0x01,0xFF,0xE0,
N      0x00,0x07,0xC0,0x60,0x00,0x00,0x1F,0x80,
N      0x00,0x00,0x00,0x00,0x00,0x00,0x00,0x00,
N      0x00,0x00,0x00,0x00,0x00,0x00,0x00,0x00,
N      0x00,0x00,0x00,0x00,0x00,0x00,0x00,0x00,
N      0x00,0x00,0x00,0x00,0x00,0x00,0x00,0x00,
N
N0xB3,0xF5, 0x00,0x00,0x00,0x00,0x00,0x00,0x00,0x00,
N      0x00,0x00,0x00,0x00,0x00,0x00,0x00,0x00,
N      0x00,0x00,0x00,0x00,0x00,0x00,0x00,0x00,
N      0x00,0x00,0xC0,0x00,0x00,0x00,0x00,0x00,
N      0x00,0x07,0xC0,0x00,0x00,0x00,0x00,0x00,
N      0x00,0x03,0xE0,0x00,0x00,0x00,0x00,0x00,
N      0x00,0x03,0xF0,0x00,0x00,0x00,0x00,0x00,
N      0x00,0x01,0xF0,0x00,0x00,0x00,0x00,0x00,
N      0x00,0x01,0xF8,0x00,0x00,0x00,0x00,0x00,
N      0x00,0x01,0xF8,0x0F,0xFF,0xFF,0xFF,0xE0,
N      0x00,0x00,0xFC,0x0F,0xFF,0xFF,0xFF,0xE0,
N      0x00,0x00,0xF8,0x0F,0xFF,0xFF,0xFF,0xE0,
N      0x00,0x00,0x40,0x0F,0xFF,0xFF,0xFF,0xE0,
N      0x00,0x00,0x00,0x00,0x03,0xE0,0x03,0xE0,
N      0x00,0x00,0x00,0x00,0x03,0xE0,0x03,0xC0,
N      0x00,0x00,0x00,0x00,0x03,0xE0,0x03,0xC0,
N      0x07,0xFF,0xFF,0xC0,0x03,0xE0,0x03,0xC0,
N      0x07,0xFF,0xFF,0x80,0x03,0xE0,0x03,0xC0,
N      0x07,0xFF,0xFF,0x80,0x03,0xE0,0x07,0xC0,
N      0x07,0xFF,0xFF,0x00,0x03,0xE0,0x07,0xC0,
N      0x07,0xFF,0xFF,0x00,0x03,0xE0,0x07,0xC0,
N      0x00,0x00,0x3E,0x00,0x03,0xE0,0x07,0xC0,
N      0x00,0x00,0x3E,0x00,0x03,0xE0,0x07,0xC0,
N      0x00,0x00,0x7C,0x00,0x03,0xC0,0x07,0xC0,
N      0x00,0x00,0x7C,0x00,0x03,0xC0,0x07,0xC0,
N      0x00,0x00,0xF8,0x00,0x03,0xC0,0x07,0xC0,
N      0x00,0x01,0xF8,0x10,0x07,0xC0,0x07,0xC0,
N      0x00,0x01,0xF0,0x38,0x07,0xC0,0x07,0xC0,
N      0x00,0x03,0xF0,0x7C,0x07,0xC0,0x07,0xC0,
N      0x00,0x07,0xE0,0x7E,0x07,0xC0,0x07,0xC0,
N      0x00,0x07,0xF0,0xFC,0x07,0xC0,0x07,0xC0,
N      0x00,0x0F,0xF9,0xF8,0x07,0xC0,0x07,0xC0,
N      0x00,0x1F,0xFF,0xF0,0x07,0xC0,0x07,0xC0,
N      0x00,0x3F,0xFF,0xE0,0x07,0x80,0x07,0xC0,
N      0x00,0x7F,0xFF,0xC0,0x0F,0x80,0x07,0x80,
N      0x00,0xFF,0xFF,0x80,0x0F,0x80,0x07,0x80,
N      0x01,0xFB,0xFF,0xC0,0x0F,0x80,0x07,0x80,
N      0x07,0xF3,0xEF,0xE0,0x0F,0x80,0x07,0x80,
N      0x0F,0xF3,0xE7,0xF0,0x1F,0x00,0x0F,0x80,
N      0x3F,0xE3,0xE3,0xF8,0x1F,0x00,0x0F,0x80,
N      0x1F,0xC3,0xE1,0xFC,0x1F,0x00,0x0F,0x80,
N      0x1F,0x03,0xE0,0xF8,0x3F,0x00,0x0F,0x80,
N      0x0E,0x03,0xE0,0x70,0x3E,0x00,0x0F,0x80,
N      0x04,0x03,0xE0,0x60,0x3E,0x00,0x0F,0x80,
N      0x00,0x03,0xE0,0x00,0x7E,0x00,0x0F,0x80,
N      0x00,0x03,0xE0,0x00,0x7C,0x00,0x0F,0x80,
N      0x00,0x03,0xE0,0x00,0xFC,0x00,0x0F,0x80,
N      0x00,0x03,0xE0,0x00,0xF8,0x00,0x0F,0x80,
N      0x00,0x03,0xE0,0x01,0xF8,0x00,0x0F,0x80,
N      0x00,0x03,0xE0,0x03,0xF0,0x00,0x0F,0x80,
N      0x00,0x03,0xE0,0x03,0xF0,0x00,0x0F,0x80,
N      0x00,0x03,0xE0,0x07,0xE0,0x00,0x0F,0x80,
N      0x00,0x03,0xE0,0x0F,0xC0,0x00,0x1F,0x80,
N      0x00,0x03,0xE0,0x1F,0xC0,0x00,0x1F,0x00,
N      0x00,0x03,0xE0,0x3F,0x80,0x3F,0xFF,0x00,
N      0x00,0x03,0xE0,0x7F,0x00,0x3F,0xFF,0x00,
N      0x00,0x03,0xE0,0xFE,0x00,0x1F,0xFE,0x00,
N      0x00,0x03,0xE1,0xFE,0x00,0x1F,0xFE,0x00,
N      0x00,0x03,0xE0,0xFC,0x00,0x0F,0xF8,0x00,
N      0x00,0x03,0xE0,0x78,0x00,0x0F,0xE0,0x00,
N      0x00,0x03,0xE0,0x10,0x00,0x0C,0x00,0x00,
N      0x00,0x00,0x00,0x00,0x00,0x00,0x00,0x00,
N      0x00,0x00,0x00,0x00,0x00,0x00,0x00,0x00,
N      0x00,0x00,0x00,0x00,0x00,0x00,0x00,0x00,
N
N0xCA,0xBC, 0x00,0x00,0x00,0x00,0x00,0x00,0x00,0x00,
N      0x00,0x00,0x00,0x00,0x00,0x00,0x00,0x00,
N      0x00,0x00,0x00,0x00,0x00,0x00,0x00,0x00,
N      0x00,0x0E,0x00,0x00,0x02,0x00,0x00,0x00,
N      0x00,0x0F,0x80,0x00,0x03,0x80,0x00,0x00,
N      0x00,0x0F,0x80,0x00,0x07,0xF0,0x00,0x00,
N      0x00,0x0F,0x80,0x00,0x07,0xE0,0x00,0x00,
N      0x00,0x1F,0x00,0x00,0x07,0xE0,0x00,0x00,
N      0x00,0x1F,0x00,0x00,0x0F,0xC0,0x00,0x00,
N      0x00,0x1F,0x00,0x00,0x0F,0xC0,0x00,0x00,
N      0x00,0x1F,0x00,0x00,0x1F,0x80,0x00,0x00,
N      0x00,0x1E,0x00,0x00,0x1F,0x00,0x00,0x00,
N      0x00,0x1E,0x00,0x00,0x1F,0x00,0x00,0x00,
N      0x00,0x1E,0x00,0x00,0x3E,0x00,0x20,0x00,
N      0x00,0x1E,0x00,0x00,0x7C,0x00,0xF0,0x00,
N      0x00,0x3E,0x00,0x00,0x7C,0x01,0xF0,0x00,
N      0x1F,0xFF,0xFF,0x80,0xF8,0x01,0xF8,0x00,
N      0x1F,0xFF,0xFF,0x80,0xF8,0x00,0xFC,0x00,
N      0x1F,0xFF,0xFF,0x81,0xF0,0x00,0x7E,0x00,
N      0x1F,0xFF,0xFF,0x83,0xE0,0x00,0x3F,0x00,
N      0x1F,0xFF,0xFF,0x83,0xE0,0x00,0x3F,0x00,
N      0x00,0x7C,0x0F,0x87,0xC0,0x00,0x1F,0x80,
N      0x00,0x7C,0x0F,0x8F,0x80,0x00,0x0F,0xC0,
N      0x00,0x78,0x0F,0x9F,0xFF,0xFF,0xFF,0xE0,
N      0x00,0x78,0x0F,0xBF,0xFF,0xFF,0xFF,0xF0,
N      0x00,0x78,0x0F,0x1F,0xFF,0xFF,0xFF,0xF0,
N      0x00,0xF8,0x0F,0x1F,0xFF,0xFF,0xC1,0xF8,
N      0x00,0xF8,0x0F,0x0F,0xFC,0x00,0x00,0xF0,
N      0x00,0xF0,0x1F,0x0F,0x00,0x00,0x00,0x40,
N      0x00,0xF0,0x1F,0x00,0x00,0x00,0x00,0x00,
N      0x01,0xF0,0x1F,0x00,0x00,0x00,0x00,0x00,
N      0x01,0xF0,0x1E,0x00,0x00,0x00,0x00,0x00,
N      0x01,0xE0,0x1E,0x00,0x00,0x00,0x00,0x00,
N      0x01,0xE0,0x3E,0x00,0x00,0x00,0x00,0x00,
N      0x03,0xE0,0x3E,0x07,0xFF,0xFF,0xFF,0x80,
N      0x03,0xE0,0x3C,0x03,0xFF,0xFF,0xFF,0x80,
N      0x03,0xC0,0x7C,0x03,0xFF,0xFF,0xFF,0x80,
N      0x03,0xE0,0x7C,0x03,0xFF,0xFF,0xFF,0x80,
N      0x07,0xF0,0x7C,0x03,0xFF,0xFF,0xFF,0x80,
N      0x07,0xF8,0xF8,0x03,0xE0,0x00,0x0F,0x80,
N      0x01,0xFE,0xF8,0x03,0xE0,0x00,0x0F,0x80,
N      0x00,0xFF,0xF0,0x03,0xE0,0x00,0x0F,0x80,
N      0x00,0x3F,0xF0,0x03,0xE0,0x00,0x0F,0x80,
N      0x00,0x1F,0xF0,0x03,0xE0,0x00,0x0F,0x80,
N      0x00,0x07,0xF0,0x03,0xE0,0x00,0x0F,0x80,
N      0x00,0x03,0xF8,0x03,0xE0,0x00,0x0F,0x80,
N      0x00,0x07,0xFE,0x03,0xE0,0x00,0x0F,0x80,
N      0x00,0x07,0xFF,0x03,0xE0,0x00,0x0F,0x80,
N      0x00,0x0F,0xBF,0x83,0xE0,0x00,0x0F,0x80,
N      0x00,0x1F,0x9F,0xC3,0xE0,0x00,0x0F,0x80,
N      0x00,0x1F,0x0F,0xE3,0xE0,0x00,0x0F,0x80,
N      0x00,0x3F,0x07,0xC3,0xE0,0x00,0x0F,0x80,
N      0x00,0x7E,0x03,0x83,0xFF,0xFF,0xFF,0x80,
N      0x00,0xFC,0x01,0x83,0xFF,0xFF,0xFF,0x80,
N      0x01,0xF8,0x00,0x03,0xFF,0xFF,0xFF,0x80,
N      0x03,0xF8,0x00,0x03,0xFF,0xFF,0xFF,0x80,
N      0x07,0xF0,0x00,0x03,0xE0,0x00,0x0F,0x80,
N      0x0F,0xE0,0x00,0x03,0xE0,0x00,0x0F,0x80,
N      0x3F,0xC0,0x00,0x03,0xE0,0x00,0x0F,0x80,
N      0x0F,0x80,0x00,0x03,0xE0,0x00,0x0F,0x80,
N      0x03,0x00,0x00,0x03,0xE0,0x00,0x0F,0x80,
N      0x00,0x00,0x00,0x03,0xE0,0x00,0x0F,0x80,
N      0x00,0x00,0x00,0x00,0x00,0x00,0x00,0x00,
N      0x00,0x00,0x00,0x00,0x00,0x00,0x00,0x00,
N
N0xBB,0xAF, 0x00,0x00,0x00,0x00,0x00,0x00,0x00,0x00,
N      0x00,0x00,0x00,0x00,0x00,0x00,0x00,0x00,
N      0x00,0x00,0x00,0x00,0x00,0x00,0x00,0x00,
N      0x00,0x00,0x00,0x00,0x00,0x00,0x00,0x00,
N      0x00,0x00,0x20,0x00,0x00,0x00,0x00,0x00,
N      0x00,0x00,0x38,0x00,0x3E,0x00,0x00,0x00,
N      0x00,0x00,0x7F,0x00,0x3E,0x00,0x00,0x00,
N      0x00,0x00,0x7E,0x00,0x3E,0x00,0x00,0x00,
N      0x00,0x00,0x7E,0x00,0x3E,0x00,0x00,0x00,
N      0x00,0x00,0xFC,0x00,0x3E,0x00,0x00,0x00,
N      0x00,0x00,0xF8,0x00,0x3E,0x00,0x00,0x00,
N      0x00,0x01,0xF8,0x00,0x3E,0x00,0x00,0x00,
N      0x00,0x01,0xF0,0x00,0x3E,0x00,0x02,0x00,
N      0x00,0x03,0xF0,0x00,0x3E,0x00,0x07,0x00,
N      0x00,0x03,0xE0,0x00,0x3E,0x00,0x07,0x80,
N      0x00,0x07,0xE0,0x00,0x3E,0x00,0x0F,0xE0,
N      0x00,0x07,0xE0,0x00,0x3E,0x00,0x1F,0xC0,
N      0x00,0x0F,0xC0,0x00,0x3E,0x00,0x3F,0x80,
N      0x00,0x0F,0xC0,0x00,0x3E,0x00,0x3F,0x00,
N      0x00,0x1F,0xC0,0x00,0x3E,0x00,0x7F,0x00,
N      0x00,0x3F,0xC0,0x00,0x3E,0x00,0xFE,0x00,
N      0x00,0x3F,0xC0,0x00,0x3E,0x01,0xFC,0x00,
N      0x00,0x7F,0xC0,0x00,0x3E,0x03,0xF8,0x00,
N      0x00,0xFF,0xC0,0x00,0x3E,0x07,0xF0,0x00,
N      0x00,0xFF,0xC0,0x00,0x3E,0x0F,0xE0,0x00,
N      0x01,0xFF,0xC0,0x00,0x3E,0x1F,0xC0,0x00,
N      0x03,0xF7,0xC0,0x00,0x3E,0x3F,0x80,0x00,
N      0x07,0xE7,0xC0,0x00,0x3E,0xFF,0x00,0x00,
N      0x0F,0xE7,0xC0,0x00,0x3F,0xFC,0x00,0x00,
N      0x1F,0xC7,0xC0,0x00,0x3F,0xF8,0x00,0x00,
N      0x0F,0x87,0xC0,0x00,0x3F,0xF0,0x00,0x00,
N      0x07,0x07,0xC0,0x00,0x3F,0xE0,0x00,0x00,
N      0x02,0x07,0xC0,0x00,0x3F,0xC0,0x00,0x00,
N      0x00,0x07,0xC0,0x00,0x7F,0x00,0x00,0x00,
N      0x00,0x07,0xC0,0x01,0xFE,0x00,0x00,0x00,
N      0x00,0x07,0xC0,0x03,0xFE,0x00,0x00,0x00,
N      0x00,0x07,0xC0,0x0F,0xFE,0x00,0x00,0x00,
N      0x00,0x07,0xC0,0x1F,0xFE,0x00,0x00,0x00,
N      0x00,0x07,0xC0,0x7F,0xFE,0x00,0x00,0x00,
N      0x00,0x07,0xC1,0xFF,0x3E,0x00,0x00,0x00,
N      0x00,0x07,0xC7,0xFE,0x3E,0x00,0x00,0x00,
N      0x00,0x07,0xC7,0xFC,0x3E,0x00,0x00,0x00,
N      0x00,0x07,0xC3,0xF0,0x3E,0x00,0x00,0x00,
N      0x00,0x07,0xC1,0xE0,0x3E,0x00,0x00,0x00,
N      0x00,0x07,0xC1,0x80,0x3E,0x00,0x00,0x00,
N      0x00,0x07,0xC0,0x00,0x3E,0x00,0x00,0x00,
N      0x00,0x07,0xC0,0x00,0x3E,0x00,0x00,0x00,
N      0x00,0x07,0xC0,0x00,0x3E,0x00,0x00,0x80,
N      0x00,0x07,0xC0,0x00,0x3E,0x00,0x01,0xE0,
N      0x00,0x07,0xC0,0x00,0x3E,0x00,0x01,0xF8,
N      0x00,0x07,0xC0,0x00,0x3E,0x00,0x01,0xF8,
N      0x00,0x07,0xC0,0x00,0x3E,0x00,0x01,0xF8,
N      0x00,0x07,0xC0,0x00,0x3E,0x00,0x01,0xF8,
N      0x00,0x07,0xC0,0x00,0x3F,0x00,0x03,0xF0,
N      0x00,0x07,0xC0,0x00,0x3F,0xFF,0xFF,0xF0,
N      0x00,0x07,0xC0,0x00,0x3F,0xFF,0xFF,0xF0,
N      0x00,0x07,0xC0,0x00,0x1F,0xFF,0xFF,0xE0,
N      0x00,0x07,0xC0,0x00,0x0F,0xFF,0xFF,0xC0,
N      0x00,0x07,0xC0,0x00,0x07,0xFF,0xFF,0x80,
N      0x00,0x07,0xC0,0x00,0x00,0x00,0x00,0x00,
N      0x00,0x07,0xE0,0x00,0x00,0x00,0x00,0x00,
N      0x00,0x00,0x00,0x00,0x00,0x00,0x00,0x00,
N      0x00,0x00,0x00,0x00,0x00,0x00,0x00,0x00,
N      0x00,0x00,0x00,0x00,0x00,0x00,0x00,0x00,
N
N0xCD,0xCB, 0x00,0x00,0x00,0x00,0x00,0x00,0x00,0x00,
N      0x00,0x00,0x00,0x00,0x00,0x00,0x00,0x00,
N      0x00,0x00,0x00,0x00,0x00,0x00,0x00,0x00,
N      0x00,0x00,0x00,0x00,0x00,0x00,0x00,0x00,
N      0x00,0x38,0x00,0xFF,0xFF,0xFF,0xFC,0x00,
N      0x00,0xF8,0x00,0xFF,0xFF,0xFF,0xFC,0x00,
N      0x00,0xFC,0x00,0xFF,0xFF,0xFF,0xFC,0x00,
N      0x00,0x7C,0x00,0xFF,0xFF,0xFF,0xFC,0x00,
N      0x00,0x7E,0x00,0xF8,0x00,0x00,0x7C,0x00,
N      0x00,0x7E,0x00,0xF8,0x00,0x00,0x7C,0x00,
N      0x00,0x3E,0x00,0xF8,0x00,0x00,0x7C,0x00,
N      0x00,0x3F,0x00,0xF8,0x00,0x00,0x7C,0x00,
N      0x00,0x3F,0x00,0xF8,0x00,0x00,0x7C,0x00,
N      0x00,0x1F,0x00,0xF8,0x00,0x00,0x7C,0x00,
N      0x00,0x1F,0x80,0xFF,0xFF,0xFF,0xFC,0x00,
N      0x00,0x1F,0x80,0xFF,0xFF,0xFF,0xFC,0x00,
N      0x00,0x1E,0x00,0xFF,0xFF,0xFF,0xFC,0x00,
N      0x00,0x00,0x00,0xFF,0xFF,0xFF,0xFC,0x00,
N      0x00,0x00,0x00,0xF8,0x00,0x00,0x7C,0x00,
N      0x00,0x00,0x00,0xF8,0x00,0x00,0x7C,0x00,
N      0x00,0x00,0x00,0xF8,0x00,0x00,0x7C,0x00,
N      0x00,0x00,0x00,0xF8,0x00,0x00,0x7C,0x00,
N      0x00,0x00,0x00,0xF8,0x00,0x00,0x7C,0x00,
N      0x00,0x00,0x00,0xF8,0x00,0x00,0x7C,0x00,
N      0x00,0x00,0x00,0xFF,0xFF,0xFF,0xFC,0x00,
N      0x1F,0xFF,0x00,0xFF,0xFF,0xFF,0xFC,0x00,
N      0x1F,0xFF,0x00,0xFF,0xFF,0xFF,0xFC,0x00,
N      0x1F,0xFF,0x00,0xFF,0xFF,0xFF,0xFC,0x00,
N      0x1F,0xFE,0x00,0xF8,0x00,0x00,0x00,0x00,
N      0x1F,0xFE,0x00,0xF8,0x00,0x00,0x08,0x00,
N      0x00,0x3E,0x00,0xF8,0x00,0x00,0x0C,0x00,
N      0x00,0x3E,0x00,0xF8,0x08,0x00,0x1F,0x00,
N      0x00,0x3E,0x00,0xF8,0x1C,0x00,0x3F,0x80,
N      0x00,0x3E,0x00,0xF8,0x7F,0x00,0x7F,0x80,
N      0x00,0x3E,0x00,0xF8,0x7F,0x80,0xFE,0x00,
N      0x00,0x3E,0x00,0xF8,0x3F,0xE1,0xFC,0x00,
N      0x00,0x3E,0x00,0xF8,0x0F,0xF3,0xF8,0x00,
N      0x00,0x3E,0x00,0xF8,0x07,0xFF,0xE0,0x00,
N      0x00,0x3E,0x00,0xF8,0x03,0xFF,0xC0,0x00,
N      0x00,0x3E,0x00,0xF8,0x00,0xFF,0x80,0x00,
N      0x00,0x3E,0x00,0xF8,0x00,0x7F,0xC0,0x00,
N      0x00,0x3E,0x00,0xF8,0x0C,0x3F,0xE0,0x00,
N      0x00,0x3E,0x00,0xF8,0x3C,0x0F,0xF8,0x00,
N      0x00,0x3E,0x00,0xF8,0xFC,0x07,0xFC,0x00,
N      0x00,0x3E,0x00,0xFB,0xFE,0x03,0xFE,0x00,
N      0x00,0x3E,0x00,0xFF,0xFE,0x00,0xFF,0x80,
N      0x00,0x3E,0x01,0xFF,0xF8,0x00,0x7F,0xC0,
N      0x00,0x3E,0x03,0xFF,0xE0,0x00,0x3F,0xE0,
N      0x00,0x3E,0x03,0xFF,0x80,0x00,0x1F,0x80,
N      0x00,0x3F,0x01,0xFE,0x00,0x00,0x0F,0x00,
N      0x00,0x3F,0x81,0xF8,0x00,0x00,0x02,0x00,
N      0x00,0x7F,0xE0,0xE0,0x00,0x00,0x00,0x00,
N      0x01,0xFF,0xF8,0x00,0x00,0x00,0x00,0x00,
N      0x03,0xFF,0xFF,0x00,0x00,0x00,0x00,0x18,
N      0x07,0xFF,0xFF,0xF8,0x00,0x00,0x0F,0xF8,
N      0x1F,0xF0,0x7F,0xFF,0xFF,0xFF,0xFF,0xF8,
N      0x3F,0xC0,0x1F,0xFF,0xFF,0xFF,0xFF,0xF0,
N      0x1F,0x80,0x07,0xFF,0xFF,0xFF,0xFF,0xF0,
N      0x0F,0x00,0x00,0x7F,0xFF,0xFF,0xFF,0xF0,
N      0x06,0x00,0x00,0x01,0xFF,0xFF,0xFF,0x80,
N      0x00,0x00,0x00,0x00,0x00,0x00,0x00,0x00,
N      0x00,0x00,0x00,0x00,0x00,0x00,0x00,0x00,
N      0x00,0x00,0x00,0x00,0x00,0x00,0x00,0x00,
N      0x00,0x00,0x00,0x00,0x00,0x00,0x00,0x00,
N
N0xBF,0xA8, 0x00,0x00,0x00,0x00,0x00,0x00,0x00,0x00,
N      0x00,0x00,0x00,0x00,0x00,0x00,0x00,0x00,
N      0x00,0x00,0x00,0x00,0x00,0x00,0x00,0x00,
N      0x00,0x00,0x00,0x1F,0xC0,0x00,0x00,0x00,
N      0x00,0x00,0x00,0x1F,0xC0,0x00,0x00,0x00,
N      0x00,0x00,0x00,0x1F,0xC0,0x00,0x00,0x00,
N      0x00,0x00,0x00,0x1F,0x80,0x00,0x00,0x00,
N      0x00,0x00,0x00,0x1F,0x80,0x00,0x00,0x00,
N      0x00,0x00,0x00,0x1F,0x80,0x00,0x00,0x00,
N      0x00,0x00,0x00,0x1F,0x80,0x00,0x00,0x00,
N      0x00,0x00,0x00,0x1F,0x80,0x00,0x00,0x00,
N      0x00,0x00,0x00,0x1F,0x80,0x00,0x00,0x00,
N      0x00,0x00,0x00,0x1F,0xFF,0xFF,0xFE,0x00,
N      0x00,0x00,0x00,0x1F,0xFF,0xFF,0xFE,0x00,
N      0x00,0x00,0x00,0x1F,0xFF,0xFF,0xFE,0x00,
N      0x00,0x00,0x00,0x1F,0xFF,0xFF,0xFE,0x00,
N      0x00,0x00,0x00,0x1F,0xFF,0xFF,0xFE,0x00,
N      0x00,0x00,0x00,0x1F,0x80,0x00,0x00,0x00,
N      0x00,0x00,0x00,0x1F,0x80,0x00,0x00,0x00,
N      0x00,0x00,0x00,0x1F,0x80,0x00,0x00,0x00,
N      0x00,0x00,0x00,0x1F,0x80,0x00,0x00,0x00,
N      0x00,0x00,0x00,0x1F,0x80,0x00,0x00,0x00,
N      0x00,0x00,0x00,0x1F,0x80,0x00,0x00,0x00,
N      0x00,0x00,0x00,0x1F,0x80,0x00,0x00,0x00,
N      0x00,0x00,0x00,0x1F,0x80,0x00,0x00,0x00,
N      0x00,0x00,0x00,0x1F,0x80,0x00,0x00,0x00,
N      0x1F,0xFF,0xFF,0xFF,0xFF,0xFF,0xFF,0xFC,
N      0x1F,0xFF,0xFF,0xFF,0xFF,0xFF,0xFF,0xFC,
N      0x1F,0xFF,0xFF,0xFF,0xFF,0xFF,0xFF,0xFC,
N      0x1F,0xFF,0xFF,0xFF,0xFF,0xFF,0xFF,0xFC,
N      0x1F,0xFF,0xFF,0xFF,0xFF,0xFF,0xFF,0xFC,
N      0x00,0x00,0x00,0x1F,0x80,0x00,0x00,0x00,
N      0x00,0x00,0x00,0x1F,0x80,0x00,0x00,0x00,
N      0x00,0x00,0x00,0x1F,0x80,0x00,0x00,0x00,
N      0x00,0x00,0x00,0x1F,0x80,0x00,0x00,0x00,
N      0x00,0x00,0x00,0x1F,0x80,0x00,0x00,0x00,
N      0x00,0x00,0x00,0x1F,0x86,0x00,0x00,0x00,
N      0x00,0x00,0x00,0x1F,0x8F,0x80,0x00,0x00,
N      0x00,0x00,0x00,0x1F,0x9F,0xC0,0x00,0x00,
N      0x00,0x00,0x00,0x1F,0xBF,0xF0,0x00,0x00,
N      0x00,0x00,0x00,0x1F,0x8F,0xFC,0x00,0x00,
N      0x00,0x00,0x00,0x1F,0x83,0xFE,0x00,0x00,
N      0x00,0x00,0x00,0x1F,0x81,0xFF,0x80,0x00,
N      0x00,0x00,0x00,0x1F,0x80,0x7F,0xC0,0x00,
N      0x00,0x00,0x00,0x1F,0x80,0x3F,0xF0,0x00,
N      0x00,0x00,0x00,0x1F,0x80,0x0F,0xF8,0x00,
N      0x00,0x00,0x00,0x1F,0x80,0x07,0xFE,0x00,
N      0x00,0x00,0x00,0x1F,0x80,0x03,0xF8,0x00,
N      0x00,0x00,0x00,0x1F,0x80,0x00,0xF0,0x00,
N      0x00,0x00,0x00,0x1F,0x80,0x00,0x60,0x00,
N      0x00,0x00,0x00,0x1F,0x80,0x00,0x20,0x00,
N      0x00,0x00,0x00,0x1F,0x80,0x00,0x00,0x00,
N      0x00,0x00,0x00,0x1F,0x80,0x00,0x00,0x00,
N      0x00,0x00,0x00,0x1F,0x80,0x00,0x00,0x00,
N      0x00,0x00,0x00,0x1F,0x80,0x00,0x00,0x00,
N      0x00,0x00,0x00,0x1F,0x80,0x00,0x00,0x00,
N      0x00,0x00,0x00,0x1F,0x80,0x00,0x00,0x00,
N      0x00,0x00,0x00,0x1F,0x80,0x00,0x00,0x00,
N      0x00,0x00,0x00,0x1F,0xC0,0x00,0x00,0x00,
N      0x00,0x00,0x00,0x1F,0xC0,0x00,0x00,0x00,
N      0x00,0x00,0x00,0x1F,0xC0,0x00,0x00,0x00,
N      0x00,0x00,0x00,0x00,0x00,0x00,0x00,0x00,
N      0x00,0x00,0x00,0x00,0x00,0x00,0x00,0x00,
N      0x00,0x00,0x00,0x00,0x00,0x00,0x00,0x00,
N
N0xD6,0xD0, 0x00,0x00,0x00,0x00,0x00,0x00,0x00,0x00,
N      0x00,0x00,0x00,0x00,0x00,0x00,0x00,0x00,
N      0x00,0x00,0x00,0x00,0x00,0x00,0x00,0x00,
N      0x00,0x00,0x00,0x07,0xE0,0x00,0x00,0x00,
N      0x00,0x00,0x00,0x07,0xE0,0x00,0x00,0x00,
N      0x00,0x00,0x00,0x07,0xE0,0x00,0x00,0x00,
N      0x00,0x00,0x00,0x07,0xE0,0x00,0x00,0x00,
N      0x00,0x00,0x00,0x07,0xE0,0x00,0x00,0x00,
N      0x00,0x00,0x00,0x07,0xE0,0x00,0x00,0x00,
N      0x00,0x00,0x00,0x07,0xE0,0x00,0x00,0x00,
N      0x00,0x00,0x00,0x07,0xE0,0x00,0x00,0x00,
N      0x00,0x00,0x00,0x07,0xE0,0x00,0x00,0x00,
N      0x00,0x00,0x00,0x07,0xE0,0x00,0x00,0x00,
N      0x00,0x00,0x00,0x07,0xE0,0x00,0x00,0x00,
N      0x00,0x00,0x00,0x07,0xE0,0x00,0x00,0x00,
N      0x00,0x00,0x00,0x07,0xE0,0x00,0x00,0x00,
N      0x00,0xFF,0xFF,0xFF,0xFF,0xFF,0xFF,0x00,
N      0x00,0xFF,0xFF,0xFF,0xFF,0xFF,0xFF,0x00,
N      0x00,0xFF,0xFF,0xFF,0xFF,0xFF,0xFF,0x00,
N      0x00,0xFF,0xFF,0xFF,0xFF,0xFF,0xFF,0x00,
N      0x00,0xF8,0x00,0x07,0xE0,0x00,0x1F,0x00,
N      0x00,0xF8,0x00,0x07,0xE0,0x00,0x1F,0x00,
N      0x00,0xF8,0x00,0x07,0xE0,0x00,0x1F,0x00,
N      0x00,0xF8,0x00,0x07,0xE0,0x00,0x1F,0x00,
N      0x00,0xF8,0x00,0x07,0xE0,0x00,0x1F,0x00,
N      0x00,0xF8,0x00,0x07,0xE0,0x00,0x1F,0x00,
N      0x00,0xF8,0x00,0x07,0xE0,0x00,0x1F,0x00,
N      0x00,0xF8,0x00,0x07,0xE0,0x00,0x1F,0x00,
N      0x00,0xF8,0x00,0x07,0xE0,0x00,0x1F,0x00,
N      0x00,0xF8,0x00,0x07,0xE0,0x00,0x1F,0x00,
N      0x00,0xF8,0x00,0x07,0xE0,0x00,0x1F,0x00,
N      0x00,0xF8,0x00,0x07,0xE0,0x00,0x1F,0x00,
N      0x00,0xF8,0x00,0x07,0xE0,0x00,0x1F,0x00,
N      0x00,0xF8,0x00,0x07,0xE0,0x00,0x1F,0x00,
N      0x00,0xF8,0x00,0x07,0xE0,0x00,0x1F,0x00,
N      0x00,0xFF,0xFF,0xFF,0xFF,0xFF,0xFF,0x00,
N      0x00,0xFF,0xFF,0xFF,0xFF,0xFF,0xFF,0x00,
N      0x00,0xFF,0xFF,0xFF,0xFF,0xFF,0xFF,0x00,
N      0x00,0xFF,0xFF,0xFF,0xFF,0xFF,0xFF,0x00,
N      0x00,0xF8,0x00,0x07,0xE0,0x00,0x1F,0x00,
N      0x00,0xF8,0x00,0x07,0xE0,0x00,0x1F,0x00,
N      0x00,0xF8,0x00,0x07,0xE0,0x00,0x1F,0x00,
N      0x00,0xF8,0x00,0x07,0xE0,0x00,0x1F,0x00,
N      0x00,0x00,0x00,0x07,0xE0,0x00,0x00,0x00,
N      0x00,0x00,0x00,0x07,0xE0,0x00,0x00,0x00,
N      0x00,0x00,0x00,0x07,0xE0,0x00,0x00,0x00,
N      0x00,0x00,0x00,0x07,0xE0,0x00,0x00,0x00,
N      0x00,0x00,0x00,0x07,0xE0,0x00,0x00,0x00,
N      0x00,0x00,0x00,0x07,0xE0,0x00,0x00,0x00,
N      0x00,0x00,0x00,0x07,0xE0,0x00,0x00,0x00,
N      0x00,0x00,0x00,0x07,0xE0,0x00,0x00,0x00,
N      0x00,0x00,0x00,0x07,0xE0,0x00,0x00,0x00,
N      0x00,0x00,0x00,0x07,0xE0,0x00,0x00,0x00,
N      0x00,0x00,0x00,0x07,0xE0,0x00,0x00,0x00,
N      0x00,0x00,0x00,0x07,0xE0,0x00,0x00,0x00,
N      0x00,0x00,0x00,0x07,0xE0,0x00,0x00,0x00,
N      0x00,0x00,0x00,0x07,0xE0,0x00,0x00,0x00,
N      0x00,0x00,0x00,0x07,0xE0,0x00,0x00,0x00,
N      0x00,0x00,0x00,0x07,0xE0,0x00,0x00,0x00,
N      0x00,0x00,0x00,0x07,0xE0,0x00,0x00,0x00,
N      0x00,0x00,0x00,0x07,0xE0,0x00,0x00,0x00,
N      0x00,0x00,0x00,0x00,0x00,0x00,0x00,0x00,
N      0x00,0x00,0x00,0x00,0x00,0x00,0x00,0x00,
N      0x00,0x00,0x00,0x00,0x00,0x00,0x00,0x00,
N0xB2,0xE2, 0x00,0x00,0x00,0x00,0x00,0x00,0x00,0x00,
N      0x00,0x00,0x00,0x00,0x00,0x00,0x00,0x00,
N      0x00,0x00,0x00,0x00,0x00,0x00,0x00,0x00,
N      0x00,0x00,0x00,0x00,0x00,0x00,0x00,0x00,
N      0x00,0x00,0x00,0x00,0x00,0x00,0x03,0xE0,
N      0x01,0x80,0x00,0x00,0x00,0x00,0x03,0xE0,
N      0x03,0xE0,0x00,0x00,0x00,0x00,0x03,0xE0,
N      0x07,0xF0,0x00,0x00,0x00,0x00,0x03,0xE0,
N      0x07,0xF8,0x1F,0xFF,0xFF,0x00,0x03,0xE0,
N      0x01,0xFE,0x1F,0xFF,0xFF,0x00,0x03,0xE0,
N      0x00,0xFF,0x1F,0xFF,0xFF,0x00,0x03,0xE0,
N      0x00,0x7F,0x1F,0xFF,0xFF,0x00,0x03,0xE0,
N      0x00,0x1E,0x1F,0x00,0x1F,0x07,0x83,0xE0,
N      0x00,0x0E,0x1F,0x00,0x1F,0x07,0x83,0xE0,
N      0x00,0x04,0x1F,0x00,0x1F,0x07,0x83,0xE0,
N      0x00,0x00,0x1F,0x00,0x1F,0x07,0x83,0xE0,
N      0x00,0x00,0x1F,0x00,0x1F,0x07,0x83,0xE0,
N      0x00,0x00,0x1F,0x1C,0x1F,0x07,0x83,0xE0,
N      0x00,0x00,0x1F,0x1F,0x9F,0x07,0x83,0xE0,
N      0x00,0x00,0x1F,0x1F,0x9F,0x07,0x83,0xE0,
N      0x06,0x00,0x1F,0x0F,0x1F,0x07,0x83,0xE0,
N      0x07,0x00,0x1F,0x0F,0x1F,0x07,0x83,0xE0,
N      0x0F,0xC0,0x1F,0x0F,0x1F,0x07,0x83,0xE0,
N      0x1F,0xE0,0x1F,0x0F,0x1F,0x07,0x83,0xE0,
N      0x0F,0xF0,0x1F,0x0F,0x1F,0x07,0x83,0xE0,
N      0x03,0xF8,0x1F,0x0F,0x1F,0x07,0x83,0xE0,
N      0x01,0xFC,0x1F,0x0F,0x1F,0x07,0x83,0xE0,
N      0x00,0xFE,0x1F,0x0F,0x1F,0x07,0x83,0xE0,
N      0x00,0x7C,0x1F,0x0F,0x1F,0x07,0x83,0xE0,
N      0x00,0x38,0x1F,0x0F,0x1F,0x07,0x83,0xE0,
N      0x00,0x10,0x1F,0x0F,0x1F,0x07,0x83,0xE0,
N      0x00,0x00,0x1F,0x0F,0x1F,0x07,0x83,0xE0,
N      0x00,0x00,0x1F,0x0F,0x1F,0x07,0x83,0xE0,
N      0x00,0x00,0x1F,0x1F,0x1F,0x07,0x83,0xE0,
N      0x00,0x00,0x1F,0x1F,0x1F,0x07,0x83,0xE0,
N      0x00,0x08,0x1F,0x1F,0x1F,0x07,0x83,0xE0,
N      0x00,0x0C,0x1F,0x1F,0x1F,0x07,0x83,0xE0,
N      0x00,0x0F,0x1F,0x1F,0x1F,0x07,0x83,0xE0,
N      0x00,0x1F,0x9F,0x1E,0x1F,0x07,0x83,0xE0,
N      0x00,0x1F,0x1F,0x1E,0x1F,0x07,0x83,0xE0,
N      0x00,0x3F,0x1F,0x3E,0x1F,0x07,0x83,0xE0,
N      0x00,0x3E,0x1F,0x3E,0x1F,0x07,0x83,0xE0,
N      0x00,0x3E,0x00,0x3E,0x00,0x07,0x83,0xE0,
N      0x00,0x7C,0x00,0x7E,0x00,0x07,0x83,0xE0,
N      0x00,0x7C,0x00,0x7C,0x00,0x07,0x83,0xE0,
N      0x00,0xF8,0x00,0x7C,0x60,0x07,0x83,0xE0,
N      0x00,0xF8,0x00,0xFC,0xF0,0x0F,0xC3,0xE0,
N      0x01,0xF0,0x00,0xFB,0xF8,0x00,0x03,0xE0,
N      0x01,0xF0,0x01,0xF9,0xFC,0x00,0x03,0xE0,
N      0x03,0xE0,0x01,0xF0,0xFC,0x00,0x03,0xE0,
N      0x07,0xE0,0x03,0xF0,0x7E,0x00,0x03,0xE0,
N      0x07,0xE0,0x03,0xE0,0x3F,0x00,0x03,0xE0,
N      0x0F,0xC0,0x07,0xE0,0x3F,0x00,0x03,0xE0,
N      0x1F,0xC0,0x0F,0xC0,0x1F,0x80,0x03,0xE0,
N      0x1F,0x80,0x1F,0xC0,0x0F,0xC0,0x03,0xE0,
N      0x3F,0x80,0x1F,0x80,0x0F,0xE0,0xFF,0xE0,
N      0x0F,0x00,0x3F,0x00,0x07,0xE0,0xFF,0xE0,
N      0x07,0x00,0x7F,0x00,0x03,0x80,0x7F,0xC0,
N      0x00,0x00,0x7E,0x00,0x03,0x00,0x7F,0xC0,
N      0x00,0x00,0x1C,0x00,0x00,0x00,0x7F,0x00,
N      0x00,0x00,0x08,0x00,0x00,0x00,0x30,0x00,
N      0x00,0x00,0x00,0x00,0x00,0x00,0x00,0x00,
N      0x00,0x00,0x00,0x00,0x00,0x00,0x00,0x00,
N      0x00,0x00,0x00,0x00,0x00,0x00,0x00,0x00,
N
N0xBC,0xC7, 0x00,0x00,0x00,0x00,0x00,0x00,0x00,0x00,
N      0x00,0x00,0x00,0x00,0x00,0x00,0x00,0x00,
N      0x00,0x00,0x00,0x00,0x00,0x00,0x00,0x00,
N      0x00,0x00,0x00,0x00,0x00,0x00,0x00,0x00,
N      0x00,0x00,0x00,0x00,0x00,0x00,0x00,0x00,
N      0x00,0x18,0x00,0x00,0x00,0x00,0x00,0x00,
N      0x00,0x3C,0x00,0x00,0x00,0x00,0x00,0x00,
N      0x00,0x7E,0x00,0x00,0x00,0x00,0x00,0x00,
N      0x00,0x7F,0x00,0x3F,0xFF,0xFF,0xFF,0x00,
N      0x00,0x3F,0x80,0x3F,0xFF,0xFF,0xFF,0x00,
N      0x00,0x1F,0xE0,0x3F,0xFF,0xFF,0xFF,0x00,
N      0x00,0x0F,0xF0,0x3F,0xFF,0xFF,0xFF,0x00,
N      0x00,0x03,0xF8,0x00,0x00,0x00,0x1F,0x00,
N      0x00,0x01,0xFC,0x00,0x00,0x00,0x1F,0x00,
N      0x00,0x00,0xFC,0x00,0x00,0x00,0x1F,0x00,
N      0x00,0x00,0x78,0x00,0x00,0x00,0x1F,0x00,
N      0x00,0x00,0x70,0x00,0x00,0x00,0x1F,0x00,
N      0x00,0x00,0x20,0x00,0x00,0x00,0x1F,0x00,
N      0x00,0x00,0x00,0x00,0x00,0x00,0x1F,0x00,
N      0x00,0x00,0x00,0x00,0x00,0x00,0x1F,0x00,
N      0x00,0x00,0x00,0x00,0x00,0x00,0x1F,0x00,
N      0x00,0x00,0x00,0x00,0x00,0x00,0x1F,0x00,
N      0x1F,0xFF,0xC0,0x00,0x00,0x00,0x1F,0x00,
N      0x1F,0xFF,0xC0,0x00,0x00,0x00,0x1F,0x00,
N      0x1F,0xFF,0xC0,0x00,0x00,0x00,0x1F,0x00,
N      0x1F,0xFF,0xC0,0x00,0x00,0x00,0x1F,0x00,
N      0x1F,0xFF,0xC0,0x00,0x00,0x00,0x1F,0x00,
N      0x00,0x07,0xC0,0x00,0x00,0x00,0x1F,0x00,
N      0x00,0x07,0xC0,0x07,0xFF,0xFF,0xFF,0x00,
N      0x00,0x07,0xC0,0x07,0xFF,0xFF,0xFF,0x00,
N      0x00,0x07,0xC0,0x07,0xFF,0xFF,0xFF,0x00,
N      0x00,0x07,0xC0,0x07,0xFF,0xFF,0xFF,0x00,
N      0x00,0x07,0xC0,0x07,0xC0,0x00,0x1F,0x00,
N      0x00,0x07,0xC0,0x07,0xC0,0x00,0x1F,0x00,
N      0x00,0x07,0xC0,0x07,0xC0,0x00,0x1F,0x00,
N      0x00,0x07,0xC0,0x07,0xC0,0x00,0x1F,0x00,
N      0x00,0x07,0xC0,0x07,0xC0,0x00,0x00,0x00,
N      0x00,0x07,0xC0,0x07,0xC0,0x00,0x00,0x00,
N      0x00,0x07,0xC0,0x07,0xC0,0x00,0x00,0x00,
N      0x00,0x07,0xC0,0x07,0xC0,0x00,0x00,0x00,
N      0x00,0x07,0xC0,0x07,0xC0,0x00,0x00,0x00,
N      0x00,0x07,0xC0,0x07,0xC0,0x00,0x00,0x00,
N      0x00,0x07,0xC0,0x07,0xC0,0x00,0x00,0x00,
N      0x00,0x07,0xC0,0x87,0xC0,0x00,0x00,0x00,
N      0x00,0x07,0xC1,0x87,0xC0,0x00,0x00,0x00,
N      0x00,0x07,0xC3,0xC7,0xC0,0x00,0x00,0x00,
N      0x00,0x07,0xC7,0xC7,0xC0,0x00,0x00,0x00,
N      0x00,0x07,0xCF,0xE7,0xC0,0x00,0x00,0x00,
N      0x00,0x07,0xDF,0xC7,0xC0,0x00,0x00,0x80,
N      0x00,0x07,0xFF,0x87,0xC0,0x00,0x01,0xE0,
N      0x00,0x07,0xFE,0x07,0xC0,0x00,0x01,0xF8,
N      0x00,0x0F,0xFC,0x07,0xC0,0x00,0x01,0xF8,
N      0x00,0x0F,0xF8,0x07,0xC0,0x00,0x01,0xF8,
N      0x00,0x1F,0xF0,0x07,0xC0,0x00,0x03,0xF0,
N      0x00,0x3F,0xE0,0x07,0xE0,0x00,0x03,0xF0,
N      0x00,0x3F,0xC0,0x07,0xF0,0x00,0x07,0xF0,
N      0x00,0x1F,0x80,0x07,0xFF,0xFF,0xFF,0xE0,
N      0x00,0x0F,0x00,0x03,0xFF,0xFF,0xFF,0xE0,
N      0x00,0x06,0x00,0x01,0xFF,0xFF,0xFF,0xC0,
N      0x00,0x04,0x00,0x00,0xFF,0xFF,0xFF,0x80,
N      0x00,0x00,0x00,0x00,0x00,0x00,0x00,0x00,
N      0x00,0x00,0x00,0x00,0x00,0x00,0x00,0x00,
N      0x00,0x00,0x00,0x00,0x00,0x00,0x00,0x00,
N      0x00,0x00,0x00,0x00,0x00,0x00,0x00,0x00,
N0xBC,0xEC, 0x00,0x00,0x00,0x00,0x00,0x00,0x00,0x00,
N      0x00,0x00,0x00,0x00,0x00,0x00,0x00,0x00,
N      0x00,0x00,0x00,0x00,0x00,0x00,0x00,0x00,
N      0x00,0x0F,0xC0,0x00,0x04,0x00,0x00,0x00,
N      0x00,0x0F,0x80,0x00,0x07,0xC0,0x00,0x00,
N      0x00,0x0F,0x80,0x00,0x07,0xE0,0x00,0x00,
N      0x00,0x0F,0x80,0x00,0x0F,0xC0,0x00,0x00,
N      0x00,0x0F,0x80,0x00,0x0F,0xC0,0x00,0x00,
N      0x00,0x0F,0x80,0x00,0x0F,0xE0,0x00,0x00,
N      0x00,0x0F,0x80,0x00,0x1F,0xF0,0x00,0x00,
N      0x00,0x0F,0x80,0x00,0x1F,0xF0,0x00,0x00,
N      0x00,0x0F,0x80,0x00,0x3E,0xF8,0x00,0x00,
N      0x00,0x0F,0x80,0x00,0x3E,0x7C,0x00,0x00,
N      0x00,0x0F,0x80,0x00,0x7C,0x3C,0x00,0x00,
N      0x00,0x0F,0x80,0x00,0x7C,0x3E,0x00,0x00,
N      0x00,0x0F,0x80,0x00,0xF8,0x1F,0x00,0x00,
N      0x0F,0xFF,0xFF,0x81,0xF8,0x0F,0x80,0x00,
N      0x0F,0xFF,0xFF,0x83,0xF0,0x0F,0xC0,0x00,
N      0x0F,0xFF,0xFF,0x83,0xE0,0x07,0xF0,0x00,
N      0x0F,0xFF,0xFF,0x87,0xE0,0x03,0xF8,0x00,
N      0x00,0x0F,0x80,0x0F,0xC0,0x01,0xFE,0x00,
N      0x00,0x0F,0x80,0x1F,0x80,0x00,0xFF,0x80,
N      0x00,0x1F,0x80,0x3F,0x80,0x00,0x7F,0xE0,
N      0x00,0x1F,0x80,0x7F,0xFF,0xFF,0xBF,0xFC,
N      0x00,0x1F,0x80,0xFF,0xFF,0xFF,0x9F,0xF8,
N      0x00,0x3F,0x81,0xFD,0xFF,0xFF,0x87,0xF0,
N      0x00,0x3F,0x87,0xF9,0xFF,0xFF,0x83,0xE0,
N      0x00,0x3F,0x83,0xF1,0x00,0x00,0x80,0xE0,
N      0x00,0x7F,0x80,0xE0,0x00,0x00,0x00,0x20,
N      0x00,0x7F,0x80,0x40,0x00,0x00,0x00,0x00,
N      0x00,0xFF,0x98,0x40,0x00,0x00,0x00,0x00,
N      0x00,0xFF,0xBC,0x00,0x03,0x00,0x18,0x00,
N      0x01,0xFF,0xFC,0x00,0x0F,0x80,0x3F,0x00,
N      0x01,0xFF,0xFE,0x04,0x1F,0x80,0x3F,0x00,
N      0x03,0xEF,0xBE,0x1E,0x0F,0x80,0x3F,0x00,
N      0x03,0xEF,0x9F,0x7E,0x0F,0xC0,0x3E,0x00,
N      0x07,0xEF,0x9F,0x3E,0x07,0xC0,0x7E,0x00,
N      0x07,0xCF,0x9F,0xBF,0x07,0xC0,0x7E,0x00,
N      0x0F,0xCF,0x8E,0x1F,0x03,0xE0,0x7C,0x00,
N      0x0F,0x8F,0x88,0x1F,0x83,0xE0,0x7C,0x00,
N      0x1F,0x8F,0x80,0x0F,0x83,0xE0,0xF8,0x00,
N      0x3F,0x0F,0x80,0x0F,0xC1,0xF0,0xF8,0x00,
N      0x1F,0x0F,0x80,0x07,0xC1,0xF0,0xF0,0x00,
N      0x0E,0x0F,0x80,0x07,0xC1,0xF9,0xF0,0x00,
N      0x04,0x0F,0x80,0x07,0xE1,0xF9,0xF0,0x00,
N      0x00,0x0F,0x80,0x03,0xE0,0xC3,0xE0,0x00,
N      0x00,0x0F,0x80,0x03,0xF0,0x03,0xE0,0x00,
N      0x00,0x0F,0x80,0x03,0xF0,0x03,0xE0,0x00,
N      0x00,0x0F,0x80,0x01,0xC0,0x07,0xC0,0x00,
N      0x00,0x0F,0x80,0x01,0x00,0x07,0xC0,0x00,
N      0x00,0x0F,0x80,0x00,0x00,0x07,0x80,0x00,
N      0x00,0x0F,0x80,0x00,0x00,0x0F,0x80,0x00,
N      0x00,0x0F,0x80,0x00,0x00,0x0F,0x00,0x00,
N      0x00,0x0F,0x83,0xFF,0xFF,0xFF,0xFF,0xF0,
N      0x00,0x0F,0x83,0xFF,0xFF,0xFF,0xFF,0xF0,
N      0x00,0x0F,0x83,0xFF,0xFF,0xFF,0xFF,0xF0,
N      0x00,0x0F,0x83,0xFF,0xFF,0xFF,0xFF,0xF0,
N      0x00,0x0F,0x80,0x00,0x00,0x00,0x00,0x00,
N      0x00,0x0F,0x80,0x00,0x00,0x00,0x00,0x00,
N      0x00,0x0F,0x80,0x00,0x00,0x00,0x00,0x00,
N      0x00,0x0F,0x80,0x00,0x00,0x00,0x00,0x00,
N      0x00,0x00,0x00,0x00,0x00,0x00,0x00,0x00,
N      0x00,0x00,0x00,0x00,0x00,0x00,0x00,0x00,
N      0x00,0x00,0x00,0x00,0x00,0x00,0x00,0x00,
N0xC2,0xBC, 0x00,0x00,0x00,0x00,0x00,0x00,0x00,0x00,
N      0x00,0x00,0x00,0x00,0x00,0x00,0x00,0x00,
N      0x00,0x00,0x00,0x00,0x00,0x00,0x00,0x00,
N      0x00,0x00,0x00,0x00,0x00,0x00,0x00,0x00,
N      0x00,0x00,0x00,0x00,0x00,0x00,0x00,0x00,
N      0x00,0x00,0x00,0x00,0x00,0x00,0x00,0x00,
N      0x00,0x3F,0xFF,0xFF,0xFF,0xFF,0xF0,0x00,
N      0x00,0x3F,0xFF,0xFF,0xFF,0xFF,0xF0,0x00,
N      0x00,0x3F,0xFF,0xFF,0xFF,0xFF,0xF0,0x00,
N      0x00,0x3F,0xFF,0xFF,0xFF,0xFF,0xF0,0x00,
N      0x00,0x3F,0xFF,0xFF,0xFF,0xFF,0xF0,0x00,
N      0x00,0x00,0x00,0x00,0x00,0x03,0xE0,0x00,
N      0x00,0x00,0x00,0x00,0x00,0x03,0xE0,0x00,
N      0x00,0x00,0x00,0x00,0x00,0x03,0xE0,0x00,
N      0x00,0x00,0x00,0x00,0x00,0x03,0xE0,0x00,
N      0x00,0x00,0x00,0x00,0x00,0x03,0xE0,0x00,
N      0x00,0x0F,0xFF,0xFF,0xFF,0xFF,0xE0,0x00,
N      0x00,0x0F,0xFF,0xFF,0xFF,0xFF,0xE0,0x00,
N      0x00,0x0F,0xFF,0xFF,0xFF,0xFF,0xE0,0x00,
N      0x00,0x0F,0xFF,0xFF,0xFF,0xFF,0xE0,0x00,
N      0x00,0x00,0x00,0x00,0x00,0x03,0xE0,0x00,
N      0x00,0x00,0x00,0x00,0x00,0x03,0xE0,0x00,
N      0x00,0x00,0x00,0x00,0x00,0x03,0xC0,0x00,
N      0x00,0x00,0x00,0x00,0x00,0x07,0xC0,0x00,
N      0x00,0x00,0x00,0x00,0x00,0x07,0xC0,0x00,
N      0x10,0x00,0x00,0x00,0x00,0x07,0xC0,0x08,
N      0x1F,0xFF,0xFF,0xFF,0xFF,0xFF,0xFF,0xF8,
N      0x1F,0xFF,0xFF,0xFF,0xFF,0xFF,0xFF,0xF8,
N      0x1F,0xFF,0xFF,0xFF,0xFF,0xFF,0xFF,0xF8,
N      0x1F,0xFF,0xFF,0xFF,0xFF,0xFF,0xFF,0xF8,
N      0x00,0x00,0x00,0x03,0xE0,0x00,0x00,0x00,
N      0x00,0x00,0x00,0x03,0xE0,0x00,0x00,0x00,
N      0x00,0x00,0x00,0x03,0xE0,0x00,0x00,0x00,
N      0x00,0x1C,0x00,0x03,0xE0,0x00,0x60,0x00,
N      0x00,0x3E,0x00,0x03,0xE0,0x00,0xF0,0x00,
N      0x00,0x7F,0x00,0x03,0xE0,0x01,0xF8,0x00,
N      0x00,0x3F,0xC0,0x03,0xF0,0x03,0xFC,0x00,
N      0x00,0x0F,0xE0,0x03,0xF8,0x07,0xF8,0x00,
N      0x00,0x07,0xF0,0x03,0xF8,0x1F,0xE0,0x00,
N      0x00,0x03,0xF8,0x03,0xFC,0x3F,0xC0,0x00,
N      0x00,0x01,0xF8,0x03,0xFE,0xFF,0x00,0x00,
N      0x00,0x00,0xF0,0x33,0xFF,0xFE,0x00,0x00,
N      0x00,0x00,0x70,0x73,0xFF,0xF8,0x00,0x00,
N      0x00,0x00,0x21,0xF3,0xEF,0xE0,0x00,0x00,
N      0x00,0x00,0x07,0xFB,0xE7,0xE0,0x00,0x00,
N      0x00,0x00,0x1F,0xF3,0xE3,0xF0,0x00,0x00,
N      0x00,0x00,0x7F,0xC3,0xE1,0xF8,0x00,0x00,
N      0x00,0x01,0xFF,0x03,0xE0,0xFE,0x00,0x00,
N      0x00,0x07,0xFE,0x03,0xE0,0x7F,0x00,0x00,
N      0x00,0x3F,0xF8,0x03,0xE0,0x3F,0xC0,0x00,
N      0x01,0xFF,0xE0,0x03,0xE0,0x1F,0xF0,0x00,
N      0x07,0xFF,0x80,0x03,0xE0,0x07,0xFE,0x00,
N      0x1F,0xFE,0x00,0x03,0xE0,0x03,0xFF,0xE0,
N      0x0F,0xF8,0x00,0x03,0xE0,0x01,0xFF,0xF0,
N      0x07,0xE0,0x00,0x07,0xE0,0x00,0x7F,0xE0,
N      0x03,0x80,0x00,0x0F,0xE0,0x00,0x1F,0xE0,
N      0x03,0x00,0x01,0xFF,0xE0,0x00,0x07,0xC0,
N      0x00,0x00,0x00,0xFF,0xE0,0x00,0x01,0xC0,
N      0x00,0x00,0x00,0xFF,0xC0,0x00,0x00,0x00,
N      0x00,0x00,0x00,0x7F,0x80,0x00,0x00,0x00,
N      0x00,0x00,0x00,0x7C,0x00,0x00,0x00,0x00,
N      0x00,0x00,0x00,0x40,0x00,0x00,0x00,0x00,
N      0x00,0x00,0x00,0x00,0x00,0x00,0x00,0x00,
N      0x00,0x00,0x00,0x00,0x00,0x00,0x00,0x00,
N0xCE,0xDE, 0x00,0x00,0x00,0x00,0x00,0x00,0x00,0x00,
N      0x00,0x00,0x00,0x00,0x00,0x00,0x00,0x00,
N      0x00,0x00,0x00,0x00,0x00,0x00,0x00,0x00,
N      0x00,0x00,0x00,0x00,0x00,0x00,0x00,0x00,
N      0x00,0x00,0x00,0x00,0x00,0x00,0x00,0x00,
N      0x00,0x00,0x00,0x00,0x00,0x00,0x00,0x00,
N      0x00,0x00,0x00,0x00,0x00,0x00,0x00,0x00,
N      0x00,0x00,0x00,0x00,0x00,0x00,0x00,0x00,
N      0x00,0x1F,0xFF,0xFF,0xFF,0xFF,0xF8,0x00,
N      0x00,0x1F,0xFF,0xFF,0xFF,0xFF,0xF8,0x00,
N      0x00,0x1F,0xFF,0xFF,0xFF,0xFF,0xF8,0x00,
N      0x00,0x1F,0xFF,0xFF,0xFF,0xFF,0xF8,0x00,
N      0x00,0x00,0x00,0x1F,0x00,0x00,0x00,0x00,
N      0x00,0x00,0x00,0x1F,0x00,0x00,0x00,0x00,
N      0x00,0x00,0x00,0x1F,0x00,0x00,0x00,0x00,
N      0x00,0x00,0x00,0x1F,0x00,0x00,0x00,0x00,
N      0x00,0x00,0x00,0x1F,0x00,0x00,0x00,0x00,
N      0x00,0x00,0x00,0x1F,0x00,0x00,0x00,0x00,
N      0x00,0x00,0x00,0x1F,0x00,0x00,0x00,0x00,
N      0x00,0x00,0x00,0x1F,0x00,0x00,0x00,0x00,
N      0x00,0x00,0x00,0x1F,0x00,0x00,0x00,0x00,
N      0x00,0x00,0x00,0x1F,0x00,0x00,0x00,0x00,
N      0x00,0x00,0x00,0x1F,0x00,0x00,0x00,0x00,
N      0x00,0x00,0x00,0x1E,0x00,0x00,0x00,0x00,
N      0x00,0x00,0x00,0x1E,0x00,0x00,0x00,0x00,
N      0x00,0x00,0x00,0x1E,0x00,0x00,0x00,0x00,
N      0x00,0x00,0x00,0x1E,0x00,0x00,0x00,0x00,
N      0x03,0xFF,0xFF,0xFF,0xFF,0xFF,0xFF,0xE0,
N      0x03,0xFF,0xFF,0xFF,0xFF,0xFF,0xFF,0xE0,
N      0x03,0xFF,0xFF,0xFF,0xFF,0xFF,0xFF,0xE0,
N      0x03,0xFF,0xFF,0xFF,0xFF,0xFF,0xFF,0xE0,
N      0x00,0x00,0x00,0x3E,0x1F,0x00,0x00,0x00,
N      0x00,0x00,0x00,0x3C,0x1F,0x00,0x00,0x00,
N      0x00,0x00,0x00,0x7C,0x1F,0x00,0x00,0x00,
N      0x00,0x00,0x00,0x7C,0x1F,0x00,0x00,0x00,
N      0x00,0x00,0x00,0x7C,0x1F,0x00,0x00,0x00,
N      0x00,0x00,0x00,0x78,0x1F,0x00,0x00,0x00,
N      0x00,0x00,0x00,0xF8,0x1F,0x00,0x00,0x00,
N      0x00,0x00,0x00,0xF8,0x1F,0x00,0x00,0x00,
N      0x00,0x00,0x01,0xF8,0x1F,0x00,0x00,0x00,
N      0x00,0x00,0x01,0xF0,0x1F,0x00,0x00,0x00,
N      0x00,0x00,0x01,0xF0,0x1F,0x00,0x00,0x00,
N      0x00,0x00,0x03,0xE0,0x1F,0x00,0x00,0x00,
N      0x00,0x00,0x07,0xE0,0x1F,0x00,0x00,0x00,
N      0x00,0x00,0x07,0xC0,0x1F,0x00,0x00,0x00,
N      0x00,0x00,0x0F,0xC0,0x1F,0x00,0x00,0x00,
N      0x00,0x00,0x1F,0x80,0x1F,0x00,0x00,0x00,
N      0x00,0x00,0x3F,0x80,0x1F,0x00,0x01,0x80,
N      0x00,0x00,0x7F,0x00,0x1F,0x00,0x01,0xE0,
N      0x00,0x00,0xFE,0x00,0x1F,0x00,0x01,0xF0,
N      0x00,0x01,0xFC,0x00,0x1F,0x00,0x03,0xF0,
N      0x00,0x03,0xFC,0x00,0x1F,0x00,0x03,0xF0,
N      0x00,0x0F,0xF8,0x00,0x1F,0x00,0x03,0xF0,
N      0x00,0x1F,0xF0,0x00,0x1F,0x80,0x07,0xE0,
N      0x00,0x7F,0xE0,0x00,0x1F,0xFF,0xFF,0xE0,
N      0x01,0xFF,0x80,0x00,0x0F,0xFF,0xFF,0xC0,
N      0x07,0xFF,0x00,0x00,0x0F,0xFF,0xFF,0xC0,
N      0x0F,0xFE,0x00,0x00,0x07,0xFF,0xFF,0x80,
N      0x03,0xF8,0x00,0x00,0x00,0x7F,0xFE,0x00,
N      0x01,0xE0,0x00,0x00,0x00,0x00,0x00,0x00,
N      0x01,0xC0,0x00,0x00,0x00,0x00,0x00,0x00,
N      0x00,0x00,0x00,0x00,0x00,0x00,0x00,0x00,
N      0x00,0x00,0x00,0x00,0x00,0x00,0x00,0x00,
N      0x00,0x00,0x00,0x00,0x00,0x00,0x00,0x00,
N0xD4,0xDD, 0x00,0x00,0x00,0x00,0x00,0x00,0x00,0x00,
N      0x00,0x00,0x00,0x00,0x00,0x00,0x00,0x00,
N      0x00,0x00,0x00,0x00,0x00,0x00,0x00,0x00,
N      0x00,0x00,0xC0,0x00,0x00,0x00,0x00,0x00,
N      0x00,0x00,0xFC,0x00,0x00,0x00,0x00,0x00,
N      0x00,0x00,0xF8,0x00,0x00,0x00,0x1E,0x00,
N      0x00,0x00,0xF0,0x00,0x00,0x07,0xFE,0x00,
N      0x00,0x01,0xF0,0x00,0x1F,0xFF,0xFF,0x00,
N      0x00,0x01,0xE0,0x00,0x1F,0xFF,0xFF,0x00,
N      0x07,0xFF,0xFF,0xFF,0x1F,0xFF,0xF8,0x00,
N      0x07,0xFF,0xFF,0xFF,0x1F,0xE0,0x00,0x00,
N      0x07,0xFF,0xFF,0xFF,0x1F,0x00,0x00,0x00,
N      0x07,0xFF,0xFF,0xFF,0x1F,0x00,0x00,0x00,
N      0x00,0x0F,0x80,0x00,0x1F,0x00,0x00,0x00,
N      0x00,0x0F,0x00,0x00,0x1F,0x00,0x00,0x00,
N      0x00,0x1E,0x1F,0x00,0x1F,0x00,0x00,0x00,
N      0x00,0x3E,0x1F,0x00,0x1F,0x00,0x00,0x00,
N      0x00,0x7C,0x1F,0x00,0x1F,0xFF,0xFF,0xC0,
N      0x00,0xF8,0x1F,0x00,0x1F,0xFF,0xFF,0xC0,
N      0x01,0xFF,0xFF,0xFF,0x1F,0xFF,0xFF,0xC0,
N      0x01,0xFF,0xFF,0xFF,0x1F,0xFF,0xFF,0xC0,
N      0x00,0xFF,0xFF,0xFF,0x1F,0x03,0xE0,0x00,
N      0x00,0xFF,0xFF,0x01,0x1F,0x03,0xE0,0x00,
N      0x00,0x40,0x1F,0x00,0x1F,0x03,0xE0,0x00,
N      0x00,0x00,0x1F,0x00,0x1F,0x03,0xE0,0x00,
N      0x00,0x00,0x1F,0x00,0x3E,0x03,0xE0,0x00,
N      0x00,0x00,0x1F,0xFE,0x3E,0x03,0xE0,0x00,
N      0x07,0xFF,0xFF,0xFE,0x3E,0x03,0xE0,0x00,
N      0x07,0xFF,0xFF,0xFE,0x7C,0x03,0xE0,0x00,
N      0x07,0xFF,0xFF,0xF8,0x7C,0x03,0xE0,0x00,
N      0x07,0xFF,0xFF,0x00,0xFC,0x03,0xE0,0x00,
N      0x03,0x80,0x1F,0x01,0xF8,0x03,0xE0,0x00,
N      0x00,0x00,0x1F,0x03,0xF8,0x03,0xE0,0x00,
N      0x00,0x00,0x1F,0x00,0xF0,0x03,0xE0,0x00,
N      0x00,0x00,0x1F,0x00,0x20,0x03,0xE0,0x00,
N      0x00,0x00,0x00,0x00,0x00,0x00,0x00,0x00,
N      0x00,0x00,0x00,0x00,0x00,0x00,0x00,0x00,
N      0x00,0x0F,0xFF,0xFF,0xFF,0xFF,0xE0,0x00,
N      0x00,0x0F,0xFF,0xFF,0xFF,0xFF,0xE0,0x00,
N      0x00,0x0F,0xFF,0xFF,0xFF,0xFF,0xE0,0x00,
N      0x00,0x0F,0xFF,0xFF,0xFF,0xFF,0xE0,0x00,
N      0x00,0x0F,0x80,0x00,0x00,0x03,0xE0,0x00,
N      0x00,0x0F,0x80,0x00,0x00,0x03,0xE0,0x00,
N      0x00,0x0F,0x80,0x00,0x00,0x03,0xE0,0x00,
N      0x00,0x0F,0x80,0x00,0x00,0x03,0xE0,0x00,
N      0x00,0x0F,0x80,0x00,0x00,0x03,0xE0,0x00,
N      0x00,0x0F,0xFF,0xFF,0xFF,0xFF,0xE0,0x00,
N      0x00,0x0F,0xFF,0xFF,0xFF,0xFF,0xE0,0x00,
N      0x00,0x0F,0xFF,0xFF,0xFF,0xFF,0xE0,0x00,
N      0x00,0x0F,0x80,0x00,0x00,0x03,0xE0,0x00,
N      0x00,0x0F,0x80,0x00,0x00,0x03,0xE0,0x00,
N      0x00,0x0F,0x80,0x00,0x00,0x03,0xE0,0x00,
N      0x00,0x0F,0x80,0x00,0x00,0x03,0xE0,0x00,
N      0x00,0x0F,0x80,0x00,0x00,0x03,0xE0,0x00,
N      0x00,0x0F,0xFF,0xFF,0xFF,0xFF,0xE0,0x00,
N      0x00,0x0F,0xFF,0xFF,0xFF,0xFF,0xE0,0x00,
N      0x00,0x0F,0xFF,0xFF,0xFF,0xFF,0xE0,0x00,
N      0x00,0x0F,0x80,0x00,0x00,0x03,0xE0,0x00,
N      0x00,0x0F,0x80,0x00,0x00,0x03,0xE0,0x00,
N      0x00,0x0F,0x80,0x00,0x00,0x03,0xE0,0x00,
N      0x00,0x0F,0x80,0x00,0x00,0x03,0xE0,0x00,
N      0x00,0x00,0x00,0x00,0x00,0x00,0x00,0x00,
N      0x00,0x00,0x00,0x00,0x00,0x00,0x00,0x00,
N      0x00,0x00,0x00,0x00,0x00,0x00,0x00,0x00,
N0xA1,0xAD,0x00,0x00,0x00,0x00,0x00,0x00,0x00,0x00,//中文省略号……
N      0x00,0x00,0x00,0x00,0x00,0x00,0x00,0x00,
N      0x00,0x00,0x00,0x00,0x00,0x00,0x00,0x00,
N      0x00,0x00,0x00,0x00,0x00,0x00,0x00,0x00,
N      0x00,0x00,0x00,0x00,0x00,0x00,0x00,0x00,
N      0x00,0x00,0x00,0x00,0x00,0x00,0x00,0x00,
N      0x00,0x00,0x00,0x00,0x00,0x00,0x00,0x00,
N      0x00,0x00,0x00,0x00,0x00,0x00,0x00,0x00,
N      0x00,0x00,0x00,0x00,0x00,0x00,0x00,0x00,
N      0x00,0x00,0x00,0x00,0x00,0x00,0x00,0x00,
N      0x00,0x00,0x00,0x00,0x00,0x00,0x00,0x00,
N      0x00,0x00,0x00,0x00,0x00,0x00,0x00,0x00,
N      0x00,0x00,0x00,0x00,0x00,0x00,0x00,0x00,
N      0x00,0x00,0x00,0x00,0x00,0x00,0x00,0x00,
N      0x00,0x00,0x00,0x00,0x00,0x00,0x00,0x00,
N      0x00,0x00,0x00,0x00,0x00,0x00,0x00,0x00,
N      0x00,0x00,0x00,0x00,0x00,0x00,0x00,0x00,
N      0x00,0x00,0x00,0x00,0x00,0x00,0x00,0x00,
N      0x00,0x00,0x00,0x00,0x00,0x00,0x00,0x00,
N      0x00,0x00,0x00,0x00,0x00,0x00,0x00,0x00,
N      0x00,0x00,0x00,0x00,0x00,0x00,0x00,0x00,
N      0x00,0x00,0x00,0x00,0x00,0x00,0x00,0x00,
N      0x00,0x00,0x00,0x00,0x00,0x00,0x00,0x00,
N      0x00,0x00,0x00,0x00,0x00,0x00,0x00,0x00,
N      0x00,0x00,0x00,0x00,0x00,0x00,0x00,0x00,
N      0x00,0x00,0x00,0x00,0x00,0x00,0x00,0x00,
N      0x00,0x00,0x00,0x00,0x00,0x00,0x00,0x00,
N      0x03,0xFF,0x00,0x1F,0xF8,0x01,0xFF,0x80,
N      0x03,0xFF,0x00,0x1F,0xF8,0x01,0xFF,0x80,
N      0x03,0xFF,0x00,0x1F,0xF8,0x01,0xFF,0x80,
N      0x03,0xFF,0x00,0x1F,0xF8,0x01,0xFF,0x80,
N      0x03,0xFF,0x00,0x1F,0xF8,0x01,0xFF,0x80,
N      0x03,0xFF,0x00,0x1F,0xF8,0x01,0xFF,0x80,
N      0x03,0xFF,0x00,0x1F,0xF8,0x01,0xFF,0x80,
N      0x03,0xFF,0x00,0x1F,0xF8,0x01,0xFF,0x80,
N      0x03,0xFF,0x00,0x1F,0xF8,0x01,0xFF,0x80,
N      0x03,0xFF,0x00,0x1F,0xF8,0x01,0xFF,0x80,
N      0x00,0x00,0x00,0x00,0x00,0x00,0x00,0x00,
N      0x00,0x00,0x00,0x00,0x00,0x00,0x00,0x00,
N      0x00,0x00,0x00,0x00,0x00,0x00,0x00,0x00,
N      0x00,0x00,0x00,0x00,0x00,0x00,0x00,0x00,
N      0x00,0x00,0x00,0x00,0x00,0x00,0x00,0x00,
N      0x00,0x00,0x00,0x00,0x00,0x00,0x00,0x00,
N      0x00,0x00,0x00,0x00,0x00,0x00,0x00,0x00,
N      0x00,0x00,0x00,0x00,0x00,0x00,0x00,0x00,
N      0x00,0x00,0x00,0x00,0x00,0x00,0x00,0x00,
N      0x00,0x00,0x00,0x00,0x00,0x00,0x00,0x00,
N      0x00,0x00,0x00,0x00,0x00,0x00,0x00,0x00,
N      0x00,0x00,0x00,0x00,0x00,0x00,0x00,0x00,
N      0x00,0x00,0x00,0x00,0x00,0x00,0x00,0x00,
N      0x00,0x00,0x00,0x00,0x00,0x00,0x00,0x00,
N      0x00,0x00,0x00,0x00,0x00,0x00,0x00,0x00,
N      0x00,0x00,0x00,0x00,0x00,0x00,0x00,0x00,
N      0x00,0x00,0x00,0x00,0x00,0x00,0x00,0x00,
N      0x00,0x00,0x00,0x00,0x00,0x00,0x00,0x00,
N      0x00,0x00,0x00,0x00,0x00,0x00,0x00,0x00,
N      0x00,0x00,0x00,0x00,0x00,0x00,0x00,0x00,
N      0x00,0x00,0x00,0x00,0x00,0x00,0x00,0x00,
N      0x00,0x00,0x00,0x00,0x00,0x00,0x00,0x00,
N      0x00,0x00,0x00,0x00,0x00,0x00,0x00,0x00,
N      0x00,0x00,0x00,0x00,0x00,0x00,0x00,0x00,
N      0x00,0x00,0x00,0x00,0x00,0x00,0x00,0x00,
N      0x00,0x00,0x00,0x00,0x00,0x00,0x00,0x00,
N      0x00,0x00,0x00,0x00,0x00,0x00,0x00,0x00,
N0xBD,0xE1, 0x00,0x00,0x00,0x00,0x00,0x00,0x00,0x00,
N      0x00,0x00,0x00,0x00,0x00,0x00,0x00,0x00,
N      0x00,0x00,0x00,0x00,0x00,0x00,0x00,0x00,
N      0x00,0x00,0x00,0x00,0x00,0x7C,0x00,0x00,
N      0x00,0x06,0x00,0x00,0x00,0x7C,0x00,0x00,
N      0x00,0x0F,0x80,0x00,0x00,0x7C,0x00,0x00,
N      0x00,0x0F,0xE0,0x00,0x00,0x7C,0x00,0x00,
N      0x00,0x0F,0xC0,0x00,0x00,0x7C,0x00,0x00,
N      0x00,0x1F,0xC0,0x00,0x00,0x7C,0x00,0x00,
N      0x00,0x1F,0x80,0x00,0x00,0x7C,0x00,0x00,
N      0x00,0x1F,0x00,0x00,0x00,0x7C,0x00,0x00,
N      0x00,0x3F,0x00,0x00,0x00,0x7C,0x00,0x00,
N      0x00,0x3E,0x00,0x00,0x00,0x7C,0x00,0x00,
N      0x00,0x7C,0x00,0x1F,0xFF,0xFF,0xFF,0xFC,
N      0x00,0x7C,0x00,0x1F,0xFF,0xFF,0xFF,0xFC,
N      0x00,0xF8,0x04,0x1F,0xFF,0xFF,0xFF,0xFC,
N      0x00,0xF8,0x0E,0x1F,0xFF,0xFF,0xFF,0xFC,
N      0x01,0xF0,0x0F,0xA0,0x00,0x7C,0x00,0x04,
N      0x03,0xF0,0x1F,0xC0,0x00,0x7C,0x00,0x00,
N      0x03,0xE0,0x1F,0x80,0x00,0x7C,0x00,0x00,
N      0x07,0xE0,0x3F,0x00,0x00,0x7C,0x00,0x00,
N      0x0F,0xC0,0x3F,0x00,0x00,0x7C,0x00,0x00,
N      0x1F,0xC0,0x7E,0x00,0x00,0x7C,0x00,0x00,
N      0x3F,0xFF,0xFC,0x00,0x00,0x7C,0x00,0x00,
N      0x1F,0xFF,0xFC,0x00,0x00,0x7C,0x00,0x00,
N      0x1F,0xFF,0xF8,0x07,0xFF,0xFF,0xFF,0xC0,
N      0x1F,0xFF,0xF0,0x07,0xFF,0xFF,0xFF,0xC0,
N      0x0E,0x03,0xF0,0x07,0xFF,0xFF,0xFF,0xC0,
N      0x00,0x03,0xE0,0x07,0xFF,0xFF,0xFF,0xC0,
N      0x00,0x07,0xC0,0x07,0xFF,0xFF,0xFF,0xC0,
N      0x00,0x07,0xC0,0x00,0x00,0x00,0x00,0x00,
N      0x00,0x0F,0x80,0x00,0x00,0x00,0x00,0x00,
N      0x00,0x1F,0x00,0x00,0x00,0x00,0x00,0x00,
N      0x00,0x1F,0x00,0x00,0x00,0x00,0x00,0x00,
N      0x00,0x3E,0x00,0x00,0x00,0x00,0x00,0x00,
N      0x00,0x7C,0x00,0x00,0x00,0x00,0x00,0x00,
N      0x00,0xFC,0x00,0x03,0xFF,0xFF,0xFF,0x80,
N      0x01,0xF8,0x1F,0x83,0xFF,0xFF,0xFF,0x80,
N      0x03,0xFF,0xFF,0x83,0xFF,0xFF,0xFF,0x80,
N      0x1F,0xFF,0xFF,0x83,0xFF,0xFF,0xFF,0x80,
N      0x0F,0xFF,0xFF,0x83,0xE0,0x00,0x0F,0x80,
N      0x0F,0xFF,0xFC,0x03,0xE0,0x00,0x0F,0x80,
N      0x0F,0xFE,0x00,0x03,0xE0,0x00,0x0F,0x80,
N      0x07,0x80,0x00,0x03,0xE0,0x00,0x0F,0x80,
N      0x00,0x00,0x00,0x03,0xE0,0x00,0x0F,0x80,
N      0x00,0x00,0x00,0x03,0xE0,0x00,0x0F,0x80,
N      0x00,0x00,0x00,0x03,0xE0,0x00,0x0F,0x80,
N      0x00,0x00,0x00,0x03,0xE0,0x00,0x0F,0x80,
N      0x00,0x00,0x00,0x03,0xE0,0x00,0x0F,0x80,
N      0x00,0x00,0x1F,0xC3,0xE0,0x00,0x0F,0x80,
N      0x00,0x07,0xFF,0x83,0xE0,0x00,0x0F,0x80,
N      0x3F,0xFF,0xFF,0x83,0xFF,0xFF,0xFF,0x80,
N      0x1F,0xFF,0xFF,0x83,0xFF,0xFF,0xFF,0x80,
N      0x1F,0xFF,0xFF,0x03,0xFF,0xFF,0xFF,0x80,
N      0x1F,0xFF,0xC0,0x03,0xFF,0xFF,0xFF,0x80,
N      0x0F,0xF0,0x00,0x03,0xE0,0x00,0x0F,0x80,
N      0x0E,0x00,0x00,0x03,0xE0,0x00,0x0F,0x80,
N      0x00,0x00,0x00,0x03,0xE0,0x00,0x0F,0x80,
N      0x00,0x00,0x00,0x03,0xE0,0x00,0x0F,0x80,
N      0x00,0x00,0x00,0x03,0xE0,0x00,0x0F,0x80,
N      0x00,0x00,0x00,0x00,0x00,0x00,0x00,0x00,
N      0x00,0x00,0x00,0x00,0x00,0x00,0x00,0x00,
N      0x00,0x00,0x00,0x00,0x00,0x00,0x00,0x00,
N      0x00,0x00,0x00,0x00,0x00,0x00,0x00,0x00,
N0xC1,0xBF, 0x00,0x00,0x00,0x00,0x00,0x00,0x00,0x00,
N      0x00,0x00,0x00,0x00,0x00,0x00,0x00,0x00,
N      0x00,0x00,0x00,0x00,0x00,0x00,0x00,0x00,
N      0x00,0x00,0x00,0x00,0x00,0x00,0x00,0x00,
N      0x00,0x00,0x00,0x00,0x00,0x00,0x00,0x00,
N      0x00,0x0F,0xFF,0xFF,0xFF,0xFF,0xF0,0x00,
N      0x00,0x0F,0xFF,0xFF,0xFF,0xFF,0xF0,0x00,
N      0x00,0x0F,0xFF,0xFF,0xFF,0xFF,0xF0,0x00,
N      0x00,0x0F,0xFF,0xFF,0xFF,0xFF,0xF0,0x00,
N      0x00,0x0F,0x80,0x00,0x00,0x01,0xF0,0x00,
N      0x00,0x0F,0x80,0x00,0x00,0x01,0xF0,0x00,
N      0x00,0x0F,0xFF,0xFF,0xFF,0xFF,0xF0,0x00,
N      0x00,0x0F,0xFF,0xFF,0xFF,0xFF,0xF0,0x00,
N      0x00,0x0F,0xFF,0xFF,0xFF,0xFF,0xF0,0x00,
N      0x00,0x0F,0xFF,0xFF,0xFF,0xFF,0xF0,0x00,
N      0x00,0x0F,0x80,0x00,0x00,0x01,0xF0,0x00,
N      0x00,0x0F,0x80,0x00,0x00,0x01,0xF0,0x00,
N      0x00,0x0F,0x80,0x00,0x00,0x01,0xF0,0x00,
N      0x00,0x0F,0xFF,0xFF,0xFF,0xFF,0xF0,0x00,
N      0x00,0x0F,0xFF,0xFF,0xFF,0xFF,0xF0,0x00,
N      0x00,0x0F,0xFF,0xFF,0xFF,0xFF,0xF0,0x00,
N      0x00,0x00,0x00,0x00,0x00,0x00,0x00,0x00,
N      0x00,0x00,0x00,0x00,0x00,0x00,0x00,0x00,
N      0x00,0x00,0x00,0x00,0x00,0x00,0x00,0x00,
N      0x1F,0xFF,0xFF,0xFF,0xFF,0xFF,0xFF,0xF0,
N      0x1F,0xFF,0xFF,0xFF,0xFF,0xFF,0xFF,0xF0,
N      0x1F,0xFF,0xFF,0xFF,0xFF,0xFF,0xFF,0xF0,
N      0x00,0x00,0x00,0x00,0x00,0x00,0x00,0x00,
N      0x00,0x00,0x00,0x00,0x00,0x00,0x00,0x00,
N      0x00,0x00,0x00,0x00,0x00,0x00,0x00,0x00,
N      0x00,0x0F,0xFF,0xFF,0xFF,0xFF,0xF0,0x00,
N      0x00,0x0F,0xFF,0xFF,0xFF,0xFF,0xF0,0x00,
N      0x00,0x0F,0xFF,0xFF,0xFF,0xFF,0xF0,0x00,
N      0x00,0x0F,0x80,0x03,0xC0,0x01,0xF0,0x00,
N      0x00,0x0F,0x80,0x03,0xC0,0x01,0xF0,0x00,
N      0x00,0x0F,0x80,0x03,0xC0,0x01,0xF0,0x00,
N      0x00,0x0F,0xFF,0xFF,0xFF,0xFF,0xF0,0x00,
N      0x00,0x0F,0xFF,0xFF,0xFF,0xFF,0xF0,0x00,
N      0x00,0x0F,0xFF,0xFF,0xFF,0xFF,0xF0,0x00,
N      0x00,0x0F,0xFF,0xFF,0xFF,0xFF,0xF0,0x00,
N      0x00,0x0F,0x80,0x03,0xC0,0x01,0xF0,0x00,
N      0x00,0x0F,0x80,0x03,0xC0,0x01,0xF0,0x00,
N      0x00,0x0F,0xFF,0xFF,0xFF,0xFF,0xF0,0x00,
N      0x00,0x0F,0xFF,0xFF,0xFF,0xFF,0xF0,0x00,
N      0x00,0x0F,0xFF,0xFF,0xFF,0xFF,0xF0,0x00,
N      0x00,0x1F,0xFF,0xFF,0xFF,0xFF,0xF8,0x00,
N      0x00,0x00,0x00,0x03,0xC0,0x00,0x00,0x00,
N      0x00,0x00,0x00,0x03,0xC0,0x00,0x00,0x00,
N      0x00,0x00,0x00,0x03,0xC0,0x00,0x00,0x00,
N      0x00,0x3F,0xFF,0xFF,0xFF,0xFF,0xFC,0x00,
N      0x00,0x3F,0xFF,0xFF,0xFF,0xFF,0xFC,0x00,
N      0x00,0x3F,0xFF,0xFF,0xFF,0xFF,0xFC,0x00,
N      0x00,0x00,0x00,0x03,0xC0,0x00,0x00,0x00,
N      0x00,0x00,0x00,0x03,0xC0,0x00,0x00,0x00,
N      0x00,0x00,0x00,0x03,0xC0,0x00,0x00,0x00,
N      0x00,0x00,0x00,0x03,0xC0,0x00,0x00,0x00,
N      0x07,0xFF,0xFF,0xFF,0xFF,0xFF,0xFF,0xE0,
N      0x07,0xFF,0xFF,0xFF,0xFF,0xFF,0xFF,0xE0,
N      0x07,0xFF,0xFF,0xFF,0xFF,0xFF,0xFF,0xE0,
N      0x00,0x00,0x00,0x00,0x00,0x00,0x00,0x00,
N      0x00,0x00,0x00,0x00,0x00,0x00,0x00,0x00,
N      0x00,0x00,0x00,0x00,0x00,0x00,0x00,0x00,
N      0x00,0x00,0x00,0x00,0x00,0x00,0x00,0x00,
N      0x00,0x00,0x00,0x00,0x00,0x00,0x00,0x00,
N0xC3,0xE8, 0x00,0x00,0x00,0x00,0x00,0x00,0x00,0x00,
N      0x00,0x00,0x00,0x00,0x00,0x00,0x00,0x00,
N      0x00,0x00,0x00,0x00,0x00,0x00,0x00,0x00,
N      0x00,0x1F,0x80,0x00,0xF8,0x03,0xE0,0x00,
N      0x00,0x1F,0x00,0x00,0xF8,0x03,0xE0,0x00,
N      0x00,0x1F,0x00,0x00,0xF8,0x03,0xE0,0x00,
N      0x00,0x1F,0x00,0x00,0xF8,0x03,0xE0,0x00,
N      0x00,0x1F,0x00,0x00,0xF8,0x03,0xE0,0x00,
N      0x00,0x1F,0x00,0x00,0xF8,0x03,0xE0,0x00,
N      0x00,0x1F,0x00,0x00,0xF8,0x03,0xE0,0x00,
N      0x00,0x1F,0x00,0x00,0xF8,0x03,0xE0,0x00,
N      0x00,0x1F,0x00,0x00,0xF8,0x03,0xE0,0x00,
N      0x00,0x1F,0x01,0xFF,0xFF,0xFF,0xFF,0xFC,
N      0x00,0x1F,0x01,0xFF,0xFF,0xFF,0xFF,0xFC,
N      0x00,0x1F,0x01,0xFF,0xFF,0xFF,0xFF,0xFC,
N      0x00,0x1F,0x01,0xFF,0xFF,0xFF,0xFF,0xFC,
N      0x00,0x1F,0x01,0x00,0xF8,0x03,0xE0,0x00,
N      0x1F,0xFF,0xFE,0x00,0xF8,0x03,0xE0,0x00,
N      0x1F,0xFF,0xFE,0x00,0xF8,0x03,0xE0,0x00,
N      0x1F,0xFF,0xFE,0x00,0xF8,0x03,0xE0,0x00,
N      0x1F,0xFF,0xFE,0x00,0xF8,0x03,0xE0,0x00,
N      0x1F,0xFF,0xFE,0x00,0xF8,0x03,0xE0,0x00,
N      0x00,0x1F,0x00,0x00,0xF8,0x03,0xE0,0x00,
N      0x00,0x1F,0x00,0x00,0xF8,0x03,0xE0,0x00,
N      0x00,0x1F,0x00,0x00,0x00,0x00,0x00,0x00,
N      0x00,0x1F,0x00,0x00,0x00,0x00,0x00,0x00,
N      0x00,0x1F,0x00,0x00,0x00,0x00,0x00,0x00,
N      0x00,0x1F,0x00,0x3F,0xFF,0xFF,0xFF,0xC0,
N      0x00,0x1F,0x04,0x3F,0xFF,0xFF,0xFF,0xC0,
N      0x00,0x1F,0x1C,0x3F,0xFF,0xFF,0xFF,0xC0,
N      0x00,0x1F,0x7C,0x3F,0xFF,0xFF,0xFF,0xC0,
N      0x00,0x1F,0xFC,0x3E,0x00,0xF0,0x07,0xC0,
N      0x00,0x1F,0xFC,0x3E,0x00,0xF0,0x07,0xC0,
N      0x00,0xFF,0xF0,0x3E,0x00,0xF0,0x07,0xC0,
N      0x07,0xFF,0xC0,0x3E,0x00,0xF0,0x07,0xC0,
N      0x3F,0xFF,0x00,0x3E,0x00,0xF0,0x07,0xC0,
N      0x1F,0xFF,0x00,0x3E,0x00,0xF0,0x07,0xC0,
N      0x1F,0xFF,0x00,0x3E,0x00,0xF0,0x07,0xC0,
N      0x0F,0x9F,0x00,0x3E,0x00,0xF0,0x07,0xC0,
N      0x0E,0x1F,0x00,0x3E,0x00,0xF0,0x07,0xC0,
N      0x08,0x1F,0x00,0x3F,0xFF,0xFF,0xFF,0xC0,
N      0x00,0x1F,0x00,0x3F,0xFF,0xFF,0xFF,0xC0,
N      0x00,0x1F,0x00,0x3F,0xFF,0xFF,0xFF,0xC0,
N      0x00,0x1F,0x00,0x3F,0xFF,0xFF,0xFF,0xC0,
N      0x00,0x1F,0x00,0x3E,0x00,0xF0,0x07,0xC0,
N      0x00,0x1F,0x00,0x3E,0x00,0xF0,0x07,0xC0,
N      0x00,0x1F,0x00,0x3E,0x00,0xF0,0x07,0xC0,
N      0x00,0x1F,0x00,0x3E,0x00,0xF0,0x07,0xC0,
N      0x00,0x1F,0x00,0x3E,0x00,0xF0,0x07,0xC0,
N      0x00,0x1F,0x00,0x3E,0x00,0xF0,0x07,0xC0,
N      0x00,0x1F,0x00,0x3E,0x00,0xF0,0x07,0xC0,
N      0x00,0x1F,0x00,0x3E,0x00,0xF0,0x07,0xC0,
N      0x00,0x1F,0x00,0x3E,0x00,0xF0,0x07,0xC0,
N      0x00,0x1F,0x00,0x3F,0xFF,0xFF,0xFF,0xC0,
N      0x00,0x3F,0x00,0x3F,0xFF,0xFF,0xFF,0xC0,
N      0x03,0xFF,0x00,0x3F,0xFF,0xFF,0xFF,0xC0,
N      0x03,0xFE,0x00,0x3F,0xFF,0xFF,0xFF,0xC0,
N      0x01,0xFE,0x00,0x3E,0x00,0x00,0x07,0xC0,
N      0x01,0xFC,0x00,0x3E,0x00,0x00,0x07,0xC0,
N      0x01,0xF8,0x00,0x3E,0x00,0x00,0x07,0xC0,
N      0x01,0xE0,0x00,0x3E,0x00,0x00,0x07,0xC0,
N      0x00,0x00,0x00,0x00,0x00,0x00,0x00,0x00,
N      0x00,0x00,0x00,0x00,0x00,0x00,0x00,0x00,
N      0x00,0x00,0x00,0x00,0x00,0x00,0x00,0x00,
N
N0xC6,0xB7, 0x00,0x00,0x00,0x00,0x00,0x00,0x00,0x00,
N      0x00,0x00,0x00,0x00,0x00,0x00,0x00,0x00,
N      0x00,0x00,0x00,0x00,0x00,0x00,0x00,0x00,
N      0x00,0x00,0x00,0x00,0x00,0x00,0x00,0x00,
N      0x00,0x00,0x00,0x00,0x00,0x00,0x00,0x00,
N      0x00,0x00,0x00,0x00,0x00,0x00,0x00,0x00,
N      0x00,0x01,0xFF,0xFF,0xFF,0xFF,0x80,0x00,
N      0x00,0x01,0xFF,0xFF,0xFF,0xFF,0x80,0x00,
N      0x00,0x01,0xFF,0xFF,0xFF,0xFF,0x80,0x00,
N      0x00,0x01,0xFF,0xFF,0xFF,0xFF,0x80,0x00,
N      0x00,0x01,0xFF,0xFF,0xFF,0xFF,0x80,0x00,
N      0x00,0x01,0xF0,0x00,0x00,0x0F,0x80,0x00,
N      0x00,0x01,0xF0,0x00,0x00,0x0F,0x80,0x00,
N      0x00,0x01,0xF0,0x00,0x00,0x0F,0x80,0x00,
N      0x00,0x01,0xF0,0x00,0x00,0x0F,0x80,0x00,
N      0x00,0x01,0xF0,0x00,0x00,0x0F,0x80,0x00,
N      0x00,0x01,0xF0,0x00,0x00,0x0F,0x80,0x00,
N      0x00,0x01,0xF0,0x00,0x00,0x0F,0x80,0x00,
N      0x00,0x01,0xF0,0x00,0x00,0x0F,0x80,0x00,
N      0x00,0x01,0xF0,0x00,0x00,0x0F,0x80,0x00,
N      0x00,0x01,0xF0,0x00,0x00,0x0F,0x80,0x00,
N      0x00,0x01,0xF0,0x00,0x00,0x0F,0x80,0x00,
N      0x00,0x01,0xFF,0xFF,0xFF,0xFF,0x80,0x00,
N      0x00,0x01,0xFF,0xFF,0xFF,0xFF,0x80,0x00,
N      0x00,0x01,0xFF,0xFF,0xFF,0xFF,0x80,0x00,
N      0x00,0x01,0xFF,0xFF,0xFF,0xFF,0x80,0x00,
N      0x00,0x00,0x00,0x00,0x00,0x00,0x00,0x00,
N      0x00,0x00,0x00,0x00,0x00,0x00,0x00,0x00,
N      0x00,0x00,0x00,0x00,0x00,0x00,0x00,0x00,
N      0x00,0x00,0x00,0x00,0x00,0x00,0x00,0x00,
N      0x00,0x00,0x00,0x00,0x00,0x00,0x00,0x00,
N      0x00,0x00,0x00,0x00,0x00,0x00,0x00,0x00,
N      0x03,0xFF,0xFF,0xF8,0x1F,0xFF,0xFF,0xC0,
N      0x03,0xFF,0xFF,0xF8,0x1F,0xFF,0xFF,0xC0,
N      0x03,0xFF,0xFF,0xF8,0x1F,0xFF,0xFF,0xC0,
N      0x03,0xFF,0xFF,0xF0,0x1F,0xFF,0xFF,0xC0,
N      0x03,0xFF,0xFF,0xF0,0x1F,0xFF,0xFF,0xC0,
N      0x03,0xE0,0x00,0xF0,0x1F,0x00,0x03,0xC0,
N      0x03,0xE0,0x00,0xF0,0x1F,0x00,0x03,0xC0,
N      0x03,0xE0,0x00,0xF0,0x1F,0x00,0x03,0xC0,
N      0x03,0xE0,0x00,0xF0,0x1F,0x00,0x03,0xC0,
N      0x03,0xE0,0x00,0xF0,0x1F,0x00,0x03,0xC0,
N      0x03,0xE0,0x00,0xF0,0x1F,0x00,0x03,0xC0,
N      0x03,0xE0,0x00,0xF0,0x1F,0x00,0x03,0xC0,
N      0x03,0xE0,0x00,0xF0,0x1F,0x00,0x03,0xC0,
N      0x03,0xE0,0x00,0xF0,0x1F,0x00,0x03,0xC0,
N      0x03,0xE0,0x00,0xF0,0x1F,0x00,0x03,0xC0,
N      0x03,0xE0,0x00,0xF0,0x1F,0x00,0x03,0xC0,
N      0x03,0xE0,0x00,0xF0,0x1F,0x00,0x03,0xC0,
N      0x03,0xE0,0x00,0xF0,0x1F,0x00,0x03,0xC0,
N      0x03,0xFF,0xFF,0xF0,0x1F,0xFF,0xFF,0xC0,
N      0x03,0xFF,0xFF,0xF0,0x1F,0xFF,0xFF,0xC0,
N      0x03,0xFF,0xFF,0xF0,0x1F,0xFF,0xFF,0xC0,
N      0x03,0xFF,0xFF,0xF0,0x1F,0xFF,0xFF,0xC0,
N      0x03,0xFF,0xFF,0xF0,0x1F,0xFF,0xFF,0xC0,
N      0x03,0xE0,0x00,0xF8,0x1F,0x00,0x03,0xC0,
N      0x03,0xE0,0x00,0xF8,0x1F,0x00,0x03,0xC0,
N      0x03,0xE0,0x00,0xF8,0x1F,0x00,0x03,0xC0,
N      0x03,0xE0,0x00,0xF8,0x1F,0x00,0x03,0xE0,
N      0x00,0x00,0x00,0x00,0x00,0x00,0x00,0x00,
N      0x00,0x00,0x00,0x00,0x00,0x00,0x00,0x00,
N      0x00,0x00,0x00,0x00,0x00,0x00,0x00,0x00,
N      0x00,0x00,0x00,0x00,0x00,0x00,0x00,0x00,
N      0x00,0x00,0x00,0x00,0x00,0x00,0x00,0x00,
N
N0xC9,0xA8, 0x00,0x00,0x00,0x00,0x00,0x00,0x00,0x00,
N      0x00,0x00,0x00,0x00,0x00,0x00,0x00,0x00,
N      0x00,0x00,0x00,0x00,0x00,0x00,0x00,0x00,
N      0x00,0x07,0xE0,0x00,0x00,0x00,0x00,0x00,
N      0x00,0x03,0xE0,0x00,0x00,0x00,0x00,0x00,
N      0x00,0x03,0xE0,0x00,0x00,0x00,0x00,0x00,
N      0x00,0x03,0xE0,0x00,0x00,0x00,0x00,0x00,
N      0x00,0x03,0xE0,0x07,0xFF,0xFF,0xFF,0xE0,
N      0x00,0x03,0xE0,0x07,0xFF,0xFF,0xFF,0xE0,
N      0x00,0x03,0xE0,0x07,0xFF,0xFF,0xFF,0xE0,
N      0x00,0x03,0xE0,0x07,0xFF,0xFF,0xFF,0xE0,
N      0x00,0x03,0xE0,0x07,0xFF,0xFF,0xFF,0xE0,
N      0x00,0x03,0xE0,0x00,0x00,0x00,0x03,0xE0,
N      0x00,0x03,0xE0,0x00,0x00,0x00,0x03,0xE0,
N      0x00,0x03,0xE0,0x00,0x00,0x00,0x03,0xE0,
N      0x1C,0x03,0xE0,0x30,0x00,0x00,0x03,0xE0,
N      0x1F,0xFF,0xFF,0xF0,0x00,0x00,0x03,0xE0,
N      0x1F,0xFF,0xFF,0xF0,0x00,0x00,0x03,0xE0,
N      0x1F,0xFF,0xFF,0xF0,0x00,0x00,0x03,0xE0,
N      0x1F,0xFF,0xFF,0xF0,0x00,0x00,0x03,0xE0,
N      0x00,0x03,0xE0,0x00,0x00,0x00,0x03,0xE0,
N      0x00,0x03,0xE0,0x00,0x00,0x00,0x03,0xE0,
N      0x00,0x03,0xE0,0x00,0x00,0x00,0x03,0xE0,
N      0x00,0x03,0xE0,0x00,0x00,0x00,0x03,0xE0,
N      0x00,0x03,0xE0,0x00,0x00,0x00,0x03,0xE0,
N      0x00,0x03,0xE0,0x00,0x00,0x00,0x03,0xE0,
N      0x00,0x03,0xE0,0x20,0x00,0x00,0x03,0xE0,
N      0x00,0x03,0xE0,0x60,0xFF,0xFF,0xFF,0xE0,
N      0x00,0x03,0xE1,0xE0,0xFF,0xFF,0xFF,0xE0,
N      0x00,0x03,0xE7,0xE0,0xFF,0xFF,0xFF,0xE0,
N      0x00,0x03,0xFF,0xE0,0xFF,0xFF,0xFF,0xE0,
N      0x00,0x03,0xFF,0xC0,0xFF,0xFF,0xFF,0xE0,
N      0x00,0x03,0xFF,0x00,0x00,0x00,0x03,0xE0,
N      0x00,0x0F,0xFC,0x00,0x00,0x00,0x03,0xE0,
N      0x00,0x3F,0xF0,0x00,0x00,0x00,0x03,0xE0,
N      0x01,0xFF,0xE0,0x00,0x00,0x00,0x03,0xE0,
N      0x07,0xFF,0xE0,0x00,0x00,0x00,0x03,0xE0,
N      0x3F,0xFB,0xE0,0x00,0x00,0x00,0x03,0xE0,
N      0x1F,0xE3,0xE0,0x00,0x00,0x00,0x03,0xE0,
N      0x0F,0x83,0xE0,0x00,0x00,0x00,0x03,0xE0,
N      0x07,0x03,0xE0,0x00,0x00,0x00,0x03,0xE0,
N      0x04,0x03,0xE0,0x00,0x00,0x00,0x03,0xE0,
N      0x00,0x03,0xE0,0x00,0x00,0x00,0x03,0xE0,
N      0x00,0x03,0xE0,0x00,0x00,0x00,0x03,0xE0,
N      0x00,0x03,0xE0,0x00,0x00,0x00,0x03,0xE0,
N      0x00,0x03,0xE0,0x00,0x00,0x00,0x03,0xE0,
N      0x00,0x03,0xE0,0x00,0x00,0x00,0x03,0xE0,
N      0x00,0x03,0xE0,0x00,0x00,0x00,0x03,0xE0,
N      0x00,0x03,0xE0,0x00,0x00,0x00,0x03,0xE0,
N      0x00,0x03,0xE0,0x1F,0xFF,0xFF,0xFF,0xE0,
N      0x00,0x03,0xE0,0x1F,0xFF,0xFF,0xFF,0xE0,
N      0x00,0x03,0xE0,0x1F,0xFF,0xFF,0xFF,0xE0,
N      0x00,0x03,0xE0,0x1F,0xFF,0xFF,0xFF,0xE0,
N      0x00,0x03,0xE0,0x1F,0xFF,0xFF,0xFF,0xE0,
N      0x00,0x03,0xE0,0x00,0x00,0x00,0x03,0xE0,
N      0x00,0x07,0xE0,0x00,0x00,0x00,0x03,0xE0,
N      0x03,0xFF,0xE0,0x00,0x00,0x00,0x03,0xE0,
N      0x01,0xFF,0xC0,0x00,0x00,0x00,0x03,0xE0,
N      0x01,0xFF,0x80,0x00,0x00,0x00,0x03,0xE0,
N      0x00,0xFF,0x00,0x00,0x00,0x00,0x03,0xE0,
N      0x00,0xF8,0x00,0x00,0x00,0x00,0x00,0x00,
N      0x00,0x00,0x00,0x00,0x00,0x00,0x00,0x00,
N      0x00,0x00,0x00,0x00,0x00,0x00,0x00,0x00,
N      0x00,0x00,0x00,0x00,0x00,0x00,0x00,0x00,
N0xCA,0xF8,  0x00,0x00,0x00,0x00,0x00,0x00,0x00,0x00,
N      0x00,0x00,0x00,0x00,0x00,0x00,0x00,0x00,
N      0x00,0x00,0x00,0x00,0x00,0x00,0x00,0x00,
N      0x00,0x00,0x00,0x00,0x00,0x00,0x00,0x00,
N      0x00,0x00,0x00,0x07,0xE0,0x00,0x00,0x00,
N      0x00,0x00,0x00,0x07,0xE0,0x00,0x00,0x00,
N      0x00,0x00,0x00,0x07,0xE0,0x00,0x00,0x00,
N      0x00,0x00,0x00,0x07,0xE0,0x00,0x00,0x00,
N      0x00,0x00,0x00,0x07,0xE0,0x00,0x00,0x00,
N      0x00,0x00,0x00,0x07,0xE0,0x00,0x00,0x00,
N      0x00,0x00,0x00,0x07,0xE0,0x00,0x00,0x00,
N      0x0F,0xFF,0xFF,0xFF,0xFF,0xFF,0xFF,0xF0,
N      0x0F,0xFF,0xFF,0xFF,0xFF,0xFF,0xFF,0xF0,
N      0x0F,0xFF,0xFF,0xFF,0xFF,0xFF,0xFF,0xF0,
N      0x0F,0xFF,0xFF,0xFF,0xFF,0xFF,0xFF,0xF0,
N      0x0F,0xFF,0xFF,0xFF,0xFF,0xFF,0xFF,0xF0,
N      0x00,0x00,0x00,0x07,0xE0,0x00,0x00,0x00,
N      0x00,0x00,0x00,0x07,0xE0,0x00,0x00,0x00,
N      0x00,0x00,0x00,0x07,0xE0,0x00,0x00,0x00,
N      0x00,0x00,0x00,0x07,0xE0,0x00,0x00,0x00,
N      0x00,0x00,0x00,0x07,0xE0,0x00,0x00,0x00,
N      0x00,0x3F,0xFF,0xFF,0xFF,0xFF,0xFC,0x00,
N      0x00,0x3F,0xFF,0xFF,0xFF,0xFF,0xFC,0x00,
N      0x00,0x3F,0xFF,0xFF,0xFF,0xFF,0xFC,0x00,
N      0x00,0x3F,0xFF,0xFF,0xFF,0xFF,0xFC,0x00,
N      0x00,0x3E,0x00,0x07,0xE0,0x00,0x7C,0x00,
N      0x00,0x3E,0x00,0x07,0xE0,0x00,0x7C,0x00,
N      0x00,0x3E,0x00,0x07,0xE0,0x00,0x7C,0x00,
N      0x00,0x3E,0x00,0x07,0xE0,0x00,0x7C,0x00,
N      0x00,0x3E,0x00,0x07,0xE0,0x00,0x7C,0x00,
N      0x00,0x3E,0x00,0x07,0xE0,0x00,0x7C,0x00,
N      0x00,0x3E,0x00,0x07,0xE0,0x00,0x7C,0x00,
N      0x00,0x3F,0xFF,0xFF,0xFF,0xFF,0xFC,0x00,
N      0x00,0x3F,0xFF,0xFF,0xFF,0xFF,0xFC,0x00,
N      0x00,0x3F,0xFF,0xFF,0xFF,0xFF,0xFC,0x00,
N      0x00,0x3F,0xFF,0xFF,0xFF,0xFF,0xFC,0x00,
N      0x00,0x3F,0xFF,0xFF,0xFF,0xFF,0xFC,0x00,
N      0x00,0x00,0x00,0x7F,0xFF,0x00,0x00,0x00,
N      0x00,0x00,0x00,0xFF,0xFF,0x00,0x00,0x00,
N      0x00,0x00,0x01,0xFF,0xEF,0x80,0x00,0x00,
N      0x00,0x00,0x03,0xF7,0xEF,0xC0,0x00,0x00,
N      0x00,0x00,0x07,0xE7,0xE7,0xE0,0x00,0x00,
N      0x00,0x00,0x0F,0xE7,0xE7,0xE0,0x00,0x00,
N      0x00,0x00,0x1F,0xC7,0xE3,0xF0,0x00,0x00,
N      0x00,0x00,0x3F,0x87,0xE1,0xF8,0x00,0x00,
N      0x00,0x00,0x7F,0x07,0xE0,0xFC,0x00,0x00,
N      0x00,0x01,0xFE,0x07,0xE0,0x7E,0x00,0x00,
N      0x00,0x03,0xFC,0x07,0xE0,0x3F,0x80,0x00,
N      0x00,0x0F,0xF8,0x07,0xE0,0x3F,0xC0,0x00,
N      0x00,0x1F,0xF0,0x07,0xE0,0x0F,0xF0,0x00,
N      0x00,0x7F,0xC0,0x07,0xE0,0x07,0xFC,0x00,
N      0x00,0xFF,0x80,0x07,0xE0,0x03,0xFF,0x00,
N      0x03,0xFF,0x00,0x07,0xE0,0x01,0xFF,0xE0,
N      0x1F,0xFC,0x00,0x07,0xE0,0x00,0x7F,0xF8,
N      0x0F,0xF8,0x00,0x07,0xE0,0x00,0x3F,0xF0,
N      0x07,0xE0,0x00,0x07,0xE0,0x00,0x0F,0xE0,
N      0x03,0xC0,0x00,0x07,0xE0,0x00,0x03,0xC0,
N      0x01,0x00,0x00,0x07,0xE0,0x00,0x00,0xC0,
N      0x00,0x00,0x00,0x07,0xE0,0x00,0x00,0x00,
N      0x00,0x00,0x00,0x07,0xE0,0x00,0x00,0x00,
N      0x00,0x00,0x00,0x00,0x00,0x00,0x00,0x00,
N      0x00,0x00,0x00,0x00,0x00,0x00,0x00,0x00,
N      0x00,0x00,0x00,0x00,0x00,0x00,0x00,0x00,
N      0x00,0x00,0x00,0x00,0x00,0x00,0x00,0x00,
N0xCE,0xBB,0x00,0x00,0x00,0x00,0x00,0x00,0x00,0x00,
N      0x00,0x00,0x00,0x00,0x00,0x00,0x00,0x00,
N      0x00,0x00,0x00,0x00,0x00,0x00,0x00,0x00,
N      0x00,0x01,0x00,0x00,0x02,0x00,0x00,0x00,
N      0x00,0x01,0xC0,0x00,0x0F,0x00,0x00,0x00,
N      0x00,0x03,0xF0,0x00,0x3F,0x00,0x00,0x00,
N      0x00,0x03,0xF8,0x00,0x1F,0x80,0x00,0x00,
N      0x00,0x03,0xF0,0x00,0x1F,0x80,0x00,0x00,
N      0x00,0x07,0xF0,0x00,0x0F,0xC0,0x00,0x00,
N      0x00,0x07,0xE0,0x00,0x07,0xE0,0x00,0x00,
N      0x00,0x07,0xE0,0x00,0x07,0xE0,0x00,0x00,
N      0x00,0x0F,0xC0,0x00,0x03,0xF0,0x00,0x00,
N      0x00,0x0F,0xC0,0x00,0x03,0xC0,0x00,0x00,
N      0x00,0x0F,0xC0,0x00,0x03,0x00,0x00,0x00,
N      0x00,0x1F,0x80,0x00,0x00,0x00,0x00,0x00,
N      0x00,0x1F,0x81,0xFF,0xFF,0xFF,0xFF,0xE0,
N      0x00,0x3F,0x81,0xFF,0xFF,0xFF,0xFF,0xE0,
N      0x00,0x3F,0x01,0xFF,0xFF,0xFF,0xFF,0xE0,
N      0x00,0x7F,0x01,0xFF,0xFF,0xFF,0xFF,0xE0,
N      0x00,0x7F,0x00,0x00,0x00,0x00,0x00,0x00,
N      0x00,0x7F,0x00,0x00,0x00,0x00,0x00,0x00,
N      0x00,0xFF,0x00,0x00,0x00,0x00,0x00,0x00,
N      0x01,0xFF,0x00,0x00,0x00,0x00,0x00,0x00,
N      0x01,0xFF,0x00,0x00,0x00,0x01,0x00,0x00,
N      0x03,0xFF,0x00,0x02,0x00,0x01,0xF0,0x00,
N      0x03,0xFF,0x00,0x0E,0x00,0x01,0xF8,0x00,
N      0x07,0xFF,0x00,0x3E,0x00,0x03,0xF8,0x00,
N      0x07,0xDF,0x00,0x3F,0x00,0x03,0xF8,0x00,
N      0x0F,0xDF,0x00,0x3F,0x00,0x03,0xF0,0x00,
N      0x1F,0x9F,0x00,0x1F,0x00,0x03,0xF0,0x00,
N      0x3F,0x9F,0x00,0x1F,0x80,0x03,0xF0,0x00,
N      0x1F,0x1F,0x00,0x1F,0x80,0x03,0xE0,0x00,
N      0x0E,0x1F,0x00,0x0F,0x80,0x07,0xE0,0x00,
N      0x0E,0x1F,0x00,0x0F,0xC0,0x07,0xE0,0x00,
N      0x04,0x1F,0x00,0x0F,0xC0,0x07,0xC0,0x00,
N      0x04,0x1F,0x00,0x07,0xC0,0x07,0xC0,0x00,
N      0x00,0x1F,0x00,0x07,0xC0,0x07,0xC0,0x00,
N      0x00,0x1F,0x00,0x07,0xE0,0x0F,0xC0,0x00,
N      0x00,0x1F,0x00,0x03,0xE0,0x0F,0x80,0x00,
N      0x00,0x1F,0x00,0x03,0xE0,0x0F,0x80,0x00,
N      0x00,0x1F,0x00,0x03,0xF0,0x0F,0x80,0x00,
N      0x00,0x1F,0x00,0x01,0xF0,0x1F,0x80,0x00,
N      0x00,0x1F,0x00,0x01,0xF0,0x1F,0x00,0x00,
N      0x00,0x1F,0x00,0x01,0xF0,0x1F,0x00,0x00,
N      0x00,0x1F,0x00,0x01,0xF8,0x1F,0x00,0x00,
N      0x00,0x1F,0x00,0x00,0xF8,0x1F,0x00,0x00,
N      0x00,0x1F,0x00,0x00,0xF8,0x3E,0x00,0x00,
N      0x00,0x1F,0x00,0x00,0xF8,0x3E,0x00,0x00,
N      0x00,0x1F,0x00,0x00,0xE0,0x3E,0x00,0x00,
N      0x00,0x1F,0x00,0x00,0x80,0x7E,0x00,0x00,
N      0x00,0x1F,0x00,0x00,0x00,0x7C,0x00,0x00,
N      0x00,0x1F,0x00,0x00,0x00,0x7C,0x00,0x00,
N      0x00,0x1F,0x0F,0xFF,0xFF,0xFF,0xFF,0xF8,
N      0x00,0x1F,0x0F,0xFF,0xFF,0xFF,0xFF,0xF8,
N      0x00,0x1F,0x0F,0xFF,0xFF,0xFF,0xFF,0xF8,
N      0x00,0x1F,0x0F,0xFF,0xFF,0xFF,0xFF,0xF8,
N      0x00,0x1F,0x0F,0xFF,0xFF,0xFF,0xFF,0xF8,
N      0x00,0x1F,0x00,0x00,0x00,0x00,0x00,0x00,
N      0x00,0x1F,0x00,0x00,0x00,0x00,0x00,0x00,
N      0x00,0x1F,0x00,0x00,0x00,0x00,0x00,0x00,
N      0x00,0x1F,0x00,0x00,0x00,0x00,0x00,0x00,
N      0x00,0x1F,0x80,0x00,0x00,0x00,0x00,0x00,
N      0x00,0x00,0x00,0x00,0x00,0x00,0x00,0x00,
N      0x00,0x00,0x00,0x00,0x00,0x00,0x00,0x00,
N
N0xD1,0xF9,0x00,0x00,0x00,0x00,0x00,0x00,0x00,0x00,
N      0x00,0x00,0x00,0x00,0x00,0x00,0x00,0x00,
N      0x00,0x00,0x00,0x00,0x00,0x00,0x00,0x00,
N      0x00,0x00,0x00,0x00,0x10,0x00,0xC0,0x00,
N      0x00,0x07,0xC0,0x00,0x78,0x00,0xF8,0x00,
N      0x00,0x07,0xC0,0x00,0xF8,0x01,0xF8,0x00,
N      0x00,0x07,0xC0,0x00,0xF8,0x01,0xF8,0x00,
N      0x00,0x07,0xC0,0x00,0x7C,0x01,0xF0,0x00,
N      0x00,0x07,0xC0,0x00,0x7C,0x03,0xE0,0x00,
N      0x00,0x07,0xC0,0x00,0x3E,0x03,0xE0,0x00,
N      0x00,0x07,0xC0,0x00,0x3E,0x07,0xC0,0x00,
N      0x00,0x07,0xC0,0x00,0x1F,0x07,0xC0,0x00,
N      0x00,0x07,0xC0,0x00,0x18,0x07,0x80,0x00,
N      0x00,0x07,0xC0,0x00,0x00,0x0F,0x80,0x00,
N      0x00,0x07,0xC0,0x1E,0x00,0x0F,0x80,0x10,
N      0x00,0x07,0xC0,0x1F,0xFF,0xFF,0xFF,0xF0,
N      0x00,0x07,0xC0,0x1F,0xFF,0xFF,0xFF,0xF0,
N      0x1F,0xFF,0xFF,0x9F,0xFF,0xFF,0xFF,0xF0,
N      0x1F,0xFF,0xFF,0x9F,0xFF,0xFF,0xFF,0xF0,
N      0x1F,0xFF,0xFF,0x80,0x00,0x7C,0x00,0x00,
N      0x1F,0xFF,0xFF,0x80,0x00,0x7C,0x00,0x00,
N      0x1F,0xFF,0xFF,0x80,0x00,0x7C,0x00,0x00,
N      0x00,0x0F,0xC0,0x00,0x00,0x7C,0x00,0x00,
N      0x00,0x0F,0xC0,0x00,0x00,0x7C,0x00,0x00,
N      0x00,0x1F,0xC0,0x00,0x00,0x7C,0x00,0x00,
N      0x00,0x1F,0xC0,0x00,0x00,0x7C,0x00,0x00,
N      0x00,0x1F,0xC0,0x00,0x00,0x7C,0x00,0x00,
N      0x00,0x1F,0xC0,0x00,0x00,0x7C,0x00,0x00,
N      0x00,0x3F,0xC0,0x07,0xFF,0xFF,0xFF,0xC0,
N      0x00,0x3F,0xDC,0x07,0xFF,0xFF,0xFF,0xC0,
N      0x00,0x7F,0xFE,0x07,0xFF,0xFF,0xFF,0xC0,
N      0x00,0x7F,0xFE,0x07,0xFF,0xFF,0xFF,0xC0,
N      0x00,0x7F,0xDF,0x07,0xFF,0xFF,0xFF,0xC0,
N      0x00,0xFF,0xDF,0x80,0x00,0x7C,0x00,0x00,
N      0x00,0xF7,0xCF,0x80,0x00,0x7C,0x00,0x00,
N      0x01,0xF7,0xCF,0xC0,0x00,0x7C,0x00,0x00,
N      0x01,0xE7,0xC7,0xE0,0x00,0x7C,0x00,0x00,
N      0x03,0xE7,0xC7,0xE0,0x00,0x7C,0x00,0x00,
N      0x07,0xE7,0xC3,0x80,0x00,0x7C,0x00,0x00,
N      0x07,0xC7,0xC1,0x00,0x00,0x7C,0x00,0x00,
N      0x0F,0xC7,0xC0,0x00,0x00,0x7C,0x00,0x00,
N      0x0F,0x87,0xC0,0x00,0x00,0x7C,0x00,0x00,
N      0x1F,0x07,0xC0,0x7C,0x00,0x7C,0x00,0x00,
N      0x3F,0x07,0xC0,0x7F,0xFF,0xFF,0xFF,0xF8,
N      0x1E,0x07,0xC0,0x7F,0xFF,0xFF,0xFF,0xF8,
N      0x0E,0x07,0xC0,0x7F,0xFF,0xFF,0xFF,0xF8,
N      0x04,0x07,0xC0,0x7F,0xFF,0xFF,0xFF,0xF8,
N      0x00,0x07,0xC0,0x00,0x00,0x7C,0x00,0x00,
N      0x00,0x07,0xC0,0x00,0x00,0x7C,0x00,0x00,
N      0x00,0x07,0xC0,0x00,0x00,0x7C,0x00,0x00,
N      0x00,0x07,0xC0,0x00,0x00,0x7C,0x00,0x00,
N      0x00,0x07,0xC0,0x00,0x00,0x7C,0x00,0x00,
N      0x00,0x07,0xC0,0x00,0x00,0x7C,0x00,0x00,
N      0x00,0x07,0xC0,0x00,0x00,0x7C,0x00,0x00,
N      0x00,0x07,0xC0,0x00,0x00,0x7C,0x00,0x00,
N      0x00,0x07,0xC0,0x00,0x00,0x7C,0x00,0x00,
N      0x00,0x07,0xC0,0x00,0x00,0x7C,0x00,0x00,
N      0x00,0x07,0xC0,0x00,0x00,0x7C,0x00,0x00,
N      0x00,0x07,0xC0,0x00,0x00,0x7C,0x00,0x00,
N      0x00,0x07,0xC0,0x00,0x00,0x7C,0x00,0x00,
N      0x00,0x07,0xC0,0x00,0x00,0x7C,0x00,0x00,
N      0x00,0x00,0x00,0x00,0x00,0x00,0x00,0x00,
N      0x00,0x00,0x00,0x00,0x00,0x00,0x00,0x00,
N      0x00,0x00,0x00,0x00,0x00,0x00,0x00,0x00,
N0xD4,0xDA, 0x00,0x00,0x00,0x00,0x00,0x00,0x00,0x00,
N      0x00,0x00,0x00,0x00,0x00,0x00,0x00,0x00,
N      0x00,0x00,0x00,0x00,0x00,0x00,0x00,0x00,
N      0x00,0x00,0x00,0x1E,0x00,0x00,0x00,0x00,
N      0x00,0x00,0x00,0x1F,0x80,0x00,0x00,0x00,
N      0x00,0x00,0x00,0x1F,0x80,0x00,0x00,0x00,
N      0x00,0x00,0x00,0x3F,0x00,0x00,0x00,0x00,
N      0x00,0x00,0x00,0x3F,0x00,0x00,0x00,0x00,
N      0x00,0x00,0x00,0x3E,0x00,0x00,0x00,0x00,
N      0x00,0x00,0x00,0x7E,0x00,0x00,0x00,0x00,
N      0x00,0x00,0x00,0x7E,0x00,0x00,0x00,0x00,
N      0x00,0x00,0x00,0x7C,0x00,0x00,0x00,0x00,
N      0x00,0x00,0x00,0xFC,0x00,0x00,0x00,0x00,
N      0x03,0xFF,0xFF,0xFF,0xFF,0xFF,0xFF,0xF0,
N      0x03,0xFF,0xFF,0xFF,0xFF,0xFF,0xFF,0xF0,
N      0x03,0xFF,0xFF,0xFF,0xFF,0xFF,0xFF,0xF0,
N      0x03,0xFF,0xFF,0xFF,0xFF,0xFF,0xFF,0xF0,
N      0x00,0x00,0x01,0xF0,0x00,0x00,0x00,0x10,
N      0x00,0x00,0x03,0xF0,0x00,0x00,0x00,0x00,
N      0x00,0x00,0x03,0xE0,0x00,0x00,0x00,0x00,
N      0x00,0x00,0x07,0xE0,0x00,0x00,0x00,0x00,
N      0x00,0x00,0x07,0xC0,0x07,0xC0,0x00,0x00,
N      0x00,0x00,0x0F,0xC0,0x07,0xC0,0x00,0x00,
N      0x00,0x00,0x0F,0x80,0x07,0xC0,0x00,0x00,
N      0x00,0x00,0x1F,0x80,0x07,0xC0,0x00,0x00,
N      0x00,0x00,0x3F,0x00,0x07,0xC0,0x00,0x00,
N      0x00,0x00,0x7F,0x00,0x07,0xC0,0x00,0x00,
N      0x00,0x07,0xFE,0x00,0x07,0xC0,0x00,0x00,
N      0x00,0x07,0xFC,0x00,0x07,0xC0,0x00,0x00,
N      0x00,0x07,0xFC,0x00,0x07,0xC0,0x00,0x00,
N      0x00,0x07,0xF8,0x00,0x07,0xC0,0x00,0x00,
N      0x00,0x07,0xF0,0x00,0x07,0xC0,0x00,0x00,
N      0x00,0x0F,0xF1,0xFF,0xFF,0xFF,0xFF,0x00,
N      0x00,0x0F,0xE1,0xFF,0xFF,0xFF,0xFF,0x00,
N      0x00,0x1F,0xC1,0xFF,0xFF,0xFF,0xFF,0x00,
N      0x00,0x3F,0xC1,0xFF,0xFF,0xFF,0xFF,0x00,
N      0x00,0x7F,0xC1,0xFF,0xFF,0xFF,0xFF,0x00,
N      0x01,0xFF,0xC0,0x00,0x07,0xC0,0x00,0x00,
N      0x03,0xFF,0xC0,0x00,0x07,0xC0,0x00,0x00,
N      0x07,0xFF,0xC0,0x00,0x07,0xC0,0x00,0x00,
N      0x1F,0xF7,0xC0,0x00,0x07,0xC0,0x00,0x00,
N      0x3F,0xC7,0xC0,0x00,0x07,0xC0,0x00,0x00,
N      0x0F,0x87,0xC0,0x00,0x07,0xC0,0x00,0x00,
N      0x07,0x07,0xC0,0x00,0x07,0xC0,0x00,0x00,
N      0x02,0x07,0xC0,0x00,0x07,0xC0,0x00,0x00,
N      0x00,0x07,0xC0,0x00,0x07,0xC0,0x00,0x00,
N      0x00,0x07,0xC0,0x00,0x07,0xC0,0x00,0x00,
N      0x00,0x07,0xC0,0x00,0x07,0xC0,0x00,0x00,
N      0x00,0x07,0xC0,0x00,0x07,0xC0,0x00,0x00,
N      0x00,0x07,0xC0,0x00,0x07,0xC0,0x00,0x00,
N      0x00,0x07,0xC0,0x00,0x07,0xC0,0x00,0x00,
N      0x00,0x07,0xC0,0x00,0x07,0xC0,0x00,0x00,
N      0x00,0x07,0xC0,0x00,0x07,0xC0,0x00,0x00,
N      0x00,0x07,0xC7,0xFF,0xFF,0xFF,0xFF,0xF0,
N      0x00,0x07,0xC7,0xFF,0xFF,0xFF,0xFF,0xF0,
N      0x00,0x07,0xC7,0xFF,0xFF,0xFF,0xFF,0xF0,
N      0x00,0x07,0xC7,0xFF,0xFF,0xFF,0xFF,0xF0,
N      0x00,0x07,0xC7,0xFF,0xFF,0xFF,0xFF,0xF0,
N      0x00,0x07,0xC0,0x00,0x00,0x00,0x00,0x00,
N      0x00,0x07,0xC0,0x00,0x00,0x00,0x00,0x00,
N      0x00,0x07,0xC0,0x00,0x00,0x00,0x00,0x00,
N      0x00,0x07,0xE0,0x00,0x00,0x00,0x00,0x00,
N      0x00,0x00,0x00,0x00,0x00,0x00,0x00,0x00,
N      0x00,0x00,0x00,0x00,0x00,0x00,0x00,0x00,
N
N0xD5,0xFD, 0x00,0x00,0x00,0x00,0x00,0x00,0x00,0x00,
N      0x00,0x00,0x00,0x00,0x00,0x00,0x00,0x00,
N      0x00,0x00,0x00,0x00,0x00,0x00,0x00,0x00,
N      0x00,0x00,0x00,0x00,0x00,0x00,0x00,0x00,
N      0x00,0x00,0x00,0x00,0x00,0x00,0x00,0x00,
N      0x00,0x00,0x00,0x00,0x00,0x00,0x00,0x00,
N      0x00,0x00,0x00,0x00,0x00,0x00,0x00,0x00,
N      0x00,0x00,0x00,0x00,0x00,0x00,0x00,0x00,
N      0x00,0x00,0x00,0x00,0x00,0x00,0x00,0x00,
N      0x00,0xFF,0xFF,0xFF,0xFF,0xFF,0xFF,0x80,
N      0x00,0xFF,0xFF,0xFF,0xFF,0xFF,0xFF,0x80,
N      0x00,0xFF,0xFF,0xFF,0xFF,0xFF,0xFF,0x80,
N      0x00,0xFF,0xFF,0xFF,0xFF,0xFF,0xFF,0x80,
N      0x00,0x00,0x00,0x01,0xF0,0x00,0x00,0x00,
N      0x00,0x00,0x00,0x01,0xF0,0x00,0x00,0x00,
N      0x00,0x00,0x00,0x01,0xF0,0x00,0x00,0x00,
N      0x00,0x00,0x00,0x01,0xF0,0x00,0x00,0x00,
N      0x00,0x00,0x00,0x01,0xF0,0x00,0x00,0x00,
N      0x00,0x00,0x00,0x01,0xF0,0x00,0x00,0x00,
N      0x00,0x00,0x00,0x01,0xF0,0x00,0x00,0x00,
N      0x00,0x00,0x00,0x01,0xF0,0x00,0x00,0x00,
N      0x00,0x00,0x00,0x01,0xF0,0x00,0x00,0x00,
N      0x00,0x00,0x00,0x01,0xF0,0x00,0x00,0x00,
N      0x00,0x00,0x00,0x01,0xF0,0x00,0x00,0x00,
N      0x00,0x07,0xE0,0x01,0xF0,0x00,0x00,0x00,
N      0x00,0x07,0xE0,0x01,0xF0,0x00,0x00,0x00,
N      0x00,0x07,0xE0,0x01,0xF0,0x00,0x00,0x00,
N      0x00,0x07,0xE0,0x01,0xF0,0x00,0x00,0x00,
N      0x00,0x07,0xE0,0x01,0xF0,0x00,0x00,0x00,
N      0x00,0x07,0xE0,0x01,0xFF,0xFF,0xFF,0x00,
N      0x00,0x07,0xE0,0x01,0xFF,0xFF,0xFF,0x00,
N      0x00,0x07,0xE0,0x01,0xFF,0xFF,0xFF,0x00,
N      0x00,0x07,0xE0,0x01,0xFF,0xFF,0xFF,0x00,
N      0x00,0x07,0xE0,0x01,0xF0,0x00,0x01,0x00,
N      0x00,0x07,0xE0,0x01,0xF0,0x00,0x00,0x00,
N      0x00,0x07,0xE0,0x01,0xF0,0x00,0x00,0x00,
N      0x00,0x07,0xE0,0x01,0xF0,0x00,0x00,0x00,
N      0x00,0x07,0xE0,0x01,0xF0,0x00,0x00,0x00,
N      0x00,0x07,0xE0,0x01,0xF0,0x00,0x00,0x00,
N      0x00,0x07,0xE0,0x01,0xF0,0x00,0x00,0x00,
N      0x00,0x07,0xE0,0x01,0xF0,0x00,0x00,0x00,
N      0x00,0x07,0xE0,0x01,0xF0,0x00,0x00,0x00,
N      0x00,0x07,0xE0,0x01,0xF0,0x00,0x00,0x00,
N      0x00,0x07,0xE0,0x01,0xF0,0x00,0x00,0x00,
N      0x00,0x07,0xE0,0x01,0xF0,0x00,0x00,0x00,
N      0x00,0x07,0xE0,0x01,0xF0,0x00,0x00,0x00,
N      0x00,0x07,0xE0,0x01,0xF0,0x00,0x00,0x00,
N      0x00,0x07,0xE0,0x01,0xF0,0x00,0x00,0x00,
N      0x00,0x07,0xE0,0x01,0xF0,0x00,0x00,0x00,
N      0x00,0x07,0xE0,0x01,0xF0,0x00,0x00,0x00,
N      0x00,0x07,0xE0,0x01,0xF0,0x00,0x00,0x00,
N      0x00,0x07,0xE0,0x01,0xF0,0x00,0x00,0x00,
N      0x00,0x07,0xE0,0x01,0xF0,0x00,0x00,0x00,
N      0x0F,0xFF,0xFF,0xFF,0xFF,0xFF,0xFF,0xE0,
N      0x0F,0xFF,0xFF,0xFF,0xFF,0xFF,0xFF,0xE0,
N      0x0F,0xFF,0xFF,0xFF,0xFF,0xFF,0xFF,0xE0,
N      0x0F,0xFF,0xFF,0xFF,0xFF,0xFF,0xFF,0xE0,
N      0x0F,0xFF,0xFF,0xFF,0xFF,0xFF,0xFF,0xE0,
N      0x00,0x00,0x00,0x00,0x00,0x00,0x00,0x00,
N      0x00,0x00,0x00,0x00,0x00,0x00,0x00,0x00,
N      0x00,0x00,0x00,0x00,0x00,0x00,0x00,0x00,
N      0x00,0x00,0x00,0x00,0x00,0x00,0x00,0x00,
N      0x00,0x00,0x00,0x00,0x00,0x00,0x00,0x00,
N      0x00,0x00,0x00,0x00,0x00,0x00,0x00,0x00,
N0xD6,0xB9,0x00,0x00,0x00,0x00,0x00,0x00,0x00,0x00,
N      0x00,0x00,0x00,0x00,0x00,0x00,0x00,0x00,
N      0x00,0x00,0x00,0x00,0x00,0x00,0x00,0x00,
N      0x00,0x00,0x00,0x00,0x00,0x00,0x00,0x00,
N      0x00,0x00,0x00,0x01,0xF8,0x00,0x00,0x00,
N      0x00,0x00,0x00,0x01,0xF8,0x00,0x00,0x00,
N      0x00,0x00,0x00,0x01,0xF8,0x00,0x00,0x00,
N      0x00,0x00,0x00,0x01,0xF8,0x00,0x00,0x00,
N      0x00,0x00,0x00,0x01,0xF8,0x00,0x00,0x00,
N      0x00,0x00,0x00,0x01,0xF8,0x00,0x00,0x00,
N      0x00,0x00,0x00,0x01,0xF8,0x00,0x00,0x00,
N      0x00,0x00,0x00,0x01,0xF8,0x00,0x00,0x00,
N      0x00,0x00,0x00,0x01,0xF8,0x00,0x00,0x00,
N      0x00,0x00,0x00,0x01,0xF8,0x00,0x00,0x00,
N      0x00,0x00,0x00,0x01,0xF8,0x00,0x00,0x00,
N      0x00,0x00,0x00,0x01,0xF8,0x00,0x00,0x00,
N      0x00,0x00,0x00,0x01,0xF8,0x00,0x00,0x00,
N      0x00,0x00,0x00,0x01,0xF8,0x00,0x00,0x00,
N      0x00,0x07,0xE0,0x01,0xF8,0x00,0x00,0x00,
N      0x00,0x07,0xE0,0x01,0xF8,0x00,0x00,0x00,
N      0x00,0x07,0xE0,0x01,0xF8,0x00,0x00,0x00,
N      0x00,0x07,0xE0,0x01,0xF8,0x00,0x00,0x00,
N      0x00,0x07,0xE0,0x01,0xFF,0xFF,0xFF,0x00,
N      0x00,0x07,0xE0,0x01,0xFF,0xFF,0xFF,0x00,
N      0x00,0x07,0xE0,0x01,0xFF,0xFF,0xFF,0x00,
N      0x00,0x07,0xE0,0x01,0xFF,0xFF,0xFF,0x00,
N      0x00,0x07,0xE0,0x01,0xFF,0xFF,0xFF,0x00,
N      0x00,0x07,0xE0,0x01,0xF8,0x00,0x00,0x00,
N      0x00,0x07,0xE0,0x01,0xF8,0x00,0x00,0x00,
N      0x00,0x07,0xE0,0x01,0xF8,0x00,0x00,0x00,
N      0x00,0x07,0xE0,0x01,0xF8,0x00,0x00,0x00,
N      0x00,0x07,0xE0,0x01,0xF8,0x00,0x00,0x00,
N      0x00,0x07,0xE0,0x01,0xF8,0x00,0x00,0x00,
N      0x00,0x07,0xE0,0x01,0xF8,0x00,0x00,0x00,
N      0x00,0x07,0xE0,0x01,0xF8,0x00,0x00,0x00,
N      0x00,0x07,0xE0,0x01,0xF8,0x00,0x00,0x00,
N      0x00,0x07,0xE0,0x01,0xF8,0x00,0x00,0x00,
N      0x00,0x07,0xE0,0x01,0xF8,0x00,0x00,0x00,
N      0x00,0x07,0xE0,0x01,0xF8,0x00,0x00,0x00,
N      0x00,0x07,0xE0,0x01,0xF8,0x00,0x00,0x00,
N      0x00,0x07,0xE0,0x01,0xF8,0x00,0x00,0x00,
N      0x00,0x07,0xE0,0x01,0xF8,0x00,0x00,0x00,
N      0x00,0x07,0xE0,0x01,0xF8,0x00,0x00,0x00,
N      0x00,0x07,0xE0,0x01,0xF8,0x00,0x00,0x00,
N      0x00,0x07,0xE0,0x01,0xF8,0x00,0x00,0x00,
N      0x00,0x07,0xE0,0x01,0xF8,0x00,0x00,0x00,
N      0x00,0x07,0xE0,0x01,0xF8,0x00,0x00,0x00,
N      0x00,0x07,0xE0,0x01,0xF8,0x00,0x00,0x00,
N      0x00,0x07,0xE0,0x01,0xF8,0x00,0x00,0x00,
N      0x00,0x07,0xE0,0x01,0xF8,0x00,0x00,0x00,
N      0x00,0x07,0xE0,0x01,0xF8,0x00,0x00,0x00,
N      0x00,0x07,0xE0,0x01,0xF8,0x00,0x00,0x00,
N      0x1F,0xFF,0xFF,0xFF,0xFF,0xFF,0xFF,0xF8,
N      0x1F,0xFF,0xFF,0xFF,0xFF,0xFF,0xFF,0xF8,
N      0x1F,0xFF,0xFF,0xFF,0xFF,0xFF,0xFF,0xF8,
N      0x1F,0xFF,0xFF,0xFF,0xFF,0xFF,0xFF,0xF8,
N      0x1F,0xFF,0xFF,0xFF,0xFF,0xFF,0xFF,0xF8,
N      0x00,0x00,0x00,0x00,0x00,0x00,0x00,0x00,
N      0x00,0x00,0x00,0x00,0x00,0x00,0x00,0x00,
N      0x00,0x00,0x00,0x00,0x00,0x00,0x00,0x00,
N      0x00,0x00,0x00,0x00,0x00,0x00,0x00,0x00,
N      0x00,0x00,0x00,0x00,0x00,0x00,0x00,0x00,
N      0x00,0x00,0x00,0x00,0x00,0x00,0x00,0x00,
N      0x00,0x00,0x00,0x00,0x00,0x00,0x00,0x00,
N
N/* 最后一行必须用0xFF,0xFF结束，这是字库数组结束标志 */
N0xFF,0xFF
N
N};
