L 1 "..\User\fonts\hz96.c"
N/*
N	FLASH中内嵌小字库，只包括本程序用到的汉字点阵
N	每行点阵数据，头2字节是汉子的内码，后面32字节是16点阵汉子的字模数据。
N*/
N
Nunsigned char const g_Hz96[] = {
N 
N
N0xD1,0xF8,			0x00,0x00,0x00,0x00,0x00,0x00,0x00,0x00,//"养"
N      0x00,0x00,0x00,0x00,0x00,0x00,0x00,0x00,
N      0x00,0x00,0x00,0x00,0x00,0x00,0x00,0x00,
N      0x00,0x00,0x00,0x00,0x00,0x00,0x00,0x00,
N      0x00,0x00,0x00,0x00,0x00,0x00,0x00,0x00,
N      0x00,0x00,0x00,0x00,0x00,0x00,0x00,0x00,
N      0x00,0x00,0x00,0x00,0x00,0x00,0x00,0x04,
N      0x00,0x00,0x00,0x00,0x00,0x00,0x00,0x0C,
N      0x00,0x00,0x00,0x0E,0x00,0x00,0x00,0x00,
N      0x00,0x00,0x00,0x0F,0x00,0x00,0x00,0x0F,
N      0x80,0x00,0x00,0x00,0x00,0x00,0x00,0x07,
N      0xC0,0x00,0x00,0x1F,0xC0,0x00,0x00,0x00,
N      0x00,0x00,0x00,0x03,0xE0,0x00,0x00,0x1F,
N      0xF0,0x00,0x00,0x00,0x00,0x00,0x00,0x01,
N      0xF8,0x00,0x00,0x3F,0xC0,0x00,0x00,0x00,
N      0x00,0x00,0x00,0x01,0xFE,0x00,0x00,0x3F,
N      0x00,0x00,0x00,0x00,0x00,0x00,0x00,0x00,
N      0xFF,0x00,0x00,0x7E,0x00,0x00,0x00,0x00,
N      0x00,0x00,0x00,0x00,0x7F,0x00,0x00,0x7C,
N      0x00,0x00,0x00,0x00,0x00,0x00,0x00,0x00,
N      0x3F,0x80,0x00,0xF8,0x00,0x00,0x00,0x00,
N      0x00,0x00,0x00,0x00,0x3F,0x80,0x00,0xF0,
N      0x00,0x06,0x00,0x00,0x00,0x00,0x00,0x00,
N      0x1F,0x80,0x01,0xE0,0x00,0x0F,0x00,0x00,
N      0x00,0x00,0x00,0x00,0x1F,0x00,0x01,0xC0,
N      0x00,0x1F,0x80,0x00,0x00,0x00,0x00,0x00,
N      0x0F,0x00,0x03,0x80,0x00,0x3F,0xC0,0x00,
N      0x00,0x00,0x00,0x00,0x0E,0x00,0x07,0x00,
N      0x00,0x7F,0xE0,0x00,0x00,0x00,0x00,0x00,
N      0x00,0x00,0x07,0x00,0x00,0xFF,0xF0,0x00,
N      0x00,0x1F,0xFF,0xFF,0xFF,0xFF,0xFF,0xFF,
N      0xFF,0xFF,0xF8,0x00,0x00,0x0F,0xFF,0xFF,
N      0xFF,0xFF,0xFF,0xFF,0xFF,0xFF,0xFC,0x00,
N      0x00,0x07,0x00,0x00,0x00,0x3F,0x00,0x00,
N      0x00,0x00,0x00,0x00,0x00,0x00,0x00,0x00,
N      0x00,0x3F,0x00,0x00,0x00,0x00,0x00,0x00,
N      0x00,0x00,0x00,0x00,0x00,0x3F,0x00,0x00,
N      0x00,0x00,0x00,0x00,0x00,0x00,0x00,0x00,
N      0x00,0x3E,0x00,0x00,0x00,0x00,0x00,0x00,
N      0x00,0x00,0x00,0x00,0x00,0x3E,0x00,0x00,
N      0x01,0x00,0x00,0x00,0x00,0x00,0x00,0x00,
N      0x00,0x3E,0x00,0x00,0x03,0x80,0x00,0x00,
N      0x00,0x00,0x00,0x00,0x00,0x3E,0x00,0x00,
N      0x07,0xC0,0x00,0x00,0x00,0x00,0x00,0x00,
N      0x00,0x3E,0x00,0x00,0x0F,0xE0,0x00,0x00,
N      0x00,0x00,0x00,0x00,0x00,0x7E,0x00,0x00,
N      0x1F,0xF0,0x00,0x00,0x00,0x00,0x00,0x00,
N      0x00,0x7E,0x00,0x00,0x3F,0xF8,0x00,0x00,
N      0x00,0x00,0x7F,0xFF,0xFF,0xFF,0xFF,0xFF,
N      0xFF,0xFC,0x00,0x00,0x00,0x00,0x3F,0xFF,
N      0xFF,0xFF,0xFF,0xFF,0xFF,0xFE,0x00,0x00,
N      0x00,0x00,0x1C,0x00,0x00,0x7C,0x00,0x00,
N      0x00,0x00,0x00,0x00,0x00,0x00,0x00,0x00,
N      0x00,0x7C,0x00,0x00,0x00,0x00,0x00,0x00,
N      0x00,0x00,0x00,0x00,0x00,0xF8,0x00,0x00,
N      0x00,0x00,0x00,0x00,0x00,0x00,0x00,0x00,
N      0x00,0xF8,0x00,0x00,0x00,0x00,0x00,0x00,
N      0x00,0x00,0x00,0x00,0x00,0xF8,0x00,0x00,
N      0x00,0x00,0x40,0x00,0x00,0x00,0x00,0x00,
N      0x01,0xF0,0x00,0x00,0x00,0x00,0xE0,0x00,
N      0x00,0x00,0x00,0x00,0x01,0xF0,0x00,0x00,
N      0x00,0x01,0xF0,0x00,0x00,0x00,0x00,0x00,
N      0x01,0xF0,0x00,0x00,0x00,0x03,0xF8,0x00,
N      0x00,0x00,0x00,0x00,0x03,0xE0,0x00,0x00,
N      0x00,0x07,0xFC,0x00,0x00,0x00,0x00,0x00,
N      0x03,0xE0,0x00,0x00,0x00,0x0F,0xFE,0x00,
N      0x01,0xFF,0xFF,0xFF,0xFF,0xFF,0xFF,0xFF,
N      0xFF,0xFF,0xFF,0x00,0x00,0xFF,0xFF,0xFF,
N      0xFF,0xFF,0xFF,0xFF,0xFF,0xFF,0xFF,0x80,
N      0x00,0x70,0x00,0x00,0x0F,0xC0,0x01,0xC0,
N      0x00,0x00,0x00,0x00,0x00,0x00,0x00,0x00,
N      0x1F,0x80,0x00,0xC0,0x00,0x00,0x00,0x00,
N      0x00,0x00,0x00,0x00,0x1F,0x00,0x00,0x60,
N      0x00,0x00,0x00,0x00,0x00,0x00,0x00,0x00,
N      0x3E,0x00,0x00,0x70,0x00,0x00,0x00,0x00,
N      0x00,0x00,0x00,0x00,0x7C,0x00,0x00,0x3C,
N      0x00,0x00,0x00,0x00,0x00,0x00,0x00,0x00,
N      0xF8,0x00,0x00,0x1E,0x00,0x00,0x00,0x00,
N      0x00,0x00,0x00,0x01,0xF0,0x00,0x00,0x0F,
N      0x00,0x00,0x00,0x00,0x00,0x00,0x00,0x03,
N      0xE0,0x00,0x00,0x07,0xC0,0x00,0x00,0x00,
N      0x00,0x00,0x00,0x07,0xC0,0x00,0x00,0x03,
N      0xE0,0x00,0x00,0x00,0x00,0x00,0x00,0x1F,
N      0x80,0x00,0x00,0x01,0xF8,0x00,0x00,0x00,
N      0x00,0x00,0x00,0x3F,0x80,0x00,0x00,0x40,
N      0xFE,0x00,0x00,0x00,0x00,0x00,0x00,0x7C,
N      0xF0,0x00,0x00,0x70,0x7F,0x80,0x00,0x00,
N      0x00,0x00,0x01,0xF8,0xFC,0x00,0x00,0x7C,
N      0x3F,0xF0,0x00,0x00,0x00,0x00,0x03,0xE0,
N      0xFF,0x00,0x00,0x7F,0x1F,0xFE,0x00,0x00,
N      0x00,0x00,0x0F,0xC0,0xFF,0x00,0x00,0x7F,
N      0x07,0xFF,0xC0,0x00,0x00,0x00,0x3F,0x00,
N      0xFE,0x00,0x00,0x7E,0x03,0xFF,0xFE,0x00,
N      0x00,0x00,0x7C,0x00,0xF8,0x00,0x00,0x7C,
N      0x00,0xFF,0xFF,0xF0,0x00,0x01,0xF0,0x00,
N      0xF8,0x00,0x00,0x7C,0x00,0x7F,0xFF,0xF0,
N      0x00,0x07,0xC0,0x00,0xF8,0x00,0x00,0x7C,
N      0x00,0x1F,0xFF,0x00,0x00,0x1F,0x00,0x00,
N      0xF8,0x00,0x00,0x7C,0x00,0x07,0xFC,0x00,
N      0x00,0xFC,0x00,0x00,0xF8,0x00,0x00,0x7C,
N      0x00,0x01,0xF8,0x00,0x03,0xE0,0x00,0x00,
N      0xF8,0x00,0x00,0x7C,0x00,0x00,0x78,0x00,
N      0x0F,0x00,0x00,0x01,0xF8,0x00,0x00,0x7C,
N      0x00,0x00,0x10,0x00,0x00,0x00,0x00,0x01,
N      0xF0,0x00,0x00,0x7C,0x00,0x00,0x00,0x00,
N      0x00,0x00,0x00,0x01,0xF0,0x00,0x00,0x7C,
N      0x00,0x00,0x00,0x00,0x00,0x00,0x00,0x01,
N      0xF0,0x00,0x00,0x7C,0x00,0x00,0x00,0x00,
N      0x00,0x00,0x00,0x03,0xF0,0x00,0x00,0x7C,
N      0x00,0x00,0x00,0x00,0x00,0x00,0x00,0x03,
N      0xE0,0x00,0x00,0x7C,0x00,0x00,0x00,0x00,
N      0x00,0x00,0x00,0x03,0xE0,0x00,0x00,0x7C,
N      0x00,0x00,0x00,0x00,0x00,0x00,0x00,0x07,
N      0xE0,0x00,0x00,0x7C,0x00,0x00,0x00,0x00,
N      0x00,0x00,0x00,0x07,0xC0,0x00,0x00,0x7C,
N      0x00,0x00,0x00,0x00,0x00,0x00,0x00,0x0F,
N      0xC0,0x00,0x00,0x7C,0x00,0x00,0x00,0x00,
N      0x00,0x00,0x00,0x0F,0x80,0x00,0x00,0x7C,
N      0x00,0x00,0x00,0x00,0x00,0x00,0x00,0x1F,
N      0x00,0x00,0x00,0x7C,0x00,0x00,0x00,0x00,
N      0x00,0x00,0x00,0x3F,0x00,0x00,0x00,0x7C,
N      0x00,0x00,0x00,0x00,0x00,0x00,0x00,0x7E,
N      0x00,0x00,0x00,0x7C,0x00,0x00,0x00,0x00,
N      0x00,0x00,0x00,0xFC,0x00,0x00,0x00,0x7C,
N      0x00,0x00,0x00,0x00,0x00,0x00,0x01,0xF8,
N      0x00,0x00,0x00,0x7C,0x00,0x00,0x00,0x00,
N      0x00,0x00,0x03,0xE0,0x00,0x00,0x00,0x7C,
N      0x00,0x00,0x00,0x00,0x00,0x00,0x07,0xC0,
N      0x00,0x00,0x00,0x7C,0x00,0x00,0x00,0x00,
N      0x00,0x00,0x1F,0x80,0x00,0x00,0x00,0x7C,
N      0x00,0x00,0x00,0x00,0x00,0x00,0x3E,0x00,
N      0x00,0x00,0x00,0x7C,0x00,0x00,0x00,0x00,
N      0x00,0x00,0xF8,0x00,0x00,0x00,0x00,0x7C,
N      0x00,0x00,0x00,0x00,0x00,0x01,0xE0,0x00,
N      0x00,0x00,0x00,0x7E,0x00,0x00,0x00,0x00,
N      0x00,0x07,0x80,0x00,0x00,0x00,0x00,0x7C,
N      0x00,0x00,0x00,0x00,0x00,0x1E,0x00,0x00,
N      0x00,0x00,0x00,0x60,0x00,0x00,0x00,0x00,
N      0x00,0x10,0x00,0x00,0x00,0x00,0x00,0x00,
N      0x00,0x00,0x00,0x00,0x00,0x00,0x00,0x00,
N      0x00,0x00,0x00,0x00,0x00,0x00,0x00,0x00,
N      0x00,0x00,0x00,0x00,0x00,0x00,0x00,0x00,
N      0x00,0x00,0x00,0x00,0x00,0x00,0x00,0x00,
N      0x00,0x00,0x00,0x00,0x00,0x00,0x00,0x00,
N
N0xBA,0xCD, 			0x00,0x00,0x00,0x00,0x00,0x00,0x00,0x00,//"和"
N      0x00,0x00,0x00,0x00,0x00,0x00,0x00,0x00,
N      0x00,0x00,0x00,0x00,0x00,0x00,0x00,0x00,
N      0x00,0x00,0x00,0x00,0x00,0x00,0x00,0x00,
N      0x00,0x00,0x00,0x00,0x00,0x00,0x00,0x00,
N      0x00,0x00,0x00,0x00,0x00,0x00,0x00,0x00,
N      0x00,0x00,0x00,0x00,0x00,0x00,0x00,0x00,
N      0x00,0x00,0x00,0x00,0x00,0x00,0x00,0x00,
N      0x00,0x00,0x00,0x00,0x00,0x00,0x00,0x00,
N      0x00,0x00,0x00,0x00,0x00,0x00,0x00,0x00,
N      0x00,0x00,0x00,0x00,0x00,0x00,0x00,0x00,
N      0x00,0x18,0x00,0x00,0x00,0x00,0x00,0x00,
N      0x00,0x00,0x00,0x00,0x00,0x7C,0x00,0x00,
N      0x00,0x00,0x00,0x00,0x00,0x00,0x00,0x00,
N      0x01,0xFE,0x00,0x00,0x00,0x00,0x00,0x00,
N      0x00,0x00,0x00,0x00,0x07,0xFF,0x00,0x00,
N      0x00,0x00,0x00,0x00,0x00,0x00,0x00,0x00,
N      0x3F,0xFF,0x80,0x00,0x00,0x00,0x00,0x00,
N      0x00,0x00,0x00,0x01,0xFF,0xFF,0x80,0x00,
N      0x00,0x00,0x00,0x00,0x00,0x00,0x00,0x1F,
N      0xFF,0xFF,0x00,0x00,0x00,0x00,0x00,0x00,
N      0x00,0x00,0x01,0xFF,0xFF,0x80,0x00,0x00,
N      0x00,0x00,0x00,0x00,0x00,0x00,0x3F,0xFF,
N      0xE0,0x00,0x01,0x00,0x00,0x00,0x20,0x00,
N      0x00,0x07,0xFF,0xFF,0xC0,0x00,0x01,0x80,
N      0x00,0x00,0x70,0x00,0x00,0x7F,0xF8,0x0F,
N      0xC0,0x00,0x01,0xE0,0x00,0x00,0xF8,0x00,
N      0x00,0x00,0x00,0x0F,0xC0,0x00,0x01,0xF0,
N      0x00,0x01,0xFC,0x00,0x00,0x00,0x00,0x0F,
N      0xC0,0x00,0x01,0xFF,0xFF,0xFF,0xFE,0x00,
N      0x00,0x00,0x00,0x0F,0xC0,0x00,0x01,0xFF,
N      0xFF,0xFF,0xFF,0x00,0x00,0x00,0x00,0x0F,
N      0xC0,0x00,0x01,0xF8,0x00,0x00,0xFE,0x00,
N      0x00,0x00,0x00,0x0F,0xC0,0x00,0x01,0xF8,
N      0x00,0x00,0xF8,0x00,0x00,0x00,0x00,0x0F,
N      0xC0,0x00,0x01,0xF8,0x00,0x00,0xF8,0x00,
N      0x00,0x00,0x00,0x0F,0xC0,0x00,0x01,0xF8,
N      0x00,0x00,0xF8,0x00,0x00,0x00,0x00,0x0F,
N      0xC0,0x00,0x01,0xF8,0x00,0x00,0xF8,0x00,
N      0x00,0x00,0x00,0x0F,0xC0,0x00,0x01,0xF8,
N      0x00,0x00,0xF8,0x00,0x00,0x00,0x00,0x0F,
N      0xC0,0x00,0x01,0xF8,0x00,0x00,0xF8,0x00,
N      0x00,0x00,0x00,0x0F,0xC0,0x00,0x01,0xF8,
N      0x00,0x00,0xF8,0x00,0x00,0x00,0x00,0x0F,
N      0xC0,0x00,0x01,0xF8,0x00,0x00,0xF8,0x00,
N      0x00,0x00,0x00,0x0F,0xC0,0x03,0x01,0xF8,
N      0x00,0x00,0xF8,0x00,0x00,0x00,0x00,0x0F,
N      0xC0,0x07,0x81,0xF8,0x00,0x00,0xF8,0x00,
N      0x00,0x00,0x00,0x0F,0xC0,0x0F,0xC1,0xF8,
N      0x00,0x00,0xF8,0x00,0x01,0xFF,0xFF,0xFF,
N      0xFF,0xFF,0xE1,0xF8,0x00,0x00,0xF8,0x00,
N      0x00,0xFF,0xFF,0xFF,0xFF,0xFF,0xF1,0xF8,
N      0x00,0x00,0xF8,0x00,0x00,0x7F,0xFF,0xFF,
N      0xFF,0xFF,0xF9,0xF8,0x00,0x00,0xF8,0x00,
N      0x00,0x20,0x00,0x3F,0xC0,0x00,0x01,0xF8,
N      0x00,0x00,0xF8,0x00,0x00,0x00,0x00,0x3F,
N      0xC0,0x00,0x01,0xF8,0x00,0x00,0xF8,0x00,
N      0x00,0x00,0x00,0x3F,0xC0,0x00,0x01,0xF8,
N      0x00,0x00,0xF8,0x00,0x00,0x00,0x00,0x7F,
N      0xC0,0x00,0x01,0xF8,0x00,0x00,0xF8,0x00,
N      0x00,0x00,0x00,0x7F,0xC0,0x00,0x01,0xF8,
N      0x00,0x00,0xF8,0x00,0x00,0x00,0x00,0x7F,
N      0xC0,0x00,0x01,0xF8,0x00,0x00,0xF8,0x00,
N      0x00,0x00,0x00,0xFF,0xC0,0x00,0x01,0xF8,
N      0x00,0x00,0xF8,0x00,0x00,0x00,0x00,0xFF,
N      0xC0,0x00,0x01,0xF8,0x00,0x00,0xF8,0x00,
N      0x00,0x00,0x01,0xFF,0xE0,0x00,0x01,0xF8,
N      0x00,0x00,0xF8,0x00,0x00,0x00,0x01,0xFF,
N      0xFC,0x00,0x01,0xF8,0x00,0x00,0xF8,0x00,
N      0x00,0x00,0x03,0xFF,0xDF,0x80,0x01,0xF8,
N      0x00,0x00,0xF8,0x00,0x00,0x00,0x03,0xFF,
N      0xCF,0xE0,0x01,0xF8,0x00,0x00,0xF8,0x00,
N      0x00,0x00,0x07,0xEF,0xC7,0xF8,0x01,0xF8,
N      0x00,0x00,0xF8,0x00,0x00,0x00,0x07,0xEF,
N      0xC3,0xFE,0x01,0xF8,0x00,0x00,0xF8,0x00,
N      0x00,0x00,0x0F,0xCF,0xC1,0xFF,0x01,0xF8,
N      0x00,0x00,0xF8,0x00,0x00,0x00,0x0F,0x8F,
N      0xC0,0xFF,0x81,0xF8,0x00,0x00,0xF8,0x00,
N      0x00,0x00,0x1F,0x8F,0xC0,0x7F,0xC1,0xF8,
N      0x00,0x00,0xF8,0x00,0x00,0x00,0x1F,0x0F,
N      0xC0,0x3F,0xC1,0xF8,0x00,0x00,0xF8,0x00,
N      0x00,0x00,0x3E,0x0F,0xC0,0x1F,0xC1,0xF8,
N      0x00,0x00,0xF8,0x00,0x00,0x00,0x3E,0x0F,
N      0xC0,0x0F,0xC1,0xF8,0x00,0x00,0xF8,0x00,
N      0x00,0x00,0x7C,0x0F,0xC0,0x07,0xC1,0xF8,
N      0x00,0x00,0xF8,0x00,0x00,0x00,0xF8,0x0F,
N      0xC0,0x03,0xC1,0xF8,0x00,0x00,0xF8,0x00,
N      0x00,0x00,0xF8,0x0F,0xC0,0x03,0xC1,0xF8,
N      0x00,0x00,0xF8,0x00,0x00,0x01,0xF0,0x0F,
N      0xC0,0x01,0x81,0xF8,0x00,0x00,0xF8,0x00,
N      0x00,0x01,0xE0,0x0F,0xC0,0x00,0x01,0xF8,
N      0x00,0x00,0xF8,0x00,0x00,0x03,0xC0,0x0F,
N      0xC0,0x00,0x01,0xF8,0x00,0x00,0xF8,0x00,
N      0x00,0x07,0x80,0x0F,0xC0,0x00,0x01,0xF8,
N      0x00,0x00,0xF8,0x00,0x00,0x0F,0x80,0x0F,
N      0xC0,0x00,0x01,0xF8,0x00,0x00,0xF8,0x00,
N      0x00,0x0F,0x00,0x0F,0xC0,0x00,0x01,0xF8,
N      0x00,0x00,0xF8,0x00,0x00,0x1E,0x00,0x0F,
N      0xC0,0x00,0x01,0xF8,0x00,0x00,0xF8,0x00,
N      0x00,0x3C,0x00,0x0F,0xC0,0x00,0x01,0xF8,
N      0x00,0x00,0xF8,0x00,0x00,0x78,0x00,0x0F,
N      0xC0,0x00,0x01,0xF8,0x00,0x00,0xF8,0x00,
N      0x00,0x70,0x00,0x0F,0xC0,0x00,0x01,0xFF,
N      0xFF,0xFF,0xF8,0x00,0x00,0xE0,0x00,0x0F,
N      0xC0,0x00,0x01,0xFF,0xFF,0xFF,0xF8,0x00,
N      0x01,0xC0,0x00,0x0F,0xC0,0x00,0x01,0xF8,
N      0x00,0x00,0xF8,0x00,0x03,0x80,0x00,0x0F,
N      0xC0,0x00,0x01,0xF8,0x00,0x00,0xF8,0x00,
N      0x07,0x00,0x00,0x0F,0xC0,0x00,0x01,0xF8,
N      0x00,0x00,0xF8,0x00,0x0C,0x00,0x00,0x0F,
N      0xC0,0x00,0x01,0xF8,0x00,0x00,0xF8,0x00,
N      0x00,0x00,0x00,0x0F,0xC0,0x00,0x01,0xF8,
N      0x00,0x00,0xF8,0x00,0x00,0x00,0x00,0x0F,
N      0xC0,0x00,0x01,0xF8,0x00,0x00,0xF8,0x00,
N      0x00,0x00,0x00,0x0F,0xC0,0x00,0x01,0xF8,
N      0x00,0x00,0xF0,0x00,0x00,0x00,0x00,0x0F,
N      0xC0,0x00,0x01,0xF8,0x00,0x00,0x80,0x00,
N      0x00,0x00,0x00,0x0F,0xC0,0x00,0x01,0xF8,
N      0x00,0x00,0x00,0x00,0x00,0x00,0x00,0x0F,
N      0xC0,0x00,0x01,0xE0,0x00,0x00,0x00,0x00,
N      0x00,0x00,0x00,0x0F,0xC0,0x00,0x01,0x80,
N      0x00,0x00,0x00,0x00,0x00,0x00,0x00,0x0F,
N      0xC0,0x00,0x00,0x00,0x00,0x00,0x00,0x00,
N      0x00,0x00,0x00,0x0F,0xC0,0x00,0x00,0x00,
N      0x00,0x00,0x00,0x00,0x00,0x00,0x00,0x0F,
N      0xC0,0x00,0x00,0x00,0x00,0x00,0x00,0x00,
N      0x00,0x00,0x00,0x0F,0xC0,0x00,0x00,0x00,
N      0x00,0x00,0x00,0x00,0x00,0x00,0x00,0x0F,
N      0xC0,0x00,0x00,0x00,0x00,0x00,0x00,0x00,
N      0x00,0x00,0x00,0x0F,0xC0,0x00,0x00,0x00,
N      0x00,0x00,0x00,0x00,0x00,0x00,0x00,0x0F,
N      0xC0,0x00,0x00,0x00,0x00,0x00,0x00,0x00,
N      0x00,0x00,0x00,0x0F,0xC0,0x00,0x00,0x00,
N      0x00,0x00,0x00,0x00,0x00,0x00,0x00,0x0F,
N      0x00,0x00,0x00,0x00,0x00,0x00,0x00,0x00,
N      0x00,0x00,0x00,0x0C,0x00,0x00,0x00,0x00,
N      0x00,0x00,0x00,0x00,0x00,0x00,0x00,0x00,
N      0x00,0x00,0x00,0x00,0x00,0x00,0x00,0x00,
N      0x00,0x00,0x00,0x00,0x00,0x00,0x00,0x00,
N      0x00,0x00,0x00,0x00,0x00,0x00,0x00,0x00,
N      0x00,0x00,0x00,0x00,0x00,0x00,0x00,0x00,
N      0x00,0x00,0x00,0x00,0x00,0x00,0x00,0x00,
N      0x00,0x00,0x00,0x00,0x00,0x00,0x00,0x00,
N      0x00,0x00,0x00,0x00,0x00,0x00,0x00,0x00,
N
N0xD2,0xBD,			0x00,0x00,0x00,0x00,0x00,0x00,0x00,0x00,//"医"
N      0x00,0x00,0x00,0x00,0x00,0x00,0x00,0x00,
N      0x00,0x00,0x00,0x00,0x00,0x00,0x00,0x00,
N      0x00,0x00,0x00,0x00,0x00,0x00,0x00,0x00,
N      0x00,0x00,0x00,0x00,0x00,0x00,0x00,0x00,
N      0x00,0x00,0x00,0x00,0x00,0x00,0x00,0x00,
N      0x00,0x00,0x00,0x00,0x00,0x00,0x00,0x00,
N      0x00,0x00,0x00,0x00,0x00,0x00,0x00,0x00,
N      0x00,0x00,0x00,0x00,0x00,0x00,0x00,0x00,
N      0x00,0x00,0x00,0x00,0x00,0x00,0x00,0x00,
N      0x00,0x00,0x00,0x00,0x00,0x00,0x00,0x00,
N      0x00,0x00,0x00,0x00,0x00,0x06,0x00,0x00,
N      0x00,0x00,0x00,0x00,0x00,0x00,0x00,0x00,
N      0x00,0x0F,0x00,0x00,0x00,0x20,0x00,0x00,
N      0x00,0x00,0x00,0x00,0x00,0x1F,0x80,0x00,
N      0x00,0x38,0x00,0x00,0x00,0x00,0x00,0x00,
N      0x00,0x3F,0x80,0x00,0x00,0x3C,0x00,0x00,
N      0x00,0x00,0x00,0x00,0x00,0x7F,0xC0,0x00,
N      0x00,0x3F,0xFF,0xFF,0xFF,0xFF,0xFF,0xFF,
N      0xFF,0xFF,0xE0,0x00,0x00,0x3F,0xFF,0xFF,
N      0xFF,0xFF,0xFF,0xFF,0xFF,0xFF,0xF0,0x00,
N      0x00,0x3F,0xFF,0xFF,0xFF,0xFF,0xFF,0xFF,
N      0xFF,0xFF,0xF8,0x00,0x00,0x3F,0x00,0x00,
N      0x04,0x00,0x00,0x00,0x00,0x00,0x00,0x00,
N      0x00,0x3F,0x00,0x00,0x07,0x00,0x00,0x00,
N      0x00,0x00,0x00,0x00,0x00,0x3F,0x00,0x00,
N      0x07,0xC0,0x00,0x00,0x00,0x00,0x00,0x00,
N      0x00,0x3F,0x00,0x00,0x07,0xF0,0x00,0x00,
N      0x00,0x00,0x00,0x00,0x00,0x3F,0x00,0x00,
N      0x0F,0xF0,0x00,0x00,0x00,0x00,0x00,0x00,
N      0x00,0x3F,0x00,0x00,0x0F,0xE0,0x00,0x00,
N      0x00,0x00,0x00,0x00,0x00,0x3F,0x00,0x00,
N      0x0F,0xC0,0x00,0x00,0x00,0x00,0x00,0x00,
N      0x00,0x3F,0x00,0x00,0x0F,0x80,0x00,0x00,
N      0x00,0x00,0x00,0x00,0x00,0x3F,0x00,0x00,
N      0x1F,0x80,0x00,0x00,0x00,0x00,0x00,0x00,
N      0x00,0x3F,0x00,0x00,0x1F,0x00,0x00,0x00,
N      0x00,0x00,0x00,0x00,0x00,0x3F,0x00,0x00,
N      0x1F,0x00,0x00,0x00,0x00,0x00,0x00,0x00,
N      0x00,0x3F,0x00,0x00,0x3E,0x00,0x00,0x00,
N      0x06,0x00,0x00,0x00,0x00,0x3F,0x00,0x00,
N      0x3E,0x00,0x00,0x00,0x0F,0x00,0x00,0x00,
N      0x00,0x3F,0x00,0x00,0x3E,0x00,0x00,0x00,
N      0x1F,0x80,0x00,0x00,0x00,0x3F,0x00,0x00,
N      0x7C,0x00,0x00,0x00,0x3F,0xC0,0x00,0x00,
N      0x00,0x3F,0x00,0x00,0x7F,0xFF,0xFF,0xFF,
N      0xFF,0xE0,0x00,0x00,0x00,0x3F,0x00,0x00,
N      0x7F,0xFF,0xFF,0xFF,0xFF,0xF0,0x00,0x00,
N      0x00,0x3F,0x00,0x00,0xF8,0x00,0x7C,0x00,
N      0x00,0x00,0x00,0x00,0x00,0x3F,0x00,0x00,
N      0xF0,0x00,0x7C,0x00,0x00,0x00,0x00,0x00,
N      0x00,0x3F,0x00,0x01,0xF0,0x00,0x7C,0x00,
N      0x00,0x00,0x00,0x00,0x00,0x3F,0x00,0x01,
N      0xE0,0x00,0x7C,0x00,0x00,0x00,0x00,0x00,
N      0x00,0x3F,0x00,0x03,0xE0,0x00,0x7C,0x00,
N      0x00,0x00,0x00,0x00,0x00,0x3F,0x00,0x03,
N      0xC0,0x00,0x7C,0x00,0x00,0x00,0x00,0x00,
N      0x00,0x3F,0x00,0x07,0x80,0x00,0x7C,0x00,
N      0x00,0x00,0x00,0x00,0x00,0x3F,0x00,0x0F,
N      0x00,0x00,0x7C,0x00,0x00,0x00,0x00,0x00,
N      0x00,0x3F,0x00,0x0F,0x00,0x00,0x7C,0x00,
N      0x00,0x00,0x00,0x00,0x00,0x3F,0x00,0x1E,
N      0x00,0x00,0x7C,0x00,0x00,0x00,0x00,0x00,
N      0x00,0x3F,0x00,0x1C,0x00,0x00,0x7C,0x00,
N      0x00,0x00,0x00,0x00,0x00,0x3F,0x00,0x38,
N      0x00,0x00,0xFC,0x00,0x00,0x00,0x00,0x00,
N      0x00,0x3F,0x00,0x70,0x00,0x00,0xFC,0x00,
N      0x00,0x00,0x00,0x00,0x00,0x3F,0x00,0x60,
N      0x00,0x00,0xF8,0x00,0x00,0x00,0x00,0x00,
N      0x00,0x3F,0x00,0xC0,0x00,0x00,0xF8,0x00,
N      0x00,0x00,0xC0,0x00,0x00,0x3F,0x01,0x80,
N      0x00,0x00,0xF8,0x00,0x00,0x01,0xE0,0x00,
N      0x00,0x3F,0x00,0x00,0x00,0x00,0xF8,0x00,
N      0x00,0x03,0xF0,0x00,0x00,0x3F,0x00,0x00,
N      0x00,0x00,0xF8,0x00,0x00,0x07,0xF8,0x00,
N      0x00,0x3F,0x1F,0xFF,0xFF,0xFF,0xFF,0xFF,
N      0xFF,0xFF,0xFC,0x00,0x00,0x3F,0x0F,0xFF,
N      0xFF,0xFF,0xFF,0xFF,0xFF,0xFF,0xFE,0x00,
N      0x00,0x3F,0x07,0xFF,0xFF,0xFF,0xFF,0xFF,
N      0xFF,0xFF,0xFF,0x00,0x00,0x3F,0x02,0x00,
N      0x00,0x01,0xF8,0x00,0x00,0x00,0x00,0x00,
N      0x00,0x3F,0x00,0x00,0x00,0x01,0xF0,0x00,
N      0x00,0x00,0x00,0x00,0x00,0x3F,0x00,0x00,
N      0x00,0x01,0xF0,0x00,0x00,0x00,0x00,0x00,
N      0x00,0x3F,0x00,0x00,0x00,0x01,0xF0,0x00,
N      0x00,0x00,0x00,0x00,0x00,0x3F,0x00,0x00,
N      0x00,0x03,0xF0,0x00,0x00,0x00,0x00,0x00,
N      0x00,0x3F,0x00,0x00,0x00,0x03,0xF0,0x00,
N      0x00,0x00,0x00,0x00,0x00,0x3F,0x00,0x00,
N      0x00,0x03,0xF0,0x00,0x00,0x00,0x00,0x00,
N      0x00,0x3F,0x00,0x00,0x00,0x07,0xFE,0x00,
N      0x00,0x00,0x00,0x00,0x00,0x3F,0x00,0x00,
N      0x00,0x07,0xEF,0xC0,0x00,0x00,0x00,0x00,
N      0x00,0x3F,0x00,0x00,0x00,0x0F,0xC3,0xF8,
N      0x00,0x00,0x00,0x00,0x00,0x3F,0x00,0x00,
N      0x00,0x0F,0x81,0xFE,0x00,0x00,0x00,0x00,
N      0x00,0x3F,0x00,0x00,0x00,0x1F,0x80,0x7F,
N      0xC0,0x00,0x00,0x00,0x00,0x3F,0x00,0x00,
N      0x00,0x3F,0x00,0x1F,0xF0,0x00,0x00,0x00,
N      0x00,0x3F,0x00,0x00,0x00,0x7E,0x00,0x0F,
N      0xFC,0x00,0x00,0x00,0x00,0x3F,0x00,0x00,
N      0x00,0x7C,0x00,0x03,0xFF,0x00,0x00,0x00,
N      0x00,0x3F,0x00,0x00,0x00,0xFC,0x00,0x01,
N      0xFF,0xC0,0x00,0x00,0x00,0x3F,0x00,0x00,
N      0x01,0xF8,0x00,0x00,0xFF,0xE0,0x00,0x00,
N      0x00,0x3F,0x00,0x00,0x03,0xF0,0x00,0x00,
N      0x3F,0xF0,0x00,0x00,0x00,0x3F,0x00,0x00,
N      0x07,0xC0,0x00,0x00,0x1F,0xF8,0x00,0x00,
N      0x00,0x3F,0x00,0x00,0x1F,0x80,0x00,0x00,
N      0x0F,0xFC,0x00,0x00,0x00,0x3F,0x00,0x00,
N      0x3F,0x00,0x00,0x00,0x07,0xFC,0x00,0x00,
N      0x00,0x3F,0x00,0x00,0x7E,0x00,0x00,0x00,
N      0x03,0xFE,0x00,0x00,0x00,0x3F,0x00,0x00,
N      0xF8,0x00,0x00,0x00,0x01,0xFE,0x00,0x00,
N      0x00,0x3F,0x00,0x03,0xF0,0x00,0x00,0x00,
N      0x00,0xFE,0x00,0x00,0x00,0x3F,0x00,0x07,
N      0xC0,0x00,0x00,0x00,0x00,0x7E,0x00,0x00,
N      0x00,0x3F,0x00,0x1F,0x00,0x00,0x00,0x00,
N      0x00,0x3C,0x00,0x00,0x00,0x3F,0x00,0x7C,
N      0x00,0x00,0x00,0x00,0x00,0x1C,0x20,0x00,
N      0x00,0x3F,0x00,0xF0,0x00,0x00,0x00,0x00,
N      0x00,0x00,0x70,0x00,0x00,0x3F,0x03,0xC0,
N      0x00,0x00,0x00,0x00,0x00,0x00,0xF8,0x00,
N      0x00,0x3F,0x06,0x00,0x00,0x00,0x00,0x00,
N      0x00,0x01,0xFC,0x00,0x00,0x3F,0x00,0x00,
N      0x00,0x00,0x00,0x00,0x00,0x03,0xFE,0x00,
N      0x00,0x3F,0x00,0x00,0x00,0x00,0x00,0x00,
N      0x00,0x07,0xFF,0x00,0x00,0x7F,0xFF,0xFF,
N      0xFF,0xFF,0xFF,0xFF,0xFF,0xFF,0xFF,0x00,
N      0x00,0x7F,0xFF,0xFF,0xFF,0xFF,0xFF,0xFF,
N      0xFF,0xFF,0xFF,0x80,0x00,0x3F,0x00,0x00,
N      0x00,0x00,0x00,0x00,0x00,0x00,0x00,0x00,
N      0x00,0x1E,0x00,0x00,0x00,0x00,0x00,0x00,
N      0x00,0x00,0x00,0x00,0x00,0x0C,0x00,0x00,
N      0x00,0x00,0x00,0x00,0x00,0x00,0x00,0x00,
N      0x00,0x04,0x00,0x00,0x00,0x00,0x00,0x00,
N      0x00,0x00,0x00,0x00,0x00,0x00,0x00,0x00,
N      0x00,0x00,0x00,0x00,0x00,0x00,0x00,0x00,
N      0x00,0x00,0x00,0x00,0x00,0x00,0x00,0x00,
N      0x00,0x00,0x00,0x00,0x00,0x00,0x00,0x00,
N      0x00,0x00,0x00,0x00,0x00,0x00,0x00,0x00,
N      0x00,0x00,0x00,0x00,0x00,0x00,0x00,0x00,
N      0x00,0x00,0x00,0x00,0x00,0x00,0x00,0x00,
N      0x00,0x00,0x00,0x00,0x00,0x00,0x00,0x00,
N
N0xC1,0xC6,			0x00,0x00,0x00,0x00,0x00,0x00,0x00,0x00,//"疗"
N      0x00,0x00,0x00,0x00,0x00,0x00,0x00,0x00,
N      0x00,0x00,0x00,0x00,0x00,0x00,0x00,0x00,
N      0x00,0x00,0x00,0x00,0x00,0x00,0x00,0x00,
N      0x00,0x00,0x00,0x00,0x00,0x00,0x00,0x00,
N      0x00,0x00,0x00,0x00,0x00,0x00,0x00,0x00,
N      0x00,0x00,0x00,0x00,0x00,0x00,0x00,0x00,
N      0x00,0x00,0x00,0x00,0x00,0x00,0x00,0x00,
N      0x00,0x00,0x20,0x00,0x00,0x00,0x00,0x00,
N      0x00,0x00,0x00,0x00,0x00,0x00,0x38,0x00,
N      0x00,0x00,0x00,0x00,0x00,0x00,0x00,0x00,
N      0x00,0x00,0x1C,0x00,0x00,0x00,0x00,0x00,
N      0x00,0x00,0x00,0x00,0x00,0x00,0x1F,0x00,
N      0x00,0x00,0x00,0x00,0x00,0x00,0x00,0x00,
N      0x00,0x00,0x0F,0x80,0x00,0x00,0x00,0x00,
N      0x00,0x00,0x00,0x00,0x00,0x00,0x07,0xE0,
N      0x00,0x00,0x00,0x00,0x00,0x00,0x00,0x00,
N      0x00,0x00,0x07,0xF0,0x00,0x00,0x00,0x00,
N      0x00,0x00,0x00,0x00,0x00,0x00,0x03,0xF0,
N      0x00,0x00,0x00,0x00,0x00,0x00,0x00,0x00,
N      0x00,0x00,0x03,0xF8,0x00,0x00,0x00,0x00,
N      0x00,0x00,0x00,0x00,0x00,0x00,0x01,0xF8,
N      0x00,0x00,0x00,0x00,0x00,0x00,0x00,0x00,
N      0x00,0x00,0x01,0xF8,0x00,0x00,0x0C,0x00,
N      0x00,0x00,0x03,0x00,0x00,0x00,0x01,0xF8,
N      0x00,0x00,0x1E,0x00,0x00,0x00,0x03,0x80,
N      0x00,0x00,0x01,0xF0,0x00,0x00,0x3F,0x00,
N      0x00,0x00,0x03,0xE0,0x00,0x00,0x01,0xE0,
N      0x00,0x00,0x7F,0x80,0x00,0x00,0x03,0xFF,
N      0xFF,0xFF,0xFF,0xFF,0xFF,0xFF,0xFF,0xC0,
N      0x00,0x00,0x03,0xFF,0xFF,0xFF,0xFF,0xFF,
N      0xFF,0xFF,0xFF,0xE0,0x00,0x00,0x03,0xFF,
N      0xFF,0xFF,0xFF,0xFF,0xFF,0xFF,0xFF,0xF0,
N      0x00,0x00,0x03,0xF0,0x00,0x00,0x00,0x00,
N      0x00,0x00,0x00,0x00,0x00,0x00,0x03,0xF0,
N      0x00,0x00,0x00,0x00,0x00,0x00,0x00,0x00,
N      0x01,0x00,0x03,0xF0,0x00,0x00,0x00,0x00,
N      0x00,0x00,0x00,0x00,0x01,0xC0,0x03,0xF0,
N      0x00,0x00,0x00,0x00,0x00,0x00,0x00,0x00,
N      0x00,0xE0,0x03,0xF0,0x00,0x00,0x00,0x00,
N      0x00,0x00,0x00,0x00,0x00,0xF0,0x03,0xF0,
N      0x00,0x00,0x00,0x00,0x00,0x00,0x00,0x00,
N      0x00,0x78,0x03,0xF0,0x00,0x00,0x00,0x00,
N      0x00,0x00,0x00,0x00,0x00,0x7C,0x03,0xF0,
N      0x00,0x00,0x00,0x00,0x00,0x00,0x00,0x00,
N      0x00,0x3E,0x03,0xF0,0x00,0x00,0x00,0x00,
N      0x00,0x00,0x00,0x00,0x00,0x3F,0x03,0xF0,
N      0x00,0x00,0x00,0x00,0x00,0x06,0x00,0x00,
N      0x00,0x3F,0x83,0xF0,0x00,0x00,0x00,0x00,
N      0x00,0x0F,0x00,0x00,0x00,0x3F,0x83,0xF0,
N      0x00,0x00,0x00,0x00,0x00,0x1F,0x80,0x00,
N      0x00,0x1F,0x83,0xF0,0x7F,0xFF,0xFF,0xFF,
N      0xFF,0xFF,0xC0,0x00,0x00,0x1F,0x83,0xF0,
N      0x3F,0xFF,0xFF,0xFF,0xFF,0xFF,0xC0,0x00,
N      0x00,0x1F,0x83,0xF0,0x1F,0xFF,0xFF,0xFF,
N      0xFF,0xFF,0xE0,0x00,0x00,0x1F,0x83,0xF0,
N      0x00,0x00,0x00,0x00,0x00,0x7F,0xF0,0x00,
N      0x00,0x1F,0x03,0xF0,0x00,0x00,0x00,0x00,
N      0x01,0xFF,0x00,0x00,0x00,0x0E,0x03,0xF0,
N      0x00,0x00,0x00,0x00,0x03,0xF8,0x00,0x00,
N      0x00,0x0C,0x03,0xF0,0x00,0x00,0x00,0x00,
N      0x07,0xE0,0x00,0x00,0x00,0x00,0x03,0xF0,
N      0x00,0x00,0x00,0x00,0x1F,0x80,0x00,0x00,
N      0x00,0x00,0x03,0xF0,0x00,0x00,0x00,0x00,
N      0x3E,0x00,0x00,0x00,0x00,0x00,0x03,0xF0,
N      0x00,0x00,0x00,0x00,0x78,0x00,0x00,0x00,
N      0x00,0x00,0x03,0xF0,0x00,0x00,0x00,0x01,
N      0xF0,0x00,0x00,0x00,0x00,0x00,0x03,0xF0,
N      0x00,0x00,0x00,0x03,0xC0,0x00,0x00,0x00,
N      0x00,0x00,0x07,0xF0,0x00,0x00,0x00,0x67,
N      0x00,0x00,0x00,0x00,0x00,0x00,0x0F,0xF0,
N      0x00,0x00,0x00,0x7E,0x00,0x00,0x00,0x00,
N      0x00,0x00,0x3F,0xF0,0x00,0x00,0x00,0x7C,
N      0x00,0x00,0x00,0x00,0x00,0x00,0xFB,0xF0,
N      0x00,0x00,0x00,0x7E,0x00,0x00,0x00,0x00,
N      0x00,0x03,0xE3,0xE0,0x00,0x00,0x00,0x7F,
N      0x80,0x00,0x00,0x00,0x00,0x0F,0xC3,0xE0,
N      0x00,0x00,0x00,0x7F,0x00,0x00,0x00,0x00,
N      0x00,0x3F,0x83,0xE0,0x00,0x00,0x00,0x7C,
N      0x00,0x00,0x00,0x00,0x00,0xFE,0x03,0xE0,
N      0x00,0x00,0x00,0x7C,0x00,0x00,0x00,0x00,
N      0x03,0xFC,0x03,0xE0,0x00,0x00,0x00,0x7C,
N      0x00,0x00,0x00,0x00,0x0F,0xF8,0x03,0xE0,
N      0x00,0x00,0x00,0x7C,0x00,0x00,0x00,0x00,
N      0x0F,0xF0,0x03,0xE0,0x00,0x00,0x00,0x7C,
N      0x00,0x00,0x00,0x00,0x07,0xE0,0x03,0xE0,
N      0x00,0x00,0x00,0x7C,0x00,0x00,0x00,0x00,
N      0x03,0xC0,0x03,0xE0,0x00,0x00,0x00,0x7C,
N      0x00,0x00,0x00,0x00,0x03,0x80,0x03,0xE0,
N      0x00,0x00,0x00,0x7C,0x00,0x00,0x00,0x00,
N      0x01,0x00,0x07,0xE0,0x00,0x00,0x00,0x7C,
N      0x00,0x00,0x00,0x00,0x00,0x00,0x07,0xC0,
N      0x00,0x00,0x00,0x7C,0x00,0x00,0x00,0x00,
N      0x00,0x00,0x07,0xC0,0x00,0x00,0x00,0x7C,
N      0x00,0x00,0x00,0x00,0x00,0x00,0x07,0xC0,
N      0x00,0x00,0x00,0x7C,0x00,0x00,0x00,0x00,
N      0x00,0x00,0x07,0xC0,0x00,0x00,0x00,0x7C,
N      0x00,0x00,0x00,0x00,0x00,0x00,0x0F,0x80,
N      0x00,0x00,0x00,0x7C,0x00,0x00,0x00,0x00,
N      0x00,0x00,0x0F,0x80,0x00,0x00,0x00,0x7C,
N      0x00,0x00,0x00,0x00,0x00,0x00,0x0F,0x80,
N      0x00,0x00,0x00,0x7C,0x00,0x00,0x00,0x00,
N      0x00,0x00,0x0F,0x80,0x00,0x00,0x00,0x7C,
N      0x00,0x00,0x00,0x00,0x00,0x00,0x1F,0x00,
N      0x00,0x00,0x00,0x7C,0x00,0x00,0x00,0x00,
N      0x00,0x00,0x1F,0x00,0x00,0x00,0x00,0x7C,
N      0x00,0x00,0x00,0x00,0x00,0x00,0x1E,0x00,
N      0x00,0x00,0x00,0x7C,0x00,0x00,0x00,0x00,
N      0x00,0x00,0x3E,0x00,0x00,0x00,0x00,0x7C,
N      0x00,0x00,0x00,0x00,0x00,0x00,0x3E,0x00,
N      0x00,0x00,0x00,0x7C,0x00,0x00,0x00,0x00,
N      0x00,0x00,0x7C,0x00,0x00,0x00,0x00,0x7C,
N      0x00,0x00,0x00,0x00,0x00,0x00,0x78,0x00,
N      0x00,0x00,0x00,0x7C,0x00,0x00,0x00,0x00,
N      0x00,0x00,0xF8,0x00,0x00,0x00,0x00,0x7C,
N      0x00,0x00,0x00,0x00,0x00,0x00,0xF0,0x00,
N      0x00,0x00,0x00,0x7C,0x00,0x00,0x00,0x00,
N      0x00,0x01,0xF0,0x00,0x00,0x00,0x00,0x7C,
N      0x00,0x00,0x00,0x00,0x00,0x01,0xE0,0x00,
N      0x00,0x00,0x00,0x7C,0x00,0x00,0x00,0x00,
N      0x00,0x03,0xC0,0x00,0x00,0x00,0x00,0x7C,
N      0x00,0x00,0x00,0x00,0x00,0x07,0xC0,0x00,
N      0x00,0x3E,0x00,0xFC,0x00,0x00,0x00,0x00,
N      0x00,0x07,0x80,0x00,0x00,0x3F,0xFF,0xFC,
N      0x00,0x00,0x00,0x00,0x00,0x0F,0x00,0x00,
N      0x00,0x07,0xFF,0xFC,0x00,0x00,0x00,0x00,
N      0x00,0x1E,0x00,0x00,0x00,0x00,0xFF,0xF8,
N      0x00,0x00,0x00,0x00,0x00,0x1C,0x00,0x00,
N      0x00,0x00,0x3F,0xF8,0x00,0x00,0x00,0x00,
N      0x00,0x38,0x00,0x00,0x00,0x00,0x1F,0xF8,
N      0x00,0x00,0x00,0x00,0x00,0x70,0x00,0x00,
N      0x00,0x00,0x0F,0xF0,0x00,0x00,0x00,0x00,
N      0x00,0xE0,0x00,0x00,0x00,0x00,0x07,0xE0,
N      0x00,0x00,0x00,0x00,0x00,0xC0,0x00,0x00,
N      0x00,0x00,0x03,0xC0,0x00,0x00,0x00,0x00,
N      0x01,0x80,0x00,0x00,0x00,0x00,0x03,0x00,
N      0x00,0x00,0x00,0x00,0x03,0x00,0x00,0x00,
N      0x00,0x00,0x00,0x00,0x00,0x00,0x00,0x00,
N      0x00,0x00,0x00,0x00,0x00,0x00,0x00,0x00,
N      0x00,0x00,0x00,0x00,0x00,0x00,0x00,0x00,
N      0x00,0x00,0x00,0x00,0x00,0x00,0x00,0x00,
N      0x00,0x00,0x00,0x00,0x00,0x00,0x00,0x00,
N      0x00,0x00,0x00,0x00,0x00,0x00,0x00,0x00,
N      0x00,0x00,0x00,0x00,0x00,0x00,0x00,0x00,
N
N
N/* 最后一行必须用0xFF,0xFF结束，这是字库数组结束标志 */
N0xFF,0xFF
N
N};
